
./debug/main.o:     file format elf32-littlearm


Disassembly of section .data:

00000000 <scb_cpacr>:
#include "button.h"
#endif

#define SCB_CPACR_CP10_CP11_EN	0xF00000

volatile uint32_t *scb_cpacr = (volatile uint32_t *)0xE000ED88;
   0:	e000ed88 	and	lr, r0, r8, lsl #27

Disassembly of section .text.start_of_heap_get:

00000000 <start_of_heap_get>:

unsigned long start_of_heap_get(void){
   0:	b480      	push	{r7}
   2:	af00      	add	r7, sp, #0
	extern char _sheap; /* Defined by the linker */
	return (unsigned long)&_sheap;
   4:	4b02      	ldr	r3, [pc, #8]	; (10 <start_of_heap_get+0x10>)
}
   6:	4618      	mov	r0, r3
   8:	46bd      	mov	sp, r7
   a:	f85d 7b04 	ldr.w	r7, [sp], #4
   e:	4770      	bx	lr
  10:	00000000 	andeq	r0, r0, r0

Disassembly of section .rodata:

00000000 <.rodata>:
   0:	20656854 	rsbcs	r6, r5, r4, asr r8
   4:	72617473 	rsbvc	r7, r1, #1929379840	; 0x73000000
   8:	666f2074 			; <UNDEFINED> instruction: 0x666f2074
   c:	65687420 	strbvs	r7, [r8, #-1056]!	; 0xfffffbe0
  10:	41454820 	cmpmi	r5, r0, lsr #16
  14:	65732050 	ldrbvs	r2, [r3, #-80]!	; 0xffffffb0
  18:	6e656d67 	cdpvs	13, 6, cr6, cr5, cr7, {3}
  1c:	30203a74 	eorcc	r3, r0, r4, ror sl
  20:	38302578 	ldmdacc	r0!, {r3, r4, r5, r6, r8, sl, sp}
  24:	00000a58 	andeq	r0, r0, r8, asr sl
  28:	7964200a 	stmdbvc	r4!, {r1, r3, sp}^
  2c:	696d616e 	stmdbvs	sp!, {r1, r2, r3, r5, r6, r8, sp, lr}^
  30:	72615f63 	rsbvc	r5, r1, #396	; 0x18c
  34:	5b315f72 	blpl	c57e04 <scb_cpacr+0xc57e04>
  38:	3d205d20 	stccc	13, cr5, [r0, #-128]!	; 0xffffff80
  3c:	000a7b20 	andeq	r7, sl, r0, lsr #22
  40:	30257830 	eorcc	r7, r5, r0, lsr r8
  44:	000a5838 	andeq	r5, sl, r8, lsr r8
  48:	00000a7d 	andeq	r0, r0, sp, ror sl
  4c:	7964200a 	stmdbvc	r4!, {r1, r3, sp}^
  50:	696d616e 	stmdbvs	sp!, {r1, r2, r3, r5, r6, r8, sp, lr}^
  54:	72615f63 	rsbvc	r5, r1, #396	; 0x18c
  58:	5b325f72 	blpl	c97e28 <scb_cpacr+0xc97e28>
  5c:	3d205d20 	stccc	13, cr5, [r0, #-128]!	; 0xffffff80
  60:	000a7b20 	andeq	r7, sl, r0, lsr #22
  64:	30257830 	eorcc	r7, r5, r0, lsr r8
  68:	000a5834 	andeq	r5, sl, r4, lsr r8
  6c:	7964200a 	stmdbvc	r4!, {r1, r3, sp}^
  70:	696d616e 	stmdbvs	sp!, {r1, r2, r3, r5, r6, r8, sp, lr}^
  74:	72615f63 	rsbvc	r5, r1, #396	; 0x18c
  78:	5b335f72 	blpl	cd7e48 <scb_cpacr+0xcd7e48>
  7c:	3d205d20 	stccc	13, cr5, [r0, #-128]!	; 0xffffff80
  80:	000a7b20 	andeq	r7, sl, r0, lsr #22
  84:	30257830 	eorcc	r7, r5, r0, lsr r8
  88:	000a5832 	andeq	r5, sl, r2, lsr r8
  8c:	11111111 	tstne	r1, r1, lsl r1
  90:	22222222 	eorcs	r2, r2, #536870914	; 0x20000002
  94:	33333333 	teqcc	r3, #-872415232	; 0xcc000000
  98:	44444444 	strbmi	r4, [r4], #-1092	; 0xfffffbbc
  9c:	55555555 	ldrbpl	r5, [r5, #-1365]	; 0xfffffaab
  a0:	66666666 	strbtvs	r6, [r6], -r6, ror #12
  a4:	77777777 			; <UNDEFINED> instruction: 0x77777777
  a8:	88888888 	stmhi	r8, {r3, r7, fp, pc}
  ac:	99999999 	ldmibls	r9, {r0, r3, r4, r7, r8, fp, ip, pc}
  b0:	aaaaaaaa 	bge	feaaab60 <scb_cpacr+0xfeaaab60>
  b4:	dedebaba 			; <UNDEFINED> instruction: 0xdedebaba
  b8:	fefecece 	cdp2	14, 15, cr12, cr14, cr14, {6}
  bc:	efbeadde 	svc	0x00beadde

Disassembly of section .text.main:

00000000 <main>:
 * then outputs a message over the UART and
 * starts blinking a diode.
 *
 * \return None.
 */
int main(void){
   0:	b5b0      	push	{r4, r5, r7, lr}
   2:	b092      	sub	sp, #72	; 0x48
   4:	af00      	add	r7, sp, #0
	const uint32_t static_arr_1[10] = {0x11111111, 0x22222222, 0x33333333, 0x44444444, 0x55555555, 0x66666666, 0x77777777, 0x88888888, 0x99999999, 0xaaaaaaaa};
   6:	4b73      	ldr	r3, [pc, #460]	; (1d4 <main+0x1d4>)
   8:	f107 0414 	add.w	r4, r7, #20
   c:	461d      	mov	r5, r3
   e:	cd0f      	ldmia	r5!, {r0, r1, r2, r3}
  10:	c40f      	stmia	r4!, {r0, r1, r2, r3}
  12:	cd0f      	ldmia	r5!, {r0, r1, r2, r3}
  14:	c40f      	stmia	r4!, {r0, r1, r2, r3}
  16:	e895 0003 	ldmia.w	r5, {r0, r1}
  1a:	e884 0003 	stmia.w	r4, {r0, r1}
	const uint16_t static_arr_2[4] = {0xbaba, 0xdede, 0xcece, 0xfefe};
  1e:	4a6e      	ldr	r2, [pc, #440]	; (1d8 <main+0x1d8>)
  20:	f107 030c 	add.w	r3, r7, #12
  24:	e892 0003 	ldmia.w	r2, {r0, r1}
  28:	e883 0003 	stmia.w	r3, {r0, r1}
	const uint8_t static_arr_3[4] = {0xde, 0xad, 0xbe, 0xef};
  2c:	4b6b      	ldr	r3, [pc, #428]	; (1dc <main+0x1dc>)
  2e:	681b      	ldr	r3, [r3, #0]
  30:	60bb      	str	r3, [r7, #8]
	uint32_t *dynamic_arr_1;
	uint16_t *dynamic_arr_2;
	uint8_t *dynamic_arr_3;
	volatile int i;

	*scb_cpacr |= SCB_CPACR_CP10_CP11_EN; //Enable ARM's FPU
  32:	4b6b      	ldr	r3, [pc, #428]	; (1e0 <main+0x1e0>)
  34:	681b      	ldr	r3, [r3, #0]
  36:	681a      	ldr	r2, [r3, #0]
  38:	4b69      	ldr	r3, [pc, #420]	; (1e0 <main+0x1e0>)
  3a:	681b      	ldr	r3, [r3, #0]
  3c:	f442 0270 	orr.w	r2, r2, #15728640	; 0xf00000
  40:	601a      	str	r2, [r3, #0]

	led_init();
  42:	f7ff fffe 	bl	0 <led_init>
	uart_init(CONFIG_UART_BAUD_RATE);
  46:	f44f 5016 	mov.w	r0, #9600	; 0x2580
  4a:	f7ff fffe 	bl	0 <uart_init>
#ifdef CONFIG_BUTTON_ENABLED
	button_init();
  4e:	f7ff fffe 	bl	0 <button_init>
#endif

	printf("The start of the HEAP segment: 0x%08X\n", start_of_heap_get());
  52:	f7ff fffe 	bl	0 <main>
  56:	4603      	mov	r3, r0
  58:	4619      	mov	r1, r3
  5a:	4862      	ldr	r0, [pc, #392]	; (1e4 <main+0x1e4>)
  5c:	f7ff fffe 	bl	0 <printf_>

	dynamic_arr_1 = (uint32_t *)malloc(sizeof(uint32_t)*10);
  60:	2028      	movs	r0, #40	; 0x28
  62:	f7ff fffe 	bl	0 <malloc>
  66:	4603      	mov	r3, r0
  68:	647b      	str	r3, [r7, #68]	; 0x44

	for(i = 0; i < 10; i++){
  6a:	2300      	movs	r3, #0
  6c:	607b      	str	r3, [r7, #4]
  6e:	e00e      	b.n	8e <main+0x8e>
		dynamic_arr_1[i] = static_arr_1[i];
  70:	687b      	ldr	r3, [r7, #4]
  72:	687a      	ldr	r2, [r7, #4]
  74:	0092      	lsls	r2, r2, #2
  76:	6c79      	ldr	r1, [r7, #68]	; 0x44
  78:	440a      	add	r2, r1
  7a:	009b      	lsls	r3, r3, #2
  7c:	f107 0148 	add.w	r1, r7, #72	; 0x48
  80:	440b      	add	r3, r1
  82:	f853 3c34 	ldr.w	r3, [r3, #-52]
  86:	6013      	str	r3, [r2, #0]
	for(i = 0; i < 10; i++){
  88:	687b      	ldr	r3, [r7, #4]
  8a:	3301      	adds	r3, #1
  8c:	607b      	str	r3, [r7, #4]
  8e:	687b      	ldr	r3, [r7, #4]
  90:	2b09      	cmp	r3, #9
  92:	dded      	ble.n	70 <main+0x70>
	}

	dynamic_arr_2 = (uint16_t *)malloc(sizeof(uint16_t)*4);
  94:	2008      	movs	r0, #8
  96:	f7ff fffe 	bl	0 <malloc>
  9a:	4603      	mov	r3, r0
  9c:	643b      	str	r3, [r7, #64]	; 0x40

	for(i = 0; i < 4; i++){
  9e:	2300      	movs	r3, #0
  a0:	607b      	str	r3, [r7, #4]
  a2:	e00e      	b.n	c2 <main+0xc2>
		dynamic_arr_2[i] = static_arr_2[i];
  a4:	687b      	ldr	r3, [r7, #4]
  a6:	687a      	ldr	r2, [r7, #4]
  a8:	0052      	lsls	r2, r2, #1
  aa:	6c39      	ldr	r1, [r7, #64]	; 0x40
  ac:	440a      	add	r2, r1
  ae:	005b      	lsls	r3, r3, #1
  b0:	f107 0148 	add.w	r1, r7, #72	; 0x48
  b4:	440b      	add	r3, r1
  b6:	f833 3c3c 	ldrh.w	r3, [r3, #-60]
  ba:	8013      	strh	r3, [r2, #0]
	for(i = 0; i < 4; i++){
  bc:	687b      	ldr	r3, [r7, #4]
  be:	3301      	adds	r3, #1
  c0:	607b      	str	r3, [r7, #4]
  c2:	687b      	ldr	r3, [r7, #4]
  c4:	2b03      	cmp	r3, #3
  c6:	dded      	ble.n	a4 <main+0xa4>
	}

	printf("\n dynamic_arr_1[ ] = {\n");
  c8:	4847      	ldr	r0, [pc, #284]	; (1e8 <main+0x1e8>)
  ca:	f7ff fffe 	bl	0 <printf_>
	for(i = 0; i < 10; i++){
  ce:	2300      	movs	r3, #0
  d0:	607b      	str	r3, [r7, #4]
  d2:	e00b      	b.n	ec <main+0xec>
		printf("0x%08X\n", dynamic_arr_1[i]);
  d4:	687b      	ldr	r3, [r7, #4]
  d6:	009b      	lsls	r3, r3, #2
  d8:	6c7a      	ldr	r2, [r7, #68]	; 0x44
  da:	4413      	add	r3, r2
  dc:	681b      	ldr	r3, [r3, #0]
  de:	4619      	mov	r1, r3
  e0:	4842      	ldr	r0, [pc, #264]	; (1ec <main+0x1ec>)
  e2:	f7ff fffe 	bl	0 <printf_>
	for(i = 0; i < 10; i++){
  e6:	687b      	ldr	r3, [r7, #4]
  e8:	3301      	adds	r3, #1
  ea:	607b      	str	r3, [r7, #4]
  ec:	687b      	ldr	r3, [r7, #4]
  ee:	2b09      	cmp	r3, #9
  f0:	ddf0      	ble.n	d4 <main+0xd4>
	}
	printf("}\n");
  f2:	483f      	ldr	r0, [pc, #252]	; (1f0 <main+0x1f0>)
  f4:	f7ff fffe 	bl	0 <printf_>

	printf("\n dynamic_arr_2[ ] = {\n");
  f8:	483e      	ldr	r0, [pc, #248]	; (fc <printf_+0xfc>)
  fa:	f7ff fffe 	bl	0 <printf_>
	for(i = 0; i < 4; i++){
  fe:	2300      	movs	r3, #0
 100:	607b      	str	r3, [r7, #4]
 102:	e00b      	b.n	11c <main+0x11c>
		printf("0x%04X\n", dynamic_arr_2[i]);
 104:	687b      	ldr	r3, [r7, #4]
 106:	005b      	lsls	r3, r3, #1
 108:	6c3a      	ldr	r2, [r7, #64]	; 0x40
 10a:	4413      	add	r3, r2
 10c:	881b      	ldrh	r3, [r3, #0]
 10e:	4619      	mov	r1, r3
 110:	4839      	ldr	r0, [pc, #228]	; (1f8 <main+0x1f8>)
 112:	f7ff fffe 	bl	0 <printf_>
	for(i = 0; i < 4; i++){
 116:	687b      	ldr	r3, [r7, #4]
 118:	3301      	adds	r3, #1
 11a:	607b      	str	r3, [r7, #4]
 11c:	687b      	ldr	r3, [r7, #4]
 11e:	2b03      	cmp	r3, #3
 120:	ddf0      	ble.n	104 <main+0x104>
	}
	printf("}\n");
 122:	4833      	ldr	r0, [pc, #204]	; (1f0 <main+0x1f0>)
 124:	f7ff fffe 	bl	0 <printf_>

	free(dynamic_arr_1);
 128:	6c78      	ldr	r0, [r7, #68]	; 0x44
 12a:	f7ff fffe 	bl	0 <free>

	dynamic_arr_3 = (uint8_t *)malloc(sizeof(uint16_t)*4);
 12e:	2008      	movs	r0, #8
 130:	f7ff fffe 	bl	0 <malloc>
 134:	4603      	mov	r3, r0
 136:	63fb      	str	r3, [r7, #60]	; 0x3c

	for(i = 0; i < 4; i++){
 138:	2300      	movs	r3, #0
 13a:	607b      	str	r3, [r7, #4]
 13c:	e00d      	b.n	15a <main+0x15a>
		dynamic_arr_3[i] = static_arr_3[i];
 13e:	687a      	ldr	r2, [r7, #4]
 140:	687b      	ldr	r3, [r7, #4]
 142:	4619      	mov	r1, r3
 144:	6bfb      	ldr	r3, [r7, #60]	; 0x3c
 146:	440b      	add	r3, r1
 148:	f107 0148 	add.w	r1, r7, #72	; 0x48
 14c:	440a      	add	r2, r1
 14e:	f812 2c40 	ldrb.w	r2, [r2, #-64]
 152:	701a      	strb	r2, [r3, #0]
	for(i = 0; i < 4; i++){
 154:	687b      	ldr	r3, [r7, #4]
 156:	3301      	adds	r3, #1
 158:	607b      	str	r3, [r7, #4]
 15a:	687b      	ldr	r3, [r7, #4]
 15c:	2b03      	cmp	r3, #3
 15e:	ddee      	ble.n	13e <main+0x13e>
	}

	printf("\n dynamic_arr_3[ ] = {\n");
 160:	4826      	ldr	r0, [pc, #152]	; (1fc <main+0x1fc>)
 162:	f7ff fffe 	bl	0 <printf_>
	for(i = 0; i < 4; i++){
 166:	2300      	movs	r3, #0
 168:	607b      	str	r3, [r7, #4]
 16a:	e00b      	b.n	184 <main+0x184>
		printf("0x%02X\n", dynamic_arr_3[i]);
 16c:	687b      	ldr	r3, [r7, #4]
 16e:	461a      	mov	r2, r3
 170:	6bfb      	ldr	r3, [r7, #60]	; 0x3c
 172:	4413      	add	r3, r2
 174:	781b      	ldrb	r3, [r3, #0]
 176:	4619      	mov	r1, r3
 178:	4821      	ldr	r0, [pc, #132]	; (200 <main+0x200>)
 17a:	f7ff fffe 	bl	0 <printf_>
	for(i = 0; i < 4; i++){
 17e:	687b      	ldr	r3, [r7, #4]
 180:	3301      	adds	r3, #1
 182:	607b      	str	r3, [r7, #4]
 184:	687b      	ldr	r3, [r7, #4]
 186:	2b03      	cmp	r3, #3
 188:	ddf0      	ble.n	16c <main+0x16c>
	}
	printf("}\n");
 18a:	4819      	ldr	r0, [pc, #100]	; (1f0 <main+0x1f0>)
 18c:	f7ff fffe 	bl	0 <printf_>

	free(dynamic_arr_2);
 190:	6c38      	ldr	r0, [r7, #64]	; 0x40
 192:	f7ff fffe 	bl	0 <free>
	free(dynamic_arr_3);
 196:	6bf8      	ldr	r0, [r7, #60]	; 0x3c
 198:	f7ff fffe 	bl	0 <free>

	while (1){
		led_set();
 19c:	f7ff fffe 	bl	0 <led_set>
		for(i = 0; i < 50000; i++){ }
 1a0:	2300      	movs	r3, #0
 1a2:	607b      	str	r3, [r7, #4]
 1a4:	e002      	b.n	1ac <main+0x1ac>
 1a6:	687b      	ldr	r3, [r7, #4]
 1a8:	3301      	adds	r3, #1
 1aa:	607b      	str	r3, [r7, #4]
 1ac:	687b      	ldr	r3, [r7, #4]
 1ae:	f24c 324f 	movw	r2, #49999	; 0xc34f
 1b2:	4293      	cmp	r3, r2
 1b4:	ddf7      	ble.n	1a6 <main+0x1a6>
		led_clear();
 1b6:	f7ff fffe 	bl	0 <led_clear>
		for(i = 0; i < 50000; i++){ }
 1ba:	2300      	movs	r3, #0
 1bc:	607b      	str	r3, [r7, #4]
 1be:	e002      	b.n	1c6 <main+0x1c6>
 1c0:	687b      	ldr	r3, [r7, #4]
 1c2:	3301      	adds	r3, #1
 1c4:	607b      	str	r3, [r7, #4]
 1c6:	687b      	ldr	r3, [r7, #4]
 1c8:	f24c 324f 	movw	r2, #49999	; 0xc34f
 1cc:	4293      	cmp	r3, r2
 1ce:	ddf7      	ble.n	1c0 <main+0x1c0>
		led_set();
 1d0:	e7e4      	b.n	19c <main+0x19c>
 1d2:	bf00      	nop
 1d4:	0000008c 	andeq	r0, r0, ip, lsl #1
 1d8:	000000b4 	strheq	r0, [r0], -r4
 1dc:	000000bc 	strheq	r0, [r0], -ip
	...
 1e8:	00000028 	andeq	r0, r0, r8, lsr #32
 1ec:	00000040 	andeq	r0, r0, r0, asr #32
 1f0:	00000048 	andeq	r0, r0, r8, asr #32
 1f4:	0000004c 	andeq	r0, r0, ip, asr #32
 1f8:	00000064 	andeq	r0, r0, r4, rrx
 1fc:	0000006c 	andeq	r0, r0, ip, rrx
 200:	00000084 	andeq	r0, r0, r4, lsl #1

Disassembly of section .debug_info:

00000000 <.debug_info>:
   0:	00000a90 	muleq	r0, r0, sl
unsigned long start_of_heap_get(void){
   4:	00000004 	andeq	r0, r0, r4
	return (unsigned long)&_sheap;
   8:	01040000 	mrseq	r0, (UNDEF: 4)
}
   c:	000000c5 	andeq	r0, r0, r5, asr #1
  10:	0003330c 	andeq	r3, r3, ip, lsl #6
  14:	00006300 	andeq	r6, r0, r0, lsl #6
	...
  24:	07040200 	streq	r0, [r4, -r0, lsl #4]
  28:	000002a5 	andeq	r0, r0, r5, lsr #5
  2c:	69050403 	stmdbvs	r5, {r0, r1, sl}
  30:	0400746e 	streq	r7, [r0], #-1134	; 0xfffffb92
  34:	0000002c 	andeq	r0, r0, ip, lsr #32
  38:	86050802 	strhi	r0, [r5], -r2, lsl #16
  3c:	02000001 	andeq	r0, r0, #1
  40:	036b0408 	cmneq	fp, #8, 8	; 0x8000000
  44:	01020000 	mrseq	r0, (UNDEF: 2)
  48:	00019406 	andeq	r9, r1, r6, lsl #8
  4c:	00250500 	eoreq	r0, r5, r0, lsl #10
  50:	2b020000 	blcs	80058 <scb_cpacr+0x80058>
  54:	00005918 	andeq	r5, r0, r8, lsl r9
  58:	08010200 	stmdaeq	r1, {r9}
  5c:	000003e3 	andeq	r0, r0, r3, ror #7
  60:	0d050202 	sfmeq	f0, 4, [r5, #-8]
  64:	05000004 	streq	r0, [r0, #-4]
  68:	000004f9 	strdeq	r0, [r0], -r9
  6c:	73193902 	tstvc	r9, #32768	; 0x8000
  70:	02000000 	andeq	r0, r0, #0
  74:	02e80702 	rsceq	r0, r8, #524288	; 0x80000
  78:	04020000 	streq	r0, [r2], #-0
  7c:	0001d905 	andeq	sp, r1, r5, lsl #18
  80:	02500500 	subseq	r0, r0, #0, 10
  84:	4f020000 	svcmi	0x00020000
  88:	00008d19 	andeq	r8, r0, r9, lsl sp
  8c:	07040200 	streq	r0, [r4, -r0, lsl #4]
  90:	000002c9 	andeq	r0, r0, r9, asr #5
  94:	a5070802 	strge	r0, [r7, #-2050]	; 0xfffff7fe
  98:	05000000 	streq	r0, [r0, #-0]
  9c:	0000032b 	andeq	r0, r0, fp, lsr #6
  a0:	a7192203 	ldrge	r2, [r9, -r3, lsl #4]
  a4:	06000000 	streq	r0, [r0], -r0
  a8:	0000ad04 	andeq	sl, r0, r4, lsl #26
  ac:	04bb0700 	ldrteq	r0, [fp], #1792	; 0x700
  b0:	b6050000 	strlt	r0, [r5], -r0
  b4:	04000003 	streq	r0, [r0], #-3
  b8:	007a0e2c 	rsbseq	r0, sl, ip, lsr #28
  bc:	dc050000 	stcle	0, cr0, [r5], {-0}
  c0:	04000004 	streq	r0, [r0], #-4
  c4:	007a0e72 	rsbseq	r0, sl, r2, ror lr
  c8:	3a080000 	bcc	200008 <scb_cpacr+0x200008>
  cc:	05000003 	streq	r0, [r0, #-3]
  d0:	25170165 	ldrcs	r0, [r7, #-357]	; 0xfffffe9b
  d4:	09000000 	stmdbeq	r0, {}	; <UNPREDICTABLE>
int main(void){
  d8:	03a60404 			; <UNDEFINED> instruction: 0x03a60404
  dc:	000000f9 	strdeq	r0, [r0], -r9
	const uint32_t static_arr_1[10] = {0x11111111, 0x22222222, 0x33333333, 0x44444444, 0x55555555, 0x66666666, 0x77777777, 0x88888888, 0x99999999, 0xaaaaaaaa};
  e0:	0003250a 	andeq	r2, r3, sl, lsl #10
  e4:	0ca80400 	cfstrseq	mvf0, [r8]
  e8:	000000ca 	andeq	r0, r0, sl, asr #1
  ec:	0002b20a 	andeq	fp, r2, sl, lsl #4
  f0:	13a90400 			; <UNDEFINED> instruction: 0x13a90400
  f4:	000000f9 	strdeq	r0, [r0], -r9
	const uint16_t static_arr_2[4] = {0xbaba, 0xdede, 0xcece, 0xfefe};
  f8:	00590b00 	subseq	r0, r9, r0, lsl #22
  fc:	01090000 	mrseq	r0, (UNDEF: 9)
 100:	250c0000 	strcs	r0, [ip, #-0]
	const uint8_t static_arr_3[4] = {0xde, 0xad, 0xbe, 0xef};
 104:	03000000 	movweq	r0, #0
 108:	04080d00 	streq	r0, [r8], #-3328	; 0xfffff300
	*scb_cpacr |= SCB_CPACR_CP10_CP11_EN; //Enable ARM's FPU
 10c:	012d09a3 	smulwbeq	sp, r3, r9
 110:	b30e0000 	movwlt	r0, #57344	; 0xe000
 114:	04000004 	streq	r0, [r0], #-4
 118:	002c07a5 	eoreq	r0, ip, r5, lsr #15
	led_init();
 11c:	0e000000 	cdpeq	0, 0, cr0, cr0, cr0, {0}
	uart_init(CONFIG_UART_BAUD_RATE);
 120:	000004c2 	andeq	r0, r0, r2, asr #9
 124:	d705aa04 	strle	sl, [r5, -r4, lsl #20]
	button_init();
 128:	04000000 	streq	r0, [r0], #-0
	printf("The start of the HEAP segment: 0x%08X\n", start_of_heap_get());
 12c:	04350500 	ldrteq	r0, [r5], #-1280	; 0xfffffb00
 130:	ab040000 	blge	100138 <scb_cpacr+0x100138>
 134:	00010903 	andeq	r0, r1, r3, lsl #18
	dynamic_arr_1 = (uint32_t *)malloc(sizeof(uint32_t)*10);
 138:	02610500 	rsbeq	r0, r1, #0, 10
 13c:	af040000 	svcge	0x00040000
 140:	00009b1b 	andeq	r9, r0, fp, lsl fp
	for(i = 0; i < 10; i++){
 144:	06040f00 	streq	r0, [r4], -r0, lsl #30
		dynamic_arr_1[i] = static_arr_1[i];
 148:	00014d04 	andeq	r4, r1, r4, lsl #26
 14c:	08010200 	stmdaeq	r1, {r9}
 150:	000004eb 	andeq	r0, r0, fp, ror #9
 154:	00014d10 	andeq	r4, r1, r0, lsl sp
 158:	055a0500 	ldrbeq	r0, [sl, #-1280]	; 0xfffffb00
 15c:	16060000 	strne	r0, [r6], -r0
	for(i = 0; i < 10; i++){
 160:	00008d19 	andeq	r8, r0, r9, lsl sp
 164:	02721100 	rsbseq	r1, r2, #0, 2
 168:	06180000 	ldreq	r0, [r8], -r0
	dynamic_arr_2 = (uint16_t *)malloc(sizeof(uint16_t)*4);
 16c:	01bf082f 			; <UNDEFINED> instruction: 0x01bf082f
 170:	120e0000 	andne	r0, lr, #0
 174:	06000005 	streq	r0, [r0], -r5
	for(i = 0; i < 4; i++){
 178:	01bf1331 			; <UNDEFINED> instruction: 0x01bf1331
		dynamic_arr_2[i] = static_arr_2[i];
 17c:	12000000 	andne	r0, r0, #0
 180:	06006b5f 			; <UNDEFINED> instruction: 0x06006b5f
 184:	002c0732 	eoreq	r0, ip, r2, lsr r7
 188:	0e040000 	cdpeq	0, 0, cr0, cr4, cr0, {0}
 18c:	0000049e 	muleq	r0, lr, r4
 190:	2c0b3206 	sfmcs	f3, 4, [fp], {6}
	for(i = 0; i < 4; i++){
 194:	08000000 	stmdaeq	r0, {}	; <UNPREDICTABLE>
 198:	00025b0e 	andeq	r5, r2, lr, lsl #22
 19c:	14320600 	ldrtne	r0, [r2], #-1536	; 0xfffffa00
	printf("\n dynamic_arr_1[ ] = {\n");
 1a0:	0000002c 	andeq	r0, r0, ip, lsr #32
 1a4:	05980e0c 	ldreq	r0, [r8, #3596]	; 0xe0c
	for(i = 0; i < 10; i++){
 1a8:	32060000 	andcc	r0, r6, #0
		printf("0x%08X\n", dynamic_arr_1[i]);
 1ac:	00002c1b 	andeq	r2, r0, fp, lsl ip
 1b0:	5f121000 	svcpl	0x00121000
 1b4:	33060078 	movwcc	r0, #24696	; 0x6078
 1b8:	0001c50b 	andeq	ip, r1, fp, lsl #10
 1bc:	06001400 	streq	r1, [r0], -r0, lsl #8
	for(i = 0; i < 10; i++){
 1c0:	00016504 	andeq	r6, r1, r4, lsl #10
 1c4:	01590b00 	cmpeq	r9, r0, lsl #22
 1c8:	01d50000 	bicseq	r0, r5, r0
	printf("}\n");
 1cc:	250c0000 	strcs	r0, [ip, #-0]
	printf("\n dynamic_arr_2[ ] = {\n");
 1d0:	00000000 	andeq	r0, r0, r0
 1d4:	02a01100 	adceq	r1, r0, #0, 2
	for(i = 0; i < 4; i++){
 1d8:	06240000 	strteq	r0, [r4], -r0
		printf("0x%04X\n", dynamic_arr_2[i]);
 1dc:	02580837 	subseq	r0, r8, #3604480	; 0x370000
 1e0:	7d0e0000 	stcvc	0, cr0, [lr, #-0]
 1e4:	06000001 	streq	r0, [r0], -r1
 1e8:	002c0939 	eoreq	r0, ip, r9, lsr r9
 1ec:	0e000000 	cdpeq	0, 0, cr0, cr0, cr0, {0}
	for(i = 0; i < 4; i++){
 1f0:	000004f0 	strdeq	r0, [r0], -r0	; <UNPREDICTABLE>
 1f4:	2c093a06 			; <UNDEFINED> instruction: 0x2c093a06
 1f8:	04000000 	streq	r0, [r0], #-0
	printf("}\n");
 1fc:	0001ac0e 	andeq	sl, r1, lr, lsl #24
	free(dynamic_arr_1);
 200:	093b0600 	ldmdbeq	fp!, {r9, sl}
 204:	0000002c 	andeq	r0, r0, ip, lsr #32
	dynamic_arr_3 = (uint8_t *)malloc(sizeof(uint16_t)*4);
 208:	06160e08 	ldreq	r0, [r6], -r8, lsl #28
 20c:	3c060000 	stccc	0, cr0, [r6], {-0}
	for(i = 0; i < 4; i++){
 210:	00002c09 	andeq	r2, r0, r9, lsl #24
 214:	900e0c00 	andls	r0, lr, r0, lsl #24
		dynamic_arr_3[i] = static_arr_3[i];
 218:	06000003 	streq	r0, [r0], -r3
 21c:	002c093d 	eoreq	r0, ip, sp, lsr r9
 220:	0e100000 	cdpeq	0, 1, cr0, cr0, cr0, {0}
 224:	00000361 	andeq	r0, r0, r1, ror #6
 228:	2c093e06 	stccs	14, cr3, [r9], {6}
	for(i = 0; i < 4; i++){
 22c:	14000000 	strne	r0, [r0], #-0
 230:	00059d0e 	andeq	r9, r5, lr, lsl #26
 234:	093f0600 	ldmdbeq	pc!, {r9, sl}	; <UNPREDICTABLE>
	printf("\n dynamic_arr_3[ ] = {\n");
 238:	0000002c 	andeq	r0, r0, ip, lsr #32
 23c:	04170e18 	ldreq	r0, [r7], #-3608	; 0xfffff1e8
	for(i = 0; i < 4; i++){
 240:	40060000 	andmi	r0, r6, r0
		printf("0x%02X\n", dynamic_arr_3[i]);
 244:	00002c09 	andeq	r2, r0, r9, lsl #24
 248:	d80e1c00 	stmdale	lr, {sl, fp, ip}
 24c:	06000005 	streq	r0, [r0], -r5
 250:	002c0941 	eoreq	r0, ip, r1, asr #18
 254:	00200000 	eoreq	r0, r0, r0
	for(i = 0; i < 4; i++){
 258:	0001bb13 	andeq	fp, r1, r3, lsl fp
 25c:	06010800 	streq	r0, [r1], -r0, lsl #16
 260:	029d084a 	addseq	r0, sp, #4849664	; 0x4a0000
	printf("}\n");
 264:	430e0000 	movwmi	r0, #57344	; 0xe000
	free(dynamic_arr_2);
 268:	06000002 	streq	r0, [r0], -r2
 26c:	029d0a4b 	addseq	r0, sp, #307200	; 0x4b000
	free(dynamic_arr_3);
 270:	0e000000 	cdpeq	0, 0, cr0, cr0, cr0, {0}
		led_set();
 274:	00000000 	andeq	r0, r0, r0
		for(i = 0; i < 50000; i++){ }
 278:	9d094c06 	stcls	12, cr4, [r9, #-24]	; 0xffffffe8
 27c:	80000002 	andhi	r0, r0, r2
 280:	00052514 	andeq	r2, r5, r4, lsl r5
 284:	0a4e0600 	beq	1381a8c <scb_cpacr+0x1381a8c>
 288:	00000159 	andeq	r0, r0, r9, asr r1
 28c:	e9140100 	ldmdb	r4, {r8}
		led_clear();
 290:	06000001 	streq	r0, [r0], -r1
		for(i = 0; i < 50000; i++){ }
 294:	01590a51 	cmpeq	r9, r1, asr sl
 298:	01040000 	mrseq	r0, (UNDEF: 4)
 29c:	01450b00 	cmpeq	r5, r0, lsl #22
 2a0:	02ad0000 	adceq	r0, sp, #0
 2a4:	250c0000 	strcs	r0, [ip, #-0]
		led_set();
 2a8:	1f000000 	svcne	0x00000000
 2ac:	03991300 	orrseq	r1, r9, #0, 6
 2b0:	01900000 	orrseq	r0, r0, r0
 2b4:	f0085d06 			; <UNDEFINED> instruction: 0xf0085d06
 2b8:	0e000002 	cdpeq	0, 0, cr0, cr0, cr2, {0}
 2bc:	00000512 	andeq	r0, r0, r2, lsl r5
 2c0:	f0125e06 			; <UNDEFINED> instruction: 0xf0125e06
 2c4:	00000002 	andeq	r0, r0, r2
 2c8:	00046e0e 	andeq	r6, r4, lr, lsl #28
 2cc:	065f0600 	ldrbeq	r0, [pc], -r0, lsl #12
 2d0:	0000002c 	andeq	r0, r0, ip, lsr #32
 2d4:	024b0e04 	subeq	r0, fp, #4, 28	; 0x40
 2d8:	61060000 	mrsvs	r0, (UNDEF: 6)
 2dc:	0002f609 	andeq	pc, r2, r9, lsl #12
 2e0:	bb0e0800 	bllt	382008 <scb_cpacr+0x382008>
 2e4:	06000001 	streq	r0, [r0], -r1
 2e8:	02581e62 	subseq	r1, r8, #1568	; 0x620
 2ec:	00880000 	addeq	r0, r8, r0
 2f0:	02ad0406 	adceq	r0, sp, #100663296	; 0x6000000
 2f4:	060b0000 	streq	r0, [fp], -r0
 2f8:	06000003 	streq	r0, [r0], -r3
 2fc:	0c000003 	stceq	0, cr0, [r0], {3}
 300:	00000025 	andeq	r0, r0, r5, lsr #32
 304:	0406001f 	streq	r0, [r6], #-31	; 0xffffffe1
 308:	0000030c 	andeq	r0, r0, ip, lsl #6
 30c:	04211115 	strteq	r1, [r1], #-277	; 0xfffffeeb
 310:	06080000 	streq	r0, [r8], -r0
 314:	03350875 	teqeq	r5, #7667712	; 0x750000
 318:	a60e0000 	strge	r0, [lr], -r0
 31c:	06000001 	streq	r0, [r0], -r1
 320:	03351176 	teqeq	r5, #-2147483619	; 0x8000001d
 324:	0e000000 	cdpeq	0, 0, cr0, cr0, cr0, {0}
 328:	0000000c 	andeq	r0, r0, ip
 32c:	2c067706 	stccs	7, cr7, [r6], {6}
 330:	04000000 	streq	r0, [r0], #-0
 334:	59040600 	stmdbpl	r4, {r9, sl}
 338:	11000000 	mrsne	r0, (UNDEF: 0)
 33c:	00000440 	andeq	r0, r0, r0, asr #8
 340:	08b50668 	ldmeq	r5!, {r3, r5, r6, r9, sl}
 344:	0000047e 	andeq	r0, r0, lr, ror r4
 348:	00705f12 	rsbseq	r5, r0, r2, lsl pc
 34c:	3512b606 	ldrcc	fp, [r2, #-1542]	; 0xfffff9fa
 350:	00000003 	andeq	r0, r0, r3
 354:	00725f12 	rsbseq	r5, r2, r2, lsl pc
 358:	2c07b706 	stccs	7, cr11, [r7], {6}
 35c:	04000000 	streq	r0, [r0], #-0
 360:	00775f12 	rsbseq	r5, r7, r2, lsl pc
 364:	2c07b806 	stccs	8, cr11, [r7], {6}
 368:	08000000 	stmdaeq	r0, {}	; <UNPREDICTABLE>
 36c:	0001e20e 	andeq	lr, r1, lr, lsl #4
 370:	09b90600 	ldmibeq	r9!, {r9, sl}
 374:	00000060 	andeq	r0, r0, r0, rrx
 378:	02db0e0c 	sbcseq	r0, fp, #12, 28	; 0xc0
 37c:	ba060000 	blt	180384 <scb_cpacr+0x180384>
 380:	00006009 	andeq	r6, r0, r9
 384:	5f120e00 	svcpl	0x00120e00
 388:	06006662 	streq	r6, [r0], -r2, ror #12
 38c:	030d11bb 	movweq	r1, #53691	; 0xd1bb
 390:	0e100000 	cdpeq	0, 1, cr0, cr0, cr0, {0}
 394:	000000bc 	strheq	r0, [r0], -ip
 398:	2c07bc06 	stccs	12, cr11, [r7], {6}
 39c:	18000000 	stmdane	r0, {}	; <UNPREDICTABLE>
 3a0:	0001c90e 	andeq	ip, r1, lr, lsl #18
 3a4:	0ac30600 	beq	ff0c1bac <scb_cpacr+0xff0c1bac>
 3a8:	00000145 	andeq	r0, r0, r5, asr #2
 3ac:	02900e1c 	addseq	r0, r0, #28, 28	; 0x1c0
 3b0:	c5060000 	strgt	r0, [r6, #-0]
 3b4:	0005f01d 	andeq	pc, r5, sp, lsl r0	; <UNPREDICTABLE>
 3b8:	5a0e2000 	bpl	388008 <scb_cpacr+0x388008>
 3bc:	06000003 	streq	r0, [r0], -r3
 3c0:	061a1dc7 	ldreq	r1, [sl], -r7, asr #27
 3c4:	0e240000 	cdpeq	0, 2, cr0, cr4, cr0, {0}
 3c8:	000004ca 	andeq	r0, r0, sl, asr #9
 3cc:	3e0dca06 	vmlacc.f32	s24, s26, s12
 3d0:	28000006 	stmdacs	r0, {r1, r2}
 3d4:	0005f20e 	andeq	pc, r5, lr, lsl #4
 3d8:	09cb0600 	stmibeq	fp, {r9, sl}^
 3dc:	00000658 	andeq	r0, r0, r8, asr r6
 3e0:	755f122c 	ldrbvc	r1, [pc, #-556]	; 1bc <.debug_info+0x1bc>
 3e4:	ce060062 	cdpgt	0, 0, cr0, cr6, cr2, {3}
 3e8:	00030d11 	andeq	r0, r3, r1, lsl sp
 3ec:	5f123000 	svcpl	0x00123000
 3f0:	06007075 			; <UNDEFINED> instruction: 0x06007075
 3f4:	033512cf 	teqeq	r5, #-268435444	; 0xf000000c
 3f8:	12380000 	eorsne	r0, r8, #0
 3fc:	0072755f 	rsbseq	r7, r2, pc, asr r5
 400:	2c07d006 	stccs	0, cr13, [r7], {6}
 404:	3c000000 	stccc	0, cr0, [r0], {-0}
 408:	0001a00e 	andeq	sl, r1, lr
 40c:	11d30600 	bicsne	r0, r3, r0, lsl #12
 410:	0000065e 	andeq	r0, r0, lr, asr r6
 414:	05ca0e40 	strbeq	r0, [sl, #3648]	; 0xe40
 418:	d4060000 	strle	r0, [r6], #-0
 41c:	00066e11 	andeq	r6, r6, r1, lsl lr
 420:	5f124300 	svcpl	0x00124300
 424:	0600626c 	streq	r6, [r0], -ip, ror #4
 428:	030d11d7 	movweq	r1, #53719	; 0xd1d7
 42c:	0e440000 	cdpeq	0, 4, cr0, cr4, cr0, {0}
 430:	000001f8 	strdeq	r0, [r0], -r8
 434:	2c07da06 			; <UNDEFINED> instruction: 0x2c07da06
 438:	4c000000 	stcmi	0, cr0, [r0], {-0}
 43c:	0002120e 	andeq	r1, r2, lr, lsl #4
 440:	0adb0600 	beq	ff6c1c48 <scb_cpacr+0xff6c1c48>
 444:	000000b2 	strheq	r0, [r0], -r2
 448:	002f0e50 	eoreq	r0, pc, r0, asr lr	; <UNPREDICTABLE>
 44c:	de060000 	cdple	0, 0, cr0, cr6, cr0, {0}
 450:	00049c12 	andeq	r9, r4, r2, lsl ip
 454:	410e5400 	tstmi	lr, r0, lsl #8
 458:	06000003 	streq	r0, [r0], -r3
 45c:	01390ce2 	teqeq	r9, r2, ror #25
 460:	0e580000 	cdpeq	0, 5, cr0, cr8, cr0, {0}
 464:	00000448 	andeq	r0, r0, r8, asr #8
 468:	2d0ee406 	cfstrscs	mvf14, [lr, #-24]	; 0xffffffe8
 46c:	5c000001 	stcpl	0, cr0, [r0], {1}
 470:	0003470e 	andeq	r4, r3, lr, lsl #14
 474:	09e50600 	stmibeq	r5!, {r9, sl}^
 478:	0000002c 	andeq	r0, r0, ip, lsr #32
 47c:	2c160064 	ldccs	0, cr0, [r6], {100}	; 0x64
 480:	9c000000 	stcls	0, cr0, [r0], {-0}
 484:	17000004 	strne	r0, [r0, -r4]
 488:	0000049c 	muleq	r0, ip, r4
 48c:	00014517 	andeq	r4, r1, r7, lsl r5
 490:	01471700 	cmpeq	r7, r0, lsl #14
 494:	2c170000 	ldccs	0, cr0, [r7], {-0}
 498:	00000000 	andeq	r0, r0, r0
 49c:	04a70406 	strteq	r0, [r7], #1030	; 0x406
 4a0:	9c100000 	ldcls	0, cr0, [r0], {-0}
 4a4:	18000004 	stmdane	r0, {r2}
 4a8:	000004a6 	andeq	r0, r0, r6, lsr #9
 4ac:	60060428 	andvs	r0, r6, r8, lsr #8
 4b0:	05f00802 	ldrbeq	r0, [r0, #2050]!	; 0x802
 4b4:	e4190000 	ldr	r0, [r9], #-0
 4b8:	06000004 	streq	r0, [r0], -r4
 4bc:	2c070262 	sfmcs	f0, 4, [r7], {98}	; 0x62
 4c0:	00000000 	andeq	r0, r0, r0
 4c4:	0001f119 	andeq	pc, r1, r9, lsl r1	; <UNPREDICTABLE>
 4c8:	02670600 	rsbeq	r0, r7, #0, 12
 4cc:	0006ca0b 	andeq	ip, r6, fp, lsl #20
 4d0:	b9190400 	ldmdblt	r9, {sl}
 4d4:	06000002 	streq	r0, [r0], -r2
 4d8:	ca140267 	bgt	500e7c <scb_cpacr+0x500e7c>
 4dc:	08000006 	stmdaeq	r0, {r1, r2}
 4e0:	00026a19 	andeq	r6, r2, r9, lsl sl
 4e4:	02670600 	rsbeq	r0, r7, #0, 12
 4e8:	0006ca1e 	andeq	ip, r6, lr, lsl sl
 4ec:	69190c00 	ldmdbvs	r9, {sl, fp}
 4f0:	06000004 	streq	r0, [r0], -r4
 4f4:	2c080269 	sfmcs	f0, 4, [r8], {105}	; 0x69
 4f8:	10000000 	andne	r0, r0, r0
 4fc:	00001a19 	andeq	r1, r0, r9, lsl sl
 500:	026a0600 	rsbeq	r0, sl, #0, 12
 504:	0008ca08 	andeq	ip, r8, r8, lsl #20
 508:	85191400 	ldrhi	r1, [r9, #-1024]	; 0xfffffc00
 50c:	06000004 	streq	r0, [r0], -r4
 510:	2c07026d 	sfmcs	f0, 4, [r7], {109}	; 0x6d
 514:	30000000 	andcc	r0, r0, r0
 518:	00047319 	andeq	r7, r4, r9, lsl r3
 51c:	026e0600 	rsbeq	r0, lr, #0, 12
 520:	0008df16 	andeq	sp, r8, r6, lsl pc
 524:	ab193400 	blge	64d008 <scb_cpacr+0x64d008>
 528:	06000003 	streq	r0, [r0], -r3
 52c:	2c070270 	sfmcs	f0, 4, [r7], {112}	; 0x70
 530:	38000000 	stmdacc	r0, {}	; <UNPREDICTABLE>
 534:	00047b19 	andeq	r7, r4, r9, lsl fp
 538:	02720600 	rsbseq	r0, r2, #0, 12
 53c:	0008f00a 	andeq	pc, r8, sl
 540:	1d193c00 	ldcne	12, cr3, [r9, #-0]
 544:	06000003 	streq	r0, [r0], -r3
 548:	bf130275 	svclt	0x00130275
 54c:	40000001 	andmi	r0, r0, r1
 550:	00029619 	andeq	r9, r2, r9, lsl r6
 554:	02760600 	rsbseq	r0, r6, #0, 12
 558:	00002c07 	andeq	r2, r0, r7, lsl #24
 55c:	0c194400 	cfldrseq	mvf4, [r9], {-0}
 560:	06000006 	streq	r0, [r0], -r6
 564:	bf130277 	svclt	0x00130277
 568:	48000001 	stmdami	r0, {r0}
 56c:	0003bd19 	andeq	fp, r3, r9, lsl sp
 570:	02780600 	rsbseq	r0, r8, #0, 12
 574:	0008f614 	andeq	pc, r8, r4, lsl r6	; <UNPREDICTABLE>
 578:	c1194c00 	tstgt	r9, r0, lsl #24
 57c:	06000002 	streq	r0, [r0], -r2
 580:	2c07027b 	sfmcs	f0, 4, [r7], {123}	; 0x7b
 584:	50000000 	andpl	r0, r0, r0
 588:	00020a19 	andeq	r0, r2, r9, lsl sl
 58c:	027c0600 	rsbseq	r0, ip, #0, 12
 590:	00014709 	andeq	r4, r1, r9, lsl #14
 594:	ff195400 			; <UNDEFINED> instruction: 0xff195400
 598:	06000003 	streq	r0, [r0], -r3
 59c:	a507029f 	strge	r0, [r7, #-671]	; 0xfffffd61
 5a0:	58000008 	stmdapl	r0, {r3}
 5a4:	0003991a 	andeq	r9, r3, sl, lsl r9
 5a8:	02a30600 	adceq	r0, r3, #0, 12
 5ac:	0002f013 	andeq	pc, r2, r3, lsl r0	; <UNPREDICTABLE>
 5b0:	1a014800 	bne	525b8 <scb_cpacr+0x525b8>
 5b4:	000002fb 	strdeq	r0, [r0], -fp
 5b8:	1202a406 	andne	sl, r2, #100663296	; 0x6000000
 5bc:	000002ad 	andeq	r0, r0, sp, lsr #5
 5c0:	c01a014c 	andsgt	r0, sl, ip, asr #2
 5c4:	06000005 	streq	r0, [r0], -r5
 5c8:	070c02a8 	streq	r0, [ip, -r8, lsr #5]
 5cc:	dc000009 	stcle	0, cr0, [r0], {9}
 5d0:	01d11a02 	bicseq	r1, r1, r2, lsl #20
 5d4:	ad060000 	stcge	0, cr0, [r6, #-0]
 5d8:	068b1002 	streq	r1, [fp], r2
 5dc:	02e00000 	rsceq	r0, r0, #0
 5e0:	0001b61a 	andeq	fp, r1, sl, lsl r6
 5e4:	02af0600 	adceq	r0, pc, #0, 12
 5e8:	0009130a 	andeq	r1, r9, sl, lsl #6
 5ec:	0002ec00 	andeq	lr, r2, r0, lsl #24
 5f0:	047e0406 	ldrbteq	r0, [lr], #-1030	; 0xfffffbfa
 5f4:	2c160000 	ldccs	0, cr0, [r6], {-0}
 5f8:	14000000 	strne	r0, [r0], #-0
 5fc:	17000006 	strne	r0, [r0, -r6]
 600:	0000049c 	muleq	r0, ip, r4
 604:	00014517 	andeq	r4, r1, r7, lsl r5
 608:	06141700 	ldreq	r1, [r4], -r0, lsl #14
 60c:	2c170000 	ldccs	0, cr0, [r7], {-0}
 610:	00000000 	andeq	r0, r0, r0
 614:	01540406 	cmpeq	r4, r6, lsl #8
 618:	04060000 	streq	r0, [r6], #-0
 61c:	000005f6 	strdeq	r0, [r0], -r6
 620:	0000be16 	andeq	fp, r0, r6, lsl lr
 624:	00063e00 	andeq	r3, r6, r0, lsl #28
 628:	049c1700 	ldreq	r1, [ip], #1792	; 0x700
 62c:	45170000 	ldrmi	r0, [r7, #-0]
 630:	17000001 	strne	r0, [r0, -r1]
 634:	000000be 	strheq	r0, [r0], -lr
 638:	00002c17 	andeq	r2, r0, r7, lsl ip
 63c:	04060000 	streq	r0, [r6], #-0
 640:	00000620 	andeq	r0, r0, r0, lsr #12
 644:	00002c16 	andeq	r2, r0, r6, lsl ip
 648:	00065800 	andeq	r5, r6, r0, lsl #16
 64c:	049c1700 	ldreq	r1, [ip], #1792	; 0x700
 650:	45170000 	ldrmi	r0, [r7, #-0]
 654:	00000001 	andeq	r0, r0, r1
 658:	06440406 	strbeq	r0, [r4], -r6, lsl #8
 65c:	590b0000 	stmdbpl	fp, {}	; <UNPREDICTABLE>
 660:	6e000000 	cdpvs	0, 0, cr0, cr0, cr0, {0}
 664:	0c000006 	stceq	0, cr0, [r0], {6}
 668:	00000025 	andeq	r0, r0, r5, lsr #32
 66c:	590b0002 	stmdbpl	fp, {r1}
 670:	7e000000 	cdpvc	0, 0, cr0, cr0, cr0, {0}
 674:	0c000006 	stceq	0, cr0, [r0], {6}
 678:	00000025 	andeq	r0, r0, r5, lsr #32
 67c:	2e080000 	cdpcs	0, 0, cr0, cr8, cr0, {0}
 680:	06000004 	streq	r0, [r0], -r4
 684:	3b1a011f 	blcc	680b08 <scb_cpacr+0x680b08>
 688:	1b000003 	blne	69c <.debug_info+0x69c>
 68c:	000005a7 	andeq	r0, r0, r7, lsr #11
 690:	0123060c 			; <UNDEFINED> instruction: 0x0123060c
 694:	0006c408 	andeq	ip, r6, r8, lsl #8
 698:	05121900 	ldreq	r1, [r2, #-2304]	; 0xfffff700
 69c:	25060000 	strcs	r0, [r6, #-0]
 6a0:	06c41101 	strbeq	r1, [r4], r1, lsl #2
 6a4:	19000000 	stmdbne	r0, {}	; <UNPREDICTABLE>
 6a8:	000002e1 	andeq	r0, r0, r1, ror #5
 6ac:	07012606 	streq	r2, [r1, -r6, lsl #12]
 6b0:	0000002c 	andeq	r0, r0, ip, lsr #32
 6b4:	04281904 	strteq	r1, [r8], #-2308	; 0xfffff6fc
 6b8:	27060000 	strcs	r0, [r6, -r0]
 6bc:	06ca0b01 	strbeq	r0, [sl], r1, lsl #22
 6c0:	00080000 	andeq	r0, r8, r0
 6c4:	068b0406 	streq	r0, [fp], r6, lsl #8
 6c8:	04060000 	streq	r0, [r6], #-0
 6cc:	0000067e 	andeq	r0, r0, lr, ror r6
 6d0:	0000121b 	andeq	r1, r0, fp, lsl r2
 6d4:	3f060e00 	svccc	0x00060e00
 6d8:	07090801 	streq	r0, [r9, -r1, lsl #16]
 6dc:	ad190000 	ldcge	0, cr0, [r9, #-0]
 6e0:	06000004 	streq	r0, [r0], -r4
 6e4:	09120140 	ldmdbeq	r2, {r6, r8}
 6e8:	00000007 	andeq	r0, r0, r7
 6ec:	00050c19 	andeq	r0, r5, r9, lsl ip
 6f0:	01410600 	cmpeq	r1, r0, lsl #12
 6f4:	00070912 	andeq	r0, r7, r2, lsl r9
 6f8:	55190600 	ldrpl	r0, [r9, #-1536]	; 0xfffffa00
 6fc:	06000005 	streq	r0, [r0], -r5
 700:	73120142 	tstvc	r2, #-2147483632	; 0x80000010
 704:	0c000000 	stceq	0, cr0, [r0], {-0}
 708:	00730b00 	rsbseq	r0, r3, r0, lsl #22
 70c:	07190000 	ldreq	r0, [r9, -r0]
 710:	250c0000 	strcs	r0, [ip, #-0]
 714:	02000000 	andeq	r0, r0, #0
 718:	06d01c00 	ldrbeq	r1, [r0], r0, lsl #24
 71c:	2e070280 	cdpcs	2, 0, cr0, cr7, cr0, {4}
 720:	19000008 	stmdbne	r0, {r3}
 724:	0000058b 	andeq	r0, r0, fp, lsl #11
 728:	18028206 	stmdane	r2, {r1, r2, r9, pc}
 72c:	00000025 	andeq	r0, r0, r5, lsr #32
 730:	05181900 	ldreq	r1, [r8, #-2304]	; 0xfffff700
 734:	83060000 	movwhi	r0, #24576	; 0x6000
 738:	01471202 	cmpeq	r7, r2, lsl #4
 73c:	19040000 	stmdbne	r4, {}	; <UNPREDICTABLE>
 740:	00000310 	andeq	r0, r0, r0, lsl r3
 744:	10028406 	andne	r8, r2, r6, lsl #8
 748:	0000082e 	andeq	r0, r0, lr, lsr #16
 74c:	05e31908 	strbeq	r1, [r3, #2312]!	; 0x908
 750:	85060000 	strhi	r0, [r6, #-0]
 754:	01d51702 	bicseq	r1, r5, r2, lsl #14
 758:	19240000 	stmdbne	r4!, {}	; <UNPREDICTABLE>
 75c:	0000027a 	andeq	r0, r0, sl, ror r2
 760:	0f028606 	svceq	0x00028606
 764:	0000002c 	andeq	r0, r0, ip, lsr #32
 768:	04511948 	ldrbeq	r1, [r1], #-2376	; 0xfffff6b8
 76c:	87060000 	strhi	r0, [r6, -r0]
 770:	00942c02 	addseq	r2, r4, r2, lsl #24
 774:	19500000 	ldmdbne	r0, {}^	; <UNPREDICTABLE>
 778:	000005f9 	strdeq	r0, [r0], -r9
 77c:	1a028806 	bne	a279c <scb_cpacr+0xa279c>
 780:	000006d0 	ldrdeq	r0, [r0], -r0	; <UNPREDICTABLE>
 784:	045c1958 	ldrbeq	r1, [ip], #-2392	; 0xfffff6a8
 788:	89060000 	stmdbhi	r6, {}	; <UNPREDICTABLE>
 78c:	012d1602 			; <UNDEFINED> instruction: 0x012d1602
 790:	19680000 	stmdbne	r8!, {}^	; <UNPREDICTABLE>
 794:	000005fe 	strdeq	r0, [r0], -lr
 798:	16028a06 	strne	r8, [r2], -r6, lsl #20
 79c:	0000012d 	andeq	r0, r0, sp, lsr #2
 7a0:	03c71970 	biceq	r1, r7, #112, 18	; 0x1c0000
 7a4:	8b060000 	blhi	1807ac <scb_cpacr+0x1807ac>
 7a8:	012d1602 			; <UNDEFINED> instruction: 0x012d1602
 7ac:	19780000 	ldmdbne	r8!, {}^	; <UNPREDICTABLE>
 7b0:	000005b6 			; <UNDEFINED> instruction: 0x000005b6
 7b4:	10028c06 	andne	r8, r2, r6, lsl #24
 7b8:	0000083e 	andeq	r0, r0, lr, lsr r8
 7bc:	03041980 	movweq	r1, #18816	; 0x4980
 7c0:	8d060000 	stchi	0, cr0, [r6, #-0]
 7c4:	084e1002 	stmdaeq	lr, {r1, ip}^
 7c8:	19880000 	stmibne	r8, {}	; <UNPREDICTABLE>
 7cc:	00000562 	andeq	r0, r0, r2, ror #10
 7d0:	0f028e06 	svceq	0x00028e06
 7d4:	0000002c 	andeq	r0, r0, ip, lsr #32
 7d8:	023519a0 	eorseq	r1, r5, #160, 18	; 0x280000
 7dc:	8f060000 	svchi	0x00060000
 7e0:	012d1602 			; <UNDEFINED> instruction: 0x012d1602
 7e4:	19a40000 	stmibne	r4!, {}	; <UNPREDICTABLE>
 7e8:	0000016e 	andeq	r0, r0, lr, ror #2
 7ec:	16029006 	strne	r9, [r2], -r6
 7f0:	0000012d 	andeq	r0, r0, sp, lsr #2
 7f4:	021a19ac 	andseq	r1, sl, #172, 18	; 0x2b0000
 7f8:	91060000 	mrsls	r0, (UNDEF: 6)
 7fc:	012d1602 			; <UNDEFINED> instruction: 0x012d1602
 800:	19b40000 	ldmibne	r4!, {}	; <UNPREDICTABLE>
 804:	00000043 	andeq	r0, r0, r3, asr #32
 808:	16029206 	strne	r9, [r2], -r6, lsl #4
 80c:	0000012d 	andeq	r0, r0, sp, lsr #2
 810:	005219bc 	ldrheq	r1, [r2], #-156	; 0xffffff64
 814:	93060000 	movwls	r0, #24576	; 0x6000
 818:	012d1602 			; <UNDEFINED> instruction: 0x012d1602
 81c:	19c40000 	stmibne	r4, {}^	; <UNPREDICTABLE>
 820:	00000404 	andeq	r0, r0, r4, lsl #8
 824:	08029406 	stmdaeq	r2, {r1, r2, sl, ip, pc}
 828:	0000002c 	andeq	r0, r0, ip, lsr #32
 82c:	4d0b00cc 	stcmi	0, cr0, [fp, #-816]	; 0xfffffcd0
 830:	3e000001 	cdpcc	0, 0, cr0, cr0, cr1, {0}
 834:	0c000008 	stceq	0, cr0, [r0], {8}
 838:	00000025 	andeq	r0, r0, r5, lsr #32
 83c:	4d0b0019 	stcmi	0, cr0, [fp, #-100]	; 0xffffff9c
 840:	4e000001 	cdpmi	0, 0, cr0, cr0, cr1, {0}
 844:	0c000008 	stceq	0, cr0, [r0], {8}
 848:	00000025 	andeq	r0, r0, r5, lsr #32
 84c:	4d0b0007 	stcmi	0, cr0, [fp, #-28]	; 0xffffffe4
 850:	5e000001 	cdppl	0, 0, cr0, cr0, cr1, {0}
 854:	0c000008 	stceq	0, cr0, [r0], {8}
 858:	00000025 	andeq	r0, r0, r5, lsr #32
 85c:	f01c0017 			; <UNDEFINED> instruction: 0xf01c0017
 860:	07029906 	streq	r9, [r2, -r6, lsl #18]
 864:	00000885 	andeq	r0, r0, r5, lsl #17
 868:	00037719 	andeq	r7, r3, r9, lsl r7
 86c:	029c0600 	addseq	r0, ip, #0, 12
 870:	0008851b 	andeq	r8, r8, fp, lsl r5
 874:	ad190000 	ldcge	0, cr0, [r9, #-0]
 878:	06000005 	streq	r0, [r0], -r5
 87c:	9518029d 	ldrls	r0, [r8, #-669]	; 0xfffffd63
 880:	78000008 	stmdavc	r0, {r3}
 884:	03350b00 	teqeq	r5, #0, 22
 888:	08950000 	ldmeq	r5, {}	; <UNPREDICTABLE>
 88c:	250c0000 	strcs	r0, [ip, #-0]
 890:	1d000000 	stcne	0, cr0, [r0, #-0]
 894:	00250b00 	eoreq	r0, r5, r0, lsl #22
 898:	08a50000 	stmiaeq	r5!, {}	; <UNPREDICTABLE>
 89c:	250c0000 	strcs	r0, [ip, #-0]
 8a0:	1d000000 	stcne	0, cr0, [r0, #-0]
 8a4:	06f01d00 	ldrbteq	r1, [r0], r0, lsl #26
 8a8:	ca03027e 	bgt	c12a8 <scb_cpacr+0xc12a8>
 8ac:	1e000008 	cdpne	0, 0, cr0, cr0, cr8, {0}
 8b0:	000004a6 	andeq	r0, r0, r6, lsr #9
 8b4:	0b029506 	bleq	a5cd4 <scb_cpacr+0xa5cd4>
 8b8:	00000719 	andeq	r0, r0, r9, lsl r7
 8bc:	0005d01e 	andeq	sp, r5, lr, lsl r0
 8c0:	029e0600 	addseq	r0, lr, #0, 12
 8c4:	00085e0b 	andeq	r5, r8, fp, lsl #28
 8c8:	4d0b0000 	stcmi	0, cr0, [fp, #-0]
 8cc:	da000001 	ble	8d8 <.debug_info+0x8d8>
 8d0:	0c000008 	stceq	0, cr0, [r0], {8}
 8d4:	00000025 	andeq	r0, r0, r5, lsr #32
 8d8:	4f070018 	svcmi	0x00070018
 8dc:	06000003 	streq	r0, [r0], -r3
 8e0:	0008da04 	andeq	sp, r8, r4, lsl #20
 8e4:	08f01f00 	ldmeq	r0!, {r8, r9, sl, fp, ip}^
 8e8:	9c170000 	ldcls	0, cr0, [r7], {-0}
 8ec:	00000004 	andeq	r0, r0, r4
 8f0:	08e50406 	stmiaeq	r5!, {r1, r2, sl}^
 8f4:	04060000 	streq	r0, [r6], #-0
 8f8:	000001bf 			; <UNDEFINED> instruction: 0x000001bf
 8fc:	0009071f 	andeq	r0, r9, pc, lsl r7
 900:	002c1700 	eoreq	r1, ip, r0, lsl #14
 904:	06000000 	streq	r0, [r0], -r0
 908:	00090d04 	andeq	r0, r9, r4, lsl #26
 90c:	fc040600 	stc2	6, cr0, [r4], {-0}
 910:	0b000008 	bleq	938 <.debug_info+0x938>
 914:	0000067e 	andeq	r0, r0, lr, ror r6
 918:	00000923 	andeq	r0, r0, r3, lsr #18
 91c:	0000250c 	andeq	r2, r0, ip, lsl #10
 920:	20000200 	andcs	r0, r0, r0, lsl #4
 924:	000004d0 	ldrdeq	r0, [r0], -r0	; <UNPREDICTABLE>
 928:	17032e06 	strne	r2, [r3, -r6, lsl #28]
 92c:	0000049c 	muleq	r0, ip, r4
 930:	00056f20 	andeq	r6, r5, r0, lsr #30
 934:	032f0600 			; <UNDEFINED> instruction: 0x032f0600
 938:	0004a21d 	andeq	sl, r4, sp, lsl r2
 93c:	03a12100 			; <UNDEFINED> instruction: 0x03a12100
 940:	64070000 	strvs	r0, [r7], #-0
 944:	0001470e 	andeq	r4, r1, lr, lsl #14
 948:	05040500 	streq	r0, [r4, #-1280]	; 0xfffffb00
 94c:	18080000 	stmdane	r8, {}	; <UNPREDICTABLE>
 950:	00004d13 	andeq	r4, r0, r3, lsl sp
 954:	09491000 	stmdbeq	r9, {ip}^
 958:	01050000 	mrseq	r0, (UNDEF: 5)
 95c:	08000002 	stmdaeq	r0, {r1}
 960:	00671424 	rsbeq	r1, r7, r4, lsr #8
 964:	5a100000 	bpl	40096c <scb_cpacr+0x40096c>
 968:	05000009 	streq	r0, [r0, #-9]
 96c:	00000582 	andeq	r0, r0, r2, lsl #11
 970:	81143008 	tsthi	r4, r8
 974:	04000000 	streq	r0, [r0], #-0
 978:	0000096b 	andeq	r0, r0, fp, ror #18
 97c:	00096b10 	andeq	r6, r9, r0, lsl fp
 980:	022b2200 	eoreq	r2, fp, #0, 4
 984:	0e010000 	cdpeq	0, 0, cr0, cr1, cr0, {0}
 988:	00099314 	andeq	r9, r9, r4, lsl r3
 98c:	00030500 	andeq	r0, r3, r0, lsl #10
 990:	06000000 	streq	r0, [r0], -r0
 994:	00097704 	andeq	r7, r9, r4, lsl #14
 998:	06112300 	ldreq	r2, [r1], -r0, lsl #6
 99c:	1d010000 	stcne	0, cr0, [r1, #-0]
 9a0:	00002c05 	andeq	r2, r0, r5, lsl #24
 9a4:	00000000 	andeq	r0, r0, r0
 9a8:	00020400 	andeq	r0, r2, r0, lsl #8
 9ac:	1f9c0100 	svcne	0x009c0100
 9b0:	2400000a 	strcs	r0, [r0], #-10
 9b4:	0000052e 	andeq	r0, r0, lr, lsr #10
 9b8:	2f111e01 	svccs	0x00111e01
 9bc:	0300000a 	movweq	r0, #10
 9c0:	247fbc91 	ldrbtcs	fp, [pc], #-3217	; 9c8 <.debug_info+0x9c8>
 9c4:	0000053b 	andeq	r0, r0, fp, lsr r5
 9c8:	44111f01 	ldrmi	r1, [r1], #-3841	; 0xfffff0ff
 9cc:	0300000a 	movweq	r0, #10
 9d0:	247fb491 	ldrbtcs	fp, [pc], #-1169	; 9d8 <.debug_info+0x9d8>
 9d4:	00000548 	andeq	r0, r0, r8, asr #10
 9d8:	59102001 	ldmdbpl	r0, {r0, sp}
 9dc:	0300000a 	movweq	r0, #10
 9e0:	247fb091 	ldrbtcs	fp, [pc], #-145	; 9e8 <.debug_info+0x9e8>
 9e4:	000003d5 	ldrdeq	r0, [r0], -r5
 9e8:	5e0c2101 	adfple	f2, f4, f1
 9ec:	0200000a 	andeq	r0, r0, #10
 9f0:	35246c91 	strcc	r6, [r4, #-3217]!	; 0xfffff36f
 9f4:	01000000 	mrseq	r0, (UNDEF: 0)
 9f8:	0a640c22 	beq	1903a88 <scb_cpacr+0x1903a88>
 9fc:	91020000 	mrsls	r0, (UNDEF: 2)
 a00:	03f12468 	mvnseq	r2, #104, 8	; 0x68000000
 a04:	23010000 	movwcs	r0, #4096	; 0x1000
 a08:	000a6a0b 	andeq	r6, sl, fp, lsl #20
 a0c:	64910200 	ldrvs	r0, [r1], #512	; 0x200
 a10:	01006925 	tsteq	r0, r5, lsr #18
 a14:	00330f24 	eorseq	r0, r3, r4, lsr #30
 a18:	91030000 	mrsls	r0, (UNDEF: 3)
 a1c:	0b007fac 	bleq	208d4 <scb_cpacr+0x208d4>
 a20:	0000097c 	andeq	r0, r0, ip, ror r9
 a24:	00000a2f 	andeq	r0, r0, pc, lsr #20
 a28:	0000250c 	andeq	r2, r0, ip, lsl #10
 a2c:	10000900 	andne	r0, r0, r0, lsl #18
 a30:	00000a1f 	andeq	r0, r0, pc, lsl sl
 a34:	0009660b 	andeq	r6, r9, fp, lsl #12
 a38:	000a4400 	andeq	r4, sl, r0, lsl #8
 a3c:	00250c00 	eoreq	r0, r5, r0, lsl #24
 a40:	00030000 	andeq	r0, r3, r0
 a44:	000a3410 	andeq	r3, sl, r0, lsl r4
 a48:	09550b00 	ldmdbeq	r5, {r8, r9, fp}^
 a4c:	0a590000 	beq	1640a54 <scb_cpacr+0x1640a54>
 a50:	250c0000 	strcs	r0, [ip, #-0]
 a54:	03000000 	movweq	r0, #0
 a58:	0a491000 	beq	1244a60 <scb_cpacr+0x1244a60>
 a5c:	04060000 	streq	r0, [r6], #-0
 a60:	0000096b 	andeq	r0, r0, fp, ror #18
 a64:	095a0406 	ldmdbeq	sl, {r1, r2, sl}^
 a68:	04060000 	streq	r0, [r6], #-0
 a6c:	00000949 	andeq	r0, r0, r9, asr #18
 a70:	00037e26 	andeq	r7, r3, r6, lsr #28
 a74:	0f100100 	svceq	0x00100100
 a78:	0000008d 	andeq	r0, r0, sp, lsl #1
 a7c:	00000000 	andeq	r0, r0, r0
 a80:	00000014 	andeq	r0, r0, r4, lsl r0
 a84:	89219c01 	stmdbhi	r1!, {r0, sl, fp, ip, pc}
 a88:	01000002 	tsteq	r0, r2
 a8c:	014d0e11 	cmpeq	sp, r1, lsl lr
 a90:	00000000 	andeq	r0, r0, r0

Disassembly of section .debug_abbrev:

00000000 <.debug_abbrev>:
   0:	25011101 	strcs	r1, [r1, #-257]	; 0xfffffeff
unsigned long start_of_heap_get(void){
   4:	030b130e 	movweq	r1, #45838	; 0xb30e
	return (unsigned long)&_sheap;
   8:	550e1b0e 	strpl	r1, [lr, #-2830]	; 0xfffff4f2
}
   c:	10011117 	andne	r1, r1, r7, lsl r1
  10:	02000017 	andeq	r0, r0, #23
  14:	0b0b0024 	bleq	2c00ac <scb_cpacr+0x2c00ac>
  18:	0e030b3e 	vmoveq.16	d3[0], r0
  1c:	24030000 	strcs	r0, [r3], #-0
  20:	3e0b0b00 	vmlacc.f64	d0, d11, d0
  24:	0008030b 	andeq	r0, r8, fp, lsl #6
  28:	00350400 	eorseq	r0, r5, r0, lsl #8
  2c:	00001349 	andeq	r1, r0, r9, asr #6
  30:	03001605 	movweq	r1, #1541	; 0x605
  34:	3b0b3a0e 	blcc	2ce874 <scb_cpacr+0x2ce874>
  38:	490b390b 	stmdbmi	fp, {r0, r1, r3, r8, fp, ip, sp}
  3c:	06000013 			; <UNDEFINED> instruction: 0x06000013
  40:	0b0b000f 	bleq	2c0084 <scb_cpacr+0x2c0084>
  44:	00001349 	andeq	r1, r0, r9, asr #6
  48:	03001307 	movweq	r1, #775	; 0x307
  4c:	00193c0e 	andseq	r3, r9, lr, lsl #24
  50:	00160800 	andseq	r0, r6, r0, lsl #16
  54:	0b3a0e03 	bleq	e83868 <scb_cpacr+0xe83868>
  58:	0b39053b 	bleq	e4154c <scb_cpacr+0xe4154c>
  5c:	00001349 	andeq	r1, r0, r9, asr #6
  60:	0b011709 	bleq	45c8c <scb_cpacr+0x45c8c>
  64:	3b0b3a0b 	blcc	2ce898 <scb_cpacr+0x2ce898>
  68:	010b390b 	tsteq	fp, fp, lsl #18
  6c:	0a000013 	beq	c0 <.debug_abbrev+0xc0>
  70:	0e03000d 	cdpeq	0, 0, cr0, cr3, cr13, {0}
  74:	0b3b0b3a 	bleq	ec2d64 <scb_cpacr+0xec2d64>
  78:	13490b39 	movtne	r0, #39737	; 0x9b39
  7c:	010b0000 	mrseq	r0, (UNDEF: 11)
  80:	01134901 	tsteq	r3, r1, lsl #18
  84:	0c000013 	stceq	0, cr0, [r0], {19}
  88:	13490021 	movtne	r0, #36897	; 0x9021
  8c:	00000b2f 	andeq	r0, r0, pc, lsr #22
  90:	0b01130d 	bleq	44ccc <scb_cpacr+0x44ccc>
  94:	3b0b3a0b 	blcc	2ce8c8 <scb_cpacr+0x2ce8c8>
  98:	010b390b 	tsteq	fp, fp, lsl #18
  9c:	0e000013 	mcreq	0, 0, r0, cr0, cr3, {0}
  a0:	0e03000d 	cdpeq	0, 0, cr0, cr3, cr13, {0}
  a4:	0b3b0b3a 	bleq	ec2d94 <scb_cpacr+0xec2d94>
  a8:	13490b39 	movtne	r0, #39737	; 0x9b39
  ac:	00000b38 	andeq	r0, r0, r8, lsr fp
  b0:	0b000f0f 	bleq	3cf4 <scb_cpacr+0x3cf4>
  b4:	1000000b 	andne	r0, r0, fp
  b8:	13490026 	movtne	r0, #36902	; 0x9026
  bc:	13110000 	tstne	r1, #0
  c0:	0b0e0301 	bleq	380ccc <scb_cpacr+0x380ccc>
  c4:	3b0b3a0b 	blcc	2ce8f8 <scb_cpacr+0x2ce8f8>
  c8:	010b390b 	tsteq	fp, fp, lsl #18
  cc:	12000013 	andne	r0, r0, #19
  d0:	0803000d 	stmdaeq	r3, {r0, r2, r3}
  d4:	0b3b0b3a 	bleq	ec2dc4 <scb_cpacr+0xec2dc4>
int main(void){
  d8:	13490b39 	movtne	r0, #39737	; 0x9b39
  dc:	00000b38 	andeq	r0, r0, r8, lsr fp
	const uint32_t static_arr_1[10] = {0x11111111, 0x22222222, 0x33333333, 0x44444444, 0x55555555, 0x66666666, 0x77777777, 0x88888888, 0x99999999, 0xaaaaaaaa};
  e0:	03011313 	movweq	r1, #4883	; 0x1313
  e4:	3a050b0e 	bcc	142d24 <scb_cpacr+0x142d24>
  e8:	390b3b0b 	stmdbcc	fp, {r0, r1, r3, r8, r9, fp, ip, sp}
  ec:	0013010b 	andseq	r0, r3, fp, lsl #2
  f0:	000d1400 	andeq	r1, sp, r0, lsl #8
  f4:	0b3a0e03 	bleq	e83908 <scb_cpacr+0xe83908>
	const uint16_t static_arr_2[4] = {0xbaba, 0xdede, 0xcece, 0xfefe};
  f8:	0b390b3b 	bleq	e42dec <scb_cpacr+0xe42dec>
  fc:	05381349 	ldreq	r1, [r8, #-841]!	; 0xfffffcb7
 100:	15150000 	ldrne	r0, [r5, #-0]
	const uint8_t static_arr_3[4] = {0xde, 0xad, 0xbe, 0xef};
 104:	00192700 	andseq	r2, r9, r0, lsl #14
 108:	01151600 	tsteq	r5, r0, lsl #12
	*scb_cpacr |= SCB_CPACR_CP10_CP11_EN; //Enable ARM's FPU
 10c:	13491927 	movtne	r1, #39207	; 0x9927
 110:	00001301 	andeq	r1, r0, r1, lsl #6
 114:	49000517 	stmdbmi	r0, {r0, r1, r2, r4, r8, sl}
 118:	18000013 	stmdane	r0, {r0, r1, r4}
	led_init();
 11c:	0e030113 	mcreq	1, 0, r0, cr3, cr3, {0}
	uart_init(CONFIG_UART_BAUD_RATE);
 120:	0b3a050b 	bleq	e81554 <scb_cpacr+0xe81554>
 124:	0b39053b 	bleq	e41618 <scb_cpacr+0xe41618>
	button_init();
 128:	00001301 	andeq	r1, r0, r1, lsl #6
	printf("The start of the HEAP segment: 0x%08X\n", start_of_heap_get());
 12c:	03000d19 	movweq	r0, #3353	; 0xd19
 130:	3b0b3a0e 	blcc	2ce970 <scb_cpacr+0x2ce970>
 134:	490b3905 	stmdbmi	fp, {r0, r2, r8, fp, ip, sp}
	dynamic_arr_1 = (uint32_t *)malloc(sizeof(uint32_t)*10);
 138:	000b3813 	andeq	r3, fp, r3, lsl r8
 13c:	000d1a00 	andeq	r1, sp, r0, lsl #20
 140:	0b3a0e03 	bleq	e83954 <scb_cpacr+0xe83954>
	for(i = 0; i < 10; i++){
 144:	0b39053b 	bleq	e41638 <scb_cpacr+0xe41638>
		dynamic_arr_1[i] = static_arr_1[i];
 148:	05381349 	ldreq	r1, [r8, #-841]!	; 0xfffffcb7
 14c:	131b0000 	tstne	fp, #0
 150:	0b0e0301 	bleq	380d5c <scb_cpacr+0x380d5c>
 154:	3b0b3a0b 	blcc	2ce988 <scb_cpacr+0x2ce988>
 158:	010b3905 	tsteq	fp, r5, lsl #18
 15c:	1c000013 	stcne	0, cr0, [r0], {19}
	for(i = 0; i < 10; i++){
 160:	0b0b0113 	bleq	2c05b4 <scb_cpacr+0x2c05b4>
 164:	053b0b3a 	ldreq	r0, [fp, #-2874]!	; 0xfffff4c6
 168:	13010b39 	movwne	r0, #6969	; 0x1b39
	dynamic_arr_2 = (uint16_t *)malloc(sizeof(uint16_t)*4);
 16c:	171d0000 	ldrne	r0, [sp, -r0]
 170:	3a0b0b01 	bcc	2c2d7c <scb_cpacr+0x2c2d7c>
 174:	39053b0b 	stmdbcc	r5, {r0, r1, r3, r8, r9, fp, ip, sp}
	for(i = 0; i < 4; i++){
 178:	0013010b 	andseq	r0, r3, fp, lsl #2
		dynamic_arr_2[i] = static_arr_2[i];
 17c:	000d1e00 	andeq	r1, sp, r0, lsl #28
 180:	0b3a0e03 	bleq	e83994 <scb_cpacr+0xe83994>
 184:	0b39053b 	bleq	e41678 <scb_cpacr+0xe41678>
 188:	00001349 	andeq	r1, r0, r9, asr #6
 18c:	2701151f 	smladcs	r1, pc, r5, r1	; <UNPREDICTABLE>
 190:	00130119 	andseq	r0, r3, r9, lsl r1
	for(i = 0; i < 4; i++){
 194:	00342000 	eorseq	r2, r4, r0
 198:	0b3a0e03 	bleq	e839ac <scb_cpacr+0xe839ac>
 19c:	0b39053b 	bleq	e41690 <scb_cpacr+0xe41690>
	printf("\n dynamic_arr_1[ ] = {\n");
 1a0:	193f1349 	ldmdbne	pc!, {r0, r3, r6, r8, r9, ip}	; <UNPREDICTABLE>
 1a4:	0000193c 	andeq	r1, r0, ip, lsr r9
	for(i = 0; i < 10; i++){
 1a8:	03003421 	movweq	r3, #1057	; 0x421
		printf("0x%08X\n", dynamic_arr_1[i]);
 1ac:	3b0b3a0e 	blcc	2ce9ec <scb_cpacr+0x2ce9ec>
 1b0:	490b390b 	stmdbmi	fp, {r0, r1, r3, r8, fp, ip, sp}
 1b4:	3c193f13 	ldccc	15, cr3, [r9], {19}
 1b8:	22000019 	andcs	r0, r0, #25
 1bc:	0e030034 	mcreq	0, 0, r0, cr3, cr4, {1}
	for(i = 0; i < 10; i++){
 1c0:	0b3b0b3a 	bleq	ec2eb0 <scb_cpacr+0xec2eb0>
 1c4:	13490b39 	movtne	r0, #39737	; 0x9b39
 1c8:	1802193f 	stmdane	r2, {r0, r1, r2, r3, r4, r5, r8, fp, ip}
	printf("}\n");
 1cc:	2e230000 	cdpcs	0, 2, cr0, cr3, cr0, {0}
	printf("\n dynamic_arr_2[ ] = {\n");
 1d0:	03193f01 	tsteq	r9, #1, 30
 1d4:	3b0b3a0e 	blcc	2cea14 <scb_cpacr+0x2cea14>
	for(i = 0; i < 4; i++){
 1d8:	270b390b 	strcs	r3, [fp, -fp, lsl #18]
		printf("0x%04X\n", dynamic_arr_2[i]);
 1dc:	11134919 	tstne	r3, r9, lsl r9
 1e0:	40061201 	andmi	r1, r6, r1, lsl #4
 1e4:	19429618 	stmdbne	r2, {r3, r4, r9, sl, ip, pc}^
 1e8:	00001301 	andeq	r1, r0, r1, lsl #6
 1ec:	03003424 	movweq	r3, #1060	; 0x424
	for(i = 0; i < 4; i++){
 1f0:	3b0b3a0e 	blcc	2cea30 <scb_cpacr+0x2cea30>
 1f4:	490b390b 	stmdbmi	fp, {r0, r1, r3, r8, fp, ip, sp}
 1f8:	00180213 	andseq	r0, r8, r3, lsl r2
	printf("}\n");
 1fc:	00342500 	eorseq	r2, r4, r0, lsl #10
	free(dynamic_arr_1);
 200:	0b3a0803 	bleq	e82214 <scb_cpacr+0xe82214>
 204:	0b390b3b 	bleq	e42ef8 <scb_cpacr+0xe42ef8>
	dynamic_arr_3 = (uint8_t *)malloc(sizeof(uint16_t)*4);
 208:	18021349 	stmdane	r2, {r0, r3, r6, r8, r9, ip}
 20c:	2e260000 	cdpcs	0, 2, cr0, cr6, cr0, {0}
	for(i = 0; i < 4; i++){
 210:	03193f01 	tsteq	r9, #1, 30
 214:	3b0b3a0e 	blcc	2cea54 <scb_cpacr+0x2cea54>
		dynamic_arr_3[i] = static_arr_3[i];
 218:	270b390b 	strcs	r3, [fp, -fp, lsl #18]
 21c:	11134919 	tstne	r3, r9, lsl r9
 220:	40061201 	andmi	r1, r6, r1, lsl #4
 224:	19429718 	stmdbne	r2, {r3, r4, r8, r9, sl, ip, pc}^
 228:	Address 0x0000000000000228 is out of bounds.


Disassembly of section .debug_aranges:

00000000 <.debug_aranges>:
   0:	00000024 	andeq	r0, r0, r4, lsr #32
unsigned long start_of_heap_get(void){
   4:	00000002 	andeq	r0, r0, r2
	return (unsigned long)&_sheap;
   8:	00040000 	andeq	r0, r4, r0
	...
}
  14:	00000014 	andeq	r0, r0, r4, lsl r0
  18:	00000000 	andeq	r0, r0, r0
  1c:	00000204 	andeq	r0, r0, r4, lsl #4
	...

Disassembly of section .debug_ranges:

00000000 <.debug_ranges>:
   0:	00000000 	andeq	r0, r0, r0
unsigned long start_of_heap_get(void){
   4:	00000014 	andeq	r0, r0, r4, lsl r0
	return (unsigned long)&_sheap;
   8:	00000000 	andeq	r0, r0, r0
}
   c:	00000204 	andeq	r0, r0, r4, lsl #4
	...

Disassembly of section .debug_line:

00000000 <.debug_line>:
   0:	00000380 	andeq	r0, r0, r0, lsl #7
unsigned long start_of_heap_get(void){
   4:	01d50003 	bicseq	r0, r5, r3
	return (unsigned long)&_sheap;
   8:	01020000 	mrseq	r0, (UNDEF: 2)
}
   c:	000d0efb 	strdeq	r0, [sp], -fp
  10:	01010101 	tsteq	r1, r1, lsl #2
  14:	01000000 	mrseq	r0, (UNDEF: 0)
  18:	2f010000 	svccs	0x00010000
  1c:	656d6f68 	strbvs	r6, [sp, #-3944]!	; 0xfffff098
  20:	6f626c2f 	svcvs	0x00626c2f
  24:	6e616467 	cdpvs	4, 6, cr6, cr1, cr7, {3}
  28:	702f766f 	eorvc	r7, pc, pc, ror #12
  2c:	72676f72 	rsbvc	r6, r7, #456	; 0x1c8
  30:	2f736d61 	svccs	0x00736d61
  34:	2d636367 	stclcs	3, cr6, [r3, #-412]!	; 0xfffffe64
  38:	2d6d7261 	sfmcs	f7, 2, [sp, #-388]!	; 0xfffffe7c
  3c:	656e6f6e 	strbvs	r6, [lr, #-3950]!	; 0xfffff092
  40:	6261652d 	rsbvs	r6, r1, #188743680	; 0xb400000
  44:	2d382d69 	ldccs	13, cr2, [r8, #-420]!	; 0xfffffe5c
  48:	38313032 	ldmdacc	r1!, {r1, r4, r5, ip, sp}
  4c:	2d34712d 	ldfcss	f7, [r4, #-180]!	; 0xffffff4c
  50:	6f6a616d 	svcvs	0x006a616d
  54:	72612f72 	rsbvc	r2, r1, #456	; 0x1c8
  58:	6f6e2d6d 	svcvs	0x006e2d6d
  5c:	652d656e 	strvs	r6, [sp, #-1390]!	; 0xfffffa92
  60:	2f696261 	svccs	0x00696261
  64:	6c636e69 	stclvs	14, cr6, [r3], #-420	; 0xfffffe5c
  68:	2f656475 	svccs	0x00656475
  6c:	6863616d 	stmdavs	r3!, {r0, r2, r3, r5, r6, r8, sp, lr}^
  70:	00656e69 	rsbeq	r6, r5, r9, ror #28
  74:	6d6f682f 	stclvs	8, cr6, [pc, #-188]!	; ffffffc0 <scb_cpacr+0xffffffc0>
  78:	626c2f65 	rsbvs	r2, ip, #404	; 0x194
  7c:	6164676f 	cmnvs	r4, pc, ror #14
  80:	2f766f6e 	svccs	0x00766f6e
  84:	676f7270 			; <UNDEFINED> instruction: 0x676f7270
  88:	736d6172 	cmnvc	sp, #-2147483620	; 0x8000001c
  8c:	6363672f 	cmnvs	r3, #12320768	; 0xbc0000
  90:	6d72612d 	ldfvse	f6, [r2, #-180]!	; 0xffffff4c
  94:	6e6f6e2d 	cdpvs	14, 6, cr6, cr15, cr13, {1}
  98:	61652d65 	cmnvs	r5, r5, ror #26
  9c:	382d6962 	stmdacc	sp!, {r1, r5, r6, r8, fp, sp, lr}
  a0:	3130322d 	teqcc	r0, sp, lsr #4
  a4:	34712d38 	ldrbtcc	r2, [r1], #-3384	; 0xfffff2c8
  a8:	6a616d2d 	bvs	185b564 <scb_cpacr+0x185b564>
  ac:	612f726f 			; <UNDEFINED> instruction: 0x612f726f
  b0:	6e2d6d72 	mcrvs	13, 1, r6, cr13, cr2, {3}
  b4:	2d656e6f 	stclcs	14, cr6, [r5, #-444]!	; 0xfffffe44
  b8:	69626165 	stmdbvs	r2!, {r0, r2, r5, r6, r8, sp, lr}^
  bc:	636e692f 	cmnvs	lr, #770048	; 0xbc000
  c0:	6564756c 	strbvs	r7, [r4, #-1388]!	; 0xfffffa94
  c4:	7379732f 	cmnvc	r9, #-1140850688	; 0xbc000000
  c8:	6f682f00 	svcvs	0x00682f00
  cc:	6c2f656d 	cfstr32vs	mvfx6, [pc], #-436	; ffffff20 <scb_cpacr+0xffffff20>
  d0:	64676f62 	strbtvs	r6, [r7], #-3938	; 0xfffff09e
  d4:	766f6e61 	strbtvc	r6, [pc], -r1, ror #28
int main(void){
  d8:	6f72702f 	svcvs	0x0072702f
  dc:	6d617267 	sfmvs	f7, 2, [r1, #-412]!	; 0xfffffe64
	const uint32_t static_arr_1[10] = {0x11111111, 0x22222222, 0x33333333, 0x44444444, 0x55555555, 0x66666666, 0x77777777, 0x88888888, 0x99999999, 0xaaaaaaaa};
  e0:	63672f73 	cmnvs	r7, #460	; 0x1cc
  e4:	72612d63 	rsbvc	r2, r1, #6336	; 0x18c0
  e8:	6f6e2d6d 	svcvs	0x006e2d6d
  ec:	652d656e 	strvs	r6, [sp, #-1390]!	; 0xfffffa92
  f0:	2d696261 	sfmcs	f6, 2, [r9, #-388]!	; 0xfffffe7c
  f4:	30322d38 	eorscc	r2, r2, r8, lsr sp
	const uint16_t static_arr_2[4] = {0xbaba, 0xdede, 0xcece, 0xfefe};
  f8:	712d3831 			; <UNDEFINED> instruction: 0x712d3831
  fc:	616d2d34 	cmnvs	sp, r4, lsr sp
 100:	2f726f6a 	svccs	0x00726f6a
	const uint8_t static_arr_3[4] = {0xde, 0xad, 0xbe, 0xef};
 104:	2f62696c 	svccs	0x0062696c
 108:	2f636367 	svccs	0x00636367
	*scb_cpacr |= SCB_CPACR_CP10_CP11_EN; //Enable ARM's FPU
 10c:	2d6d7261 	sfmcs	f7, 2, [sp, #-388]!	; 0xfffffe7c
 110:	656e6f6e 	strbvs	r6, [lr, #-3950]!	; 0xfffff092
 114:	6261652d 	rsbvs	r6, r1, #188743680	; 0xb400000
 118:	2e382f69 	cdpcs	15, 3, cr2, cr8, cr9, {3}
	led_init();
 11c:	2f312e32 	svccs	0x00312e32
	uart_init(CONFIG_UART_BAUD_RATE);
 120:	6c636e69 	stclvs	14, cr6, [r3], #-420	; 0xfffffe5c
 124:	00656475 	rsbeq	r6, r5, r5, ror r4
	button_init();
 128:	6d6f682f 	stclvs	8, cr6, [pc, #-188]!	; 74 <.debug_line+0x74>
	printf("The start of the HEAP segment: 0x%08X\n", start_of_heap_get());
 12c:	626c2f65 	rsbvs	r2, ip, #404	; 0x194
 130:	6164676f 	cmnvs	r4, pc, ror #14
 134:	2f766f6e 	svccs	0x00766f6e
	dynamic_arr_1 = (uint32_t *)malloc(sizeof(uint32_t)*10);
 138:	676f7270 			; <UNDEFINED> instruction: 0x676f7270
 13c:	736d6172 	cmnvc	sp, #-2147483620	; 0x8000001c
 140:	6363672f 	cmnvs	r3, #12320768	; 0xbc0000
	for(i = 0; i < 10; i++){
 144:	6d72612d 	ldfvse	f6, [r2, #-180]!	; 0xffffff4c
		dynamic_arr_1[i] = static_arr_1[i];
 148:	6e6f6e2d 	cdpvs	14, 6, cr6, cr15, cr13, {1}
 14c:	61652d65 	cmnvs	r5, r5, ror #26
 150:	382d6962 	stmdacc	sp!, {r1, r5, r6, r8, fp, sp, lr}
 154:	3130322d 	teqcc	r0, sp, lsr #4
 158:	34712d38 	ldrbtcc	r2, [r1], #-3384	; 0xfffff2c8
 15c:	6a616d2d 	bvs	185b618 <scb_cpacr+0x185b618>
	for(i = 0; i < 10; i++){
 160:	612f726f 			; <UNDEFINED> instruction: 0x612f726f
 164:	6e2d6d72 	mcrvs	13, 1, r6, cr13, cr2, {3}
 168:	2d656e6f 	stclcs	14, cr6, [r5, #-444]!	; 0xfffffe44
	dynamic_arr_2 = (uint16_t *)malloc(sizeof(uint16_t)*4);
 16c:	69626165 	stmdbvs	r2!, {r0, r2, r5, r6, r8, sp, lr}^
 170:	636e692f 	cmnvs	lr, #770048	; 0xbc000
 174:	6564756c 	strbvs	r7, [r4, #-1388]!	; 0xfffffa94
	for(i = 0; i < 4; i++){
 178:	616d0000 	cmnvs	sp, r0
		dynamic_arr_2[i] = static_arr_2[i];
 17c:	632e6e69 			; <UNDEFINED> instruction: 0x632e6e69
 180:	00000000 	andeq	r0, r0, r0
 184:	6665645f 			; <UNDEFINED> instruction: 0x6665645f
 188:	746c7561 	strbtvc	r7, [ip], #-1377	; 0xfffffa9f
 18c:	7079745f 	rsbsvc	r7, r9, pc, asr r4
 190:	682e7365 	stmdavs	lr!, {r0, r2, r5, r6, r8, r9, ip, sp, lr}
	for(i = 0; i < 4; i++){
 194:	00000100 	andeq	r0, r0, r0, lsl #2
 198:	6b636f6c 	blvs	18dbf50 <scb_cpacr+0x18dbf50>
 19c:	0200682e 	andeq	r6, r0, #3014656	; 0x2e0000
	printf("\n dynamic_arr_1[ ] = {\n");
 1a0:	745f0000 	ldrbvc	r0, [pc], #-0	; 1a8 <.debug_line+0x1a8>
 1a4:	73657079 	cmnvc	r5, #121	; 0x79
	for(i = 0; i < 10; i++){
 1a8:	0200682e 	andeq	r6, r0, #3014656	; 0x2e0000
		printf("0x%08X\n", dynamic_arr_1[i]);
 1ac:	74730000 	ldrbtvc	r0, [r3], #-0
 1b0:	66656464 	strbtvs	r6, [r5], -r4, ror #8
 1b4:	0300682e 	movweq	r6, #2094	; 0x82e
 1b8:	65720000 	ldrbvs	r0, [r2, #-0]!
 1bc:	2e746e65 	cdpcs	14, 7, cr6, cr4, cr5, {3}
	for(i = 0; i < 10; i++){
 1c0:	00020068 	andeq	r0, r2, r8, rrx
 1c4:	64747300 	ldrbtvs	r7, [r4], #-768	; 0xfffffd00
 1c8:	2e62696c 	vnmulcs.f16	s13, s4, s25	; <UNPREDICTABLE>
	printf("}\n");
 1cc:	00040068 	andeq	r0, r4, r8, rrx
	printf("\n dynamic_arr_2[ ] = {\n");
 1d0:	74735f00 	ldrbtvc	r5, [r3], #-3840	; 0xfffff100
 1d4:	746e6964 	strbtvc	r6, [lr], #-2404	; 0xfffff69c
	for(i = 0; i < 4; i++){
 1d8:	0200682e 	andeq	r6, r0, #3014656	; 0x2e0000
		printf("0x%04X\n", dynamic_arr_2[i]);
 1dc:	05000000 	streq	r0, [r0, #-0]
 1e0:	02050026 	andeq	r0, r5, #38	; 0x26
 1e4:	00000000 	andeq	r0, r0, r0
 1e8:	05010f03 	streq	r0, [r1, #-3843]	; 0xfffff0fd
 1ec:	01053009 	tsteq	r5, r9
	for(i = 0; i < 4; i++){
 1f0:	00070221 	andeq	r0, r7, r1, lsr #4
 1f4:	0f050101 	svceq	0x00050101
 1f8:	00020500 	andeq	r0, r2, r0, lsl #10
	printf("}\n");
 1fc:	03000000 	movweq	r0, #0
	free(dynamic_arr_1);
 200:	1105011c 	tstne	r5, ip, lsl r1
 204:	1005bb3d 	andne	fp, r5, sp, lsr fp
	dynamic_arr_3 = (uint8_t *)malloc(sizeof(uint16_t)*4);
 208:	420d0575 	andmi	r0, sp, #490733568	; 0x1d400000
 20c:	2f840205 	svccs	0x00840205
	for(i = 0; i < 4; i++){
 210:	1e05314c 	adfnesm	f3, f5, #4.0
 214:	5a080576 	bpl	2017f4 <scb_cpacr+0x2017f4>
		dynamic_arr_3[i] = static_arr_3[i];
 218:	052e0205 	streq	r0, [lr, #-517]!	; 0xfffffdfb
 21c:	04020022 	streq	r0, [r2], #-34	; 0xffffffde
 220:	10052103 	andne	r2, r5, r3, lsl #2
 224:	03040200 	movweq	r0, #16896	; 0x4200
 228:	00220520 	eoreq	r0, r2, r0, lsr #10
	for(i = 0; i < 4; i++){
 22c:	4a030402 	bmi	c123c <scb_cpacr+0xc123c>
 230:	02001405 	andeq	r1, r0, #83886080	; 0x5000000
 234:	05660304 	strbeq	r0, [r6, #-772]!	; 0xfffffcfc
	printf("\n dynamic_arr_3[ ] = {\n");
 238:	04020016 	streq	r0, [r2], #-22	; 0xffffffea
 23c:	0f051f03 	svceq	0x00051f03
	for(i = 0; i < 4; i++){
 240:	01040200 	mrseq	r0, R12_usr
		printf("0x%02X\n", dynamic_arr_3[i]);
 244:	0002053c 	andeq	r0, r2, ip, lsr r5
 248:	20010402 	andcs	r0, r1, r2, lsl #8
 24c:	05321e05 	ldreq	r1, [r2, #-3589]!	; 0xfffff1fb
 250:	02055a08 	andeq	r5, r5, #8, 20	; 0x8000
 254:	0022052e 	eoreq	r0, r2, lr, lsr #10
	for(i = 0; i < 4; i++){
 258:	21030402 	tstcs	r3, r2, lsl #8
 25c:	02001005 	andeq	r1, r0, #5
 260:	05200304 	streq	r0, [r0, #-772]!	; 0xfffffcfc
	printf("}\n");
 264:	04020022 	streq	r0, [r2], #-34	; 0xffffffde
	free(dynamic_arr_2);
 268:	14054a03 	strne	r4, [r5], #-2563	; 0xfffff5fd
 26c:	03040200 	movweq	r0, #16896	; 0x4200
	free(dynamic_arr_3);
 270:	00150566 	andseq	r0, r5, r6, ror #10
		led_set();
 274:	1f030402 	svcne	0x00030402
		for(i = 0; i < 50000; i++){ }
 278:	02000f05 	andeq	r0, r0, #5, 30
 27c:	053c0104 	ldreq	r0, [ip, #-260]!	; 0xfffffefc
 280:	04020002 	streq	r0, [r2], #-2
 284:	05322001 	ldreq	r2, [r2, #-1]!
 288:	02053d08 	andeq	r3, r5, #8, 26	; 0x200
 28c:	0023052e 	eoreq	r0, r3, lr, lsr #10
		led_clear();
 290:	21030402 	tstcs	r3, r2, lsl #8
		for(i = 0; i < 50000; i++){ }
 294:	02000305 	andeq	r0, r0, #335544320	; 0x14000000
 298:	054a0304 	strbeq	r0, [sl, #-772]	; 0xfffffcfc
 29c:	04020016 	streq	r0, [r2], #-22	; 0xffffffea
 2a0:	0f055703 	svceq	0x00055703
 2a4:	01040200 	mrseq	r0, R12_usr
		led_set();
 2a8:	0002053c 	andeq	r0, r2, ip, lsr r5
 2ac:	20010402 	andcs	r0, r1, r2, lsl #8
 2b0:	08053e31 	stmdaeq	r5, {r0, r4, r5, r9, sl, fp, ip, sp}
 2b4:	2e02053d 	mcrcs	5, 0, r0, cr2, cr13, {1}
 2b8:	02002305 	andeq	r2, r0, #335544320	; 0x14000000
 2bc:	05210304 	streq	r0, [r1, #-772]!	; 0xfffffcfc
 2c0:	04020003 	streq	r0, [r2], #-3
 2c4:	15055803 	strne	r5, [r5, #-2051]	; 0xfffff7fd
 2c8:	03040200 	movweq	r0, #16896	; 0x4200
 2cc:	000f0549 	andeq	r0, pc, r9, asr #10
 2d0:	3c010402 	cfstrscc	mvf0, [r1], {2}
 2d4:	02000205 	andeq	r0, r0, #1342177280	; 0x50000000
 2d8:	31200104 			; <UNDEFINED> instruction: 0x31200104
 2dc:	3e1d053e 	mrccc	5, 0, r0, cr13, cr14, {1}
 2e0:	055a0805 	ldrbeq	r0, [sl, #-2053]	; 0xfffff7fb
 2e4:	22052e02 	andcs	r2, r5, #2, 28
 2e8:	03040200 	movweq	r0, #16896	; 0x4200
 2ec:	00100521 	andseq	r0, r0, r1, lsr #10
 2f0:	20030402 	andcs	r0, r3, r2, lsl #8
 2f4:	02002205 	andeq	r2, r0, #1342177280	; 0x50000000
 2f8:	054a0304 	strbeq	r0, [sl, #-772]	; 0xfffffcfc
 2fc:	04020014 	streq	r0, [r2], #-20	; 0xffffffec
 300:	15055803 	strne	r5, [r5, #-2051]	; 0xfffff7fd
 304:	03040200 	movweq	r0, #16896	; 0x4200
 308:	000f051f 	andeq	r0, pc, pc, lsl r5	; <UNPREDICTABLE>
 30c:	3c010402 	cfstrscc	mvf0, [r1], {2}
 310:	02000205 	andeq	r0, r0, #1342177280	; 0x50000000
 314:	32200104 	eorcc	r0, r0, #4, 2
 318:	053d0805 	ldreq	r0, [sp, #-2053]!	; 0xfffff7fb
 31c:	23052e02 	movwcs	r2, #24066	; 0x5e02
 320:	03040200 	movweq	r0, #16896	; 0x4200
 324:	00030521 	andeq	r0, r3, r1, lsr #10
 328:	58030402 	stmdapl	r3, {r1, sl}
 32c:	02001505 	andeq	r1, r0, #20971520	; 0x1400000
 330:	05490304 	strbeq	r0, [r9, #-772]	; 0xfffffcfc
 334:	0402000f 	streq	r0, [r2], #-15
 338:	02053c01 	andeq	r3, r5, #256	; 0x100
 33c:	01040200 	mrseq	r0, R12_usr
 340:	3d3e3120 	ldfccs	f3, [lr, #-128]!	; 0xffffff80
 344:	053f0305 	ldreq	r0, [pc, #-773]!	; 47 <.debug_line+0x47>
 348:	03052f09 	movweq	r2, #24329	; 0x5f09
 34c:	001a052e 	andseq	r0, sl, lr, lsr #10
 350:	20030402 	andcs	r0, r3, r2, lsl #8
 354:	02001005 	andeq	r1, r0, #5
 358:	053c0104 	ldreq	r0, [ip, #-260]!	; 0xfffffefc
 35c:	04020003 	streq	r0, [r2], #-3
 360:	054b2001 	strbeq	r2, [fp, #-1]
 364:	03052f09 	movweq	r2, #24329	; 0x5f09
 368:	001a052e 	andseq	r0, sl, lr, lsr #10
 36c:	20030402 	andcs	r0, r3, r2, lsl #8
 370:	02001005 	andeq	r1, r0, #5
 374:	053c0104 	ldreq	r0, [ip, #-260]!	; 0xfffffefc
 378:	04020003 	streq	r0, [r2], #-3
 37c:	02472001 	subeq	r2, r7, #1
 380:	0101001a 	tsteq	r1, sl, lsl r0

Disassembly of section .debug_str:

00000000 <.debug_str>:
   0:	6f73645f 	svcvs	0x0073645f
unsigned long start_of_heap_get(void){
   4:	6e61685f 	mcrvs	8, 3, r6, cr1, cr15, {2}
	return (unsigned long)&_sheap;
   8:	00656c64 	rsbeq	r6, r5, r4, ror #24
}
   c:	7a69735f 	bvc	1a5cd90 <scb_cpacr+0x1a5cd90>
  10:	725f0065 	subsvc	r0, pc, #101	; 0x65
  14:	34646e61 	strbtcc	r6, [r4], #-3681	; 0xfffff19f
  18:	655f0038 	ldrbvs	r0, [pc, #-56]	; ffffffe8 <scb_cpacr+0xffffffe8>
  1c:	6772656d 	ldrbvs	r6, [r2, -sp, ror #10]!
  20:	79636e65 	stmdbvc	r3!, {r0, r2, r5, r6, r9, sl, fp, sp, lr}^
  24:	755f5f00 	ldrbvc	r5, [pc, #-3840]	; fffff12c <scb_cpacr+0xfffff12c>
  28:	38746e69 	ldmdacc	r4!, {r0, r3, r5, r6, r9, sl, fp, sp, lr}^
  2c:	5f00745f 	svcpl	0x0000745f
  30:	61746164 	cmnvs	r4, r4, ror #2
  34:	6e796400 	cdpvs	4, 7, cr6, cr9, cr0, {0}
  38:	63696d61 	cmnvs	r9, #6208	; 0x1840
  3c:	7272615f 	rsbsvc	r6, r2, #-1073741801	; 0xc0000017
  40:	5f00325f 	svcpl	0x0000325f
  44:	74726377 	ldrbtvc	r6, [r2], #-887	; 0xfffffc89
  48:	5f626d6f 	svcpl	0x00626d6f
  4c:	74617473 	strbtvc	r7, [r1], #-1139	; 0xfffffb8d
  50:	775f0065 	ldrbvc	r0, [pc, -r5, rrx]
  54:	74727363 	ldrbtvc	r7, [r2], #-867	; 0xfffffc9d
  58:	73626d6f 	cmnvc	r2, #7104	; 0x1bc0
  5c:	6174735f 	cmnvs	r4, pc, asr r3
  60:	2f006574 	svccs	0x00006574
  64:	656d6f68 	strbvs	r6, [sp, #-3944]!	; 0xfffff098
  68:	6f626c2f 	svcvs	0x00626c2f
  6c:	6e616467 	cdpvs	4, 6, cr6, cr1, cr7, {3}
  70:	672f766f 	strvs	r7, [pc, -pc, ror #12]!
  74:	705f7469 	subsvc	r7, pc, r9, ror #8
  78:	656a6f72 	strbvs	r6, [sl, #-3954]!	; 0xfffff08e
  7c:	2f737463 	svccs	0x00737463
  80:	5f62616c 	svcpl	0x0062616c
  84:	5f727075 	svcpl	0x00727075
  88:	5f637273 	svcpl	0x00637273
  8c:	65646f63 	strbvs	r6, [r4, #-3939]!	; 0xfffff09d
  90:	62616c2f 	rsbvs	r6, r1, #12032	; 0x2f00
  94:	7270755f 	rsbsvc	r7, r0, #398458880	; 0x17c00000
  98:	675f345f 			; <UNDEFINED> instruction: 0x675f345f
  9c:	302f6363 	eorcc	r6, pc, r3, ror #6
  a0:	2f385f34 	svccs	0x00385f34
  a4:	6e6f6c00 	cdpvs	12, 6, cr6, cr15, cr0, {0}
  a8:	6f6c2067 	svcvs	0x006c2067
  ac:	7520676e 	strvc	r6, [r0, #-1902]!	; 0xfffff892
  b0:	6769736e 	strbvs	r7, [r9, -lr, ror #6]!
  b4:	2064656e 	rsbcs	r6, r4, lr, ror #10
  b8:	00746e69 	rsbseq	r6, r4, r9, ror #28
  bc:	66626c5f 			; <UNDEFINED> instruction: 0x66626c5f
  c0:	657a6973 	ldrbvs	r6, [sl, #-2419]!	; 0xfffff68d
  c4:	554e4700 	strbpl	r4, [lr, #-1792]	; 0xfffff900
  c8:	37314320 	ldrcc	r4, [r1, -r0, lsr #6]!
  cc:	322e3820 	eorcc	r3, lr, #32, 16	; 0x200000
  d0:	3220312e 	eorcc	r3, r0, #-2147483637	; 0x8000000b
  d4:	31383130 	teqcc	r8, r0, lsr r1
int main(void){
  d8:	20333132 	eorscs	r3, r3, r2, lsr r1
  dc:	6c657228 	sfmvs	f7, 2, [r5], #-160	; 0xffffff60
	const uint32_t static_arr_1[10] = {0x11111111, 0x22222222, 0x33333333, 0x44444444, 0x55555555, 0x66666666, 0x77777777, 0x88888888, 0x99999999, 0xaaaaaaaa};
  e0:	65736165 	ldrbvs	r6, [r3, #-357]!	; 0xfffffe9b
  e4:	675b2029 	ldrbvs	r2, [fp, -r9, lsr #32]
  e8:	382d6363 	stmdacc	sp!, {r0, r1, r5, r6, r8, r9, sp, lr}
  ec:	6172622d 	cmnvs	r2, sp, lsr #4
  f0:	2068636e 	rsbcs	r6, r8, lr, ror #6
  f4:	69766572 	ldmdbvs	r6!, {r1, r4, r5, r6, r8, sl, sp, lr}^
	const uint16_t static_arr_2[4] = {0xbaba, 0xdede, 0xcece, 0xfefe};
  f8:	6e6f6973 			; <UNDEFINED> instruction: 0x6e6f6973
  fc:	37363220 	ldrcc	r3, [r6, -r0, lsr #4]!
 100:	5d343730 	ldcpl	7, cr3, [r4, #-192]!	; 0xffffff40
	const uint8_t static_arr_3[4] = {0xde, 0xad, 0xbe, 0xef};
 104:	636d2d20 	cmnvs	sp, #32, 26	; 0x800
 108:	633d7570 	teqvs	sp, #112, 10	; 0x1c000000
	*scb_cpacr |= SCB_CPACR_CP10_CP11_EN; //Enable ARM's FPU
 10c:	6574726f 	ldrbvs	r7, [r4, #-623]!	; 0xfffffd91
 110:	376d2d78 			; <UNDEFINED> instruction: 0x376d2d78
 114:	746d2d20 	strbtvc	r2, [sp], #-3360	; 0xfffff2e0
 118:	626d7568 	rsbvs	r7, sp, #104, 10	; 0x1a000000
	led_init();
 11c:	666d2d20 	strbtvs	r2, [sp], -r0, lsr #26
	uart_init(CONFIG_UART_BAUD_RATE);
 120:	74616f6c 	strbtvc	r6, [r1], #-3948	; 0xfffff094
 124:	6962612d 	stmdbvs	r2!, {r0, r2, r3, r5, r8, sp, lr}^
	button_init();
 128:	7261683d 	rsbvc	r6, r1, #3997696	; 0x3d0000
	printf("The start of the HEAP segment: 0x%08X\n", start_of_heap_get());
 12c:	6d2d2064 	stcvs	0, cr2, [sp, #-400]!	; 0xfffffe70
 130:	3d757066 	ldclcc	0, cr7, [r5, #-408]!	; 0xfffffe68
 134:	35767066 	ldrbcc	r7, [r6, #-102]!	; 0xffffff9a
	dynamic_arr_1 = (uint32_t *)malloc(sizeof(uint32_t)*10);
 138:	3631642d 	ldrtcc	r6, [r1], -sp, lsr #8
 13c:	616d2d20 	cmnvs	sp, r0, lsr #26
 140:	3d686372 	stclcc	3, cr6, [r8, #-456]!	; 0xfffffe38
	for(i = 0; i < 10; i++){
 144:	766d7261 	strbtvc	r7, [sp], -r1, ror #4
		dynamic_arr_1[i] = static_arr_1[i];
 148:	6d2d6537 	cfstr32vs	mvfx6, [sp, #-220]!	; 0xffffff24
 14c:	2e70662b 	cdpcs	6, 7, cr6, cr0, cr11, {1}
 150:	2d207064 	stccs	0, cr7, [r0, #-400]!	; 0xfffffe70
 154:	4f2d2067 	svcmi	0x002d2067
 158:	662d2030 			; <UNDEFINED> instruction: 0x662d2030
 15c:	636e7566 	cmnvs	lr, #427819008	; 0x19800000
	for(i = 0; i < 10; i++){
 160:	6e6f6974 			; <UNDEFINED> instruction: 0x6e6f6974
 164:	6365732d 	cmnvs	r5, #-1275068416	; 0xb4000000
 168:	6e6f6974 			; <UNDEFINED> instruction: 0x6e6f6974
	dynamic_arr_2 = (uint16_t *)malloc(sizeof(uint16_t)*4);
 16c:	6d5f0073 	ldclvs	0, cr0, [pc, #-460]	; ffffffa8 <scb_cpacr+0xffffffa8>
 170:	6f747262 	svcvs	0x00747262
 174:	735f6377 	cmpvc	pc, #-603979775	; 0xdc000001
	for(i = 0; i < 4; i++){
 178:	65746174 	ldrbvs	r6, [r4, #-372]!	; 0xfffffe8c
		dynamic_arr_2[i] = static_arr_2[i];
 17c:	745f5f00 	ldrbvc	r5, [pc], #-3840	; 184 <.debug_str+0x184>
 180:	65735f6d 	ldrbvs	r5, [r3, #-3949]!	; 0xfffff093
 184:	6f6c0063 	svcvs	0x006c0063
 188:	6c20676e 	stcvs	7, cr6, [r0], #-440	; 0xfffffe48
 18c:	20676e6f 	rsbcs	r6, r7, pc, ror #28
 190:	00746e69 	rsbseq	r6, r4, r9, ror #28
	for(i = 0; i < 4; i++){
 194:	6e676973 			; <UNDEFINED> instruction: 0x6e676973
 198:	63206465 			; <UNDEFINED> instruction: 0x63206465
 19c:	00726168 	rsbseq	r6, r2, r8, ror #2
	printf("\n dynamic_arr_1[ ] = {\n");
 1a0:	7562755f 	strbvc	r7, [r2, #-1375]!	; 0xfffffaa1
 1a4:	625f0066 	subsvs	r0, pc, #102	; 0x66
	for(i = 0; i < 10; i++){
 1a8:	00657361 	rsbeq	r7, r5, r1, ror #6
		printf("0x%08X\n", dynamic_arr_1[i]);
 1ac:	6d745f5f 	ldclvs	15, cr5, [r4, #-380]!	; 0xfffffe84
 1b0:	756f685f 	strbvc	r6, [pc, #-2143]!	; fffff959 <scb_cpacr+0xfffff959>
 1b4:	5f5f0072 	svcpl	0x005f0072
 1b8:	5f006673 	svcpl	0x00006673
 1bc:	655f6e6f 	ldrbvs	r6, [pc, #-3695]	; fffff355 <scb_cpacr+0xfffff355>
	for(i = 0; i < 10; i++){
 1c0:	5f746978 	svcpl	0x00746978
 1c4:	73677261 	cmnvc	r7, #268435462	; 0x10000006
 1c8:	6f635f00 	svcvs	0x00635f00
	printf("}\n");
 1cc:	65696b6f 	strbvs	r6, [r9, #-2927]!	; 0xfffff491
	printf("\n dynamic_arr_2[ ] = {\n");
 1d0:	735f5f00 	cmpvc	pc, #0, 30
 1d4:	65756c67 	ldrbvs	r6, [r5, #-3175]!	; 0xfffff399
	for(i = 0; i < 4; i++){
 1d8:	6e6f6c00 	cdpvs	12, 6, cr6, cr15, cr0, {0}
		printf("0x%04X\n", dynamic_arr_2[i]);
 1dc:	6e692067 	cdpvs	0, 6, cr2, cr9, cr7, {3}
 1e0:	665f0074 			; <UNDEFINED> instruction: 0x665f0074
 1e4:	7367616c 	cmnvc	r7, #108, 2
 1e8:	73695f00 	cmnvc	r9, #0, 30
 1ec:	6178635f 	cmnvs	r8, pc, asr r3
	for(i = 0; i < 4; i++){
 1f0:	74735f00 	ldrbtvc	r5, [r3], #-3840	; 0xfffff100
 1f4:	006e6964 	rsbeq	r6, lr, r4, ror #18
 1f8:	6b6c625f 	blvs	1b18b7c <scb_cpacr+0x1b18b7c>
	printf("}\n");
 1fc:	657a6973 	ldrbvs	r6, [sl, #-2419]!	; 0xfffff68d
	free(dynamic_arr_1);
 200:	6e697500 	cdpvs	5, 6, cr7, cr9, cr0, {0}
 204:	5f363174 	svcpl	0x00363174
	dynamic_arr_3 = (uint8_t *)malloc(sizeof(uint16_t)*4);
 208:	635f0074 	cmpvs	pc, #116	; 0x74
 20c:	75627476 	strbvc	r7, [r2, #-1142]!	; 0xfffffb8a
	for(i = 0; i < 4; i++){
 210:	6f5f0066 	svcvs	0x005f0066
 214:	65736666 	ldrbvs	r6, [r3, #-1638]!	; 0xfffff99a
		dynamic_arr_3[i] = static_arr_3[i];
 218:	6d5f0074 	ldclvs	0, cr0, [pc, #-464]	; 50 <.debug_str+0x50>
 21c:	74727362 	ldrbtvc	r7, [r2], #-866	; 0xfffffc9e
 220:	7363776f 	cmnvc	r3, #29097984	; 0x1bc0000
 224:	6174735f 	cmnvs	r4, pc, asr r3
 228:	73006574 	movwvc	r6, #1396	; 0x574
	for(i = 0; i < 4; i++){
 22c:	635f6263 	cmpvs	pc, #805306374	; 0x30000006
 230:	72636170 	rsbvc	r6, r3, #112, 2
 234:	626d5f00 	rsbvs	r5, sp, #0, 30
	printf("\n dynamic_arr_3[ ] = {\n");
 238:	6e656c72 	mcrvs	12, 3, r6, cr5, cr2, {3}
 23c:	6174735f 	cmnvs	r4, pc, asr r3
	for(i = 0; i < 4; i++){
 240:	5f006574 	svcpl	0x00006574
		printf("0x%02X\n", dynamic_arr_3[i]);
 244:	72616e66 	rsbvc	r6, r1, #1632	; 0x660
 248:	5f007367 	svcpl	0x00007367
 24c:	00736e66 	rsbseq	r6, r3, r6, ror #28
 250:	69755f5f 	ldmdbvs	r5!, {r0, r1, r2, r3, r4, r6, r8, r9, sl, fp, ip, lr}^
 254:	3233746e 	eorscc	r7, r3, #1845493760	; 0x6e000000
	for(i = 0; i < 4; i++){
 258:	5f00745f 	svcpl	0x0000745f
 25c:	6e676973 			; <UNDEFINED> instruction: 0x6e676973
 260:	6c665f00 	stclvs	15, cr5, [r6], #-0
	printf("}\n");
 264:	5f6b636f 	svcpl	0x006b636f
	free(dynamic_arr_2);
 268:	735f0074 	cmpvc	pc, #116	; 0x74
 26c:	72656474 	rsbvc	r6, r5, #116, 8	; 0x74000000
	free(dynamic_arr_3);
 270:	425f0072 	subsmi	r0, pc, #114	; 0x72
		led_set();
 274:	6e696769 	cdpvs	7, 6, cr6, cr9, cr9, {3}
		for(i = 0; i < 50000; i++){ }
 278:	675f0074 			; <UNDEFINED> instruction: 0x675f0074
 27c:	616d6d61 	cmnvs	sp, r1, ror #26
 280:	6769735f 			; <UNDEFINED> instruction: 0x6769735f
 284:	6d61676e 	stclvs	7, cr6, [r1, #-440]!	; 0xfffffe48
 288:	68735f00 	ldmdavs	r3!, {r8, r9, sl, fp, ip, lr}^
 28c:	00706165 	rsbseq	r6, r0, r5, ror #2
		led_clear();
 290:	6165725f 	cmnvs	r5, pc, asr r2
		for(i = 0; i < 50000; i++){ }
 294:	725f0064 	subsvc	r0, pc, #100	; 0x64
 298:	6c757365 	ldclvs	3, cr7, [r5], #-404	; 0xfffffe6c
 29c:	006b5f74 	rsbeq	r5, fp, r4, ror pc
 2a0:	6d745f5f 	ldclvs	15, cr5, [r4, #-380]!	; 0xfffffe84
 2a4:	736e7500 	cmnvc	lr, #0, 10
		led_set();
 2a8:	656e6769 	strbvs	r6, [lr, #-1897]!	; 0xfffff897
 2ac:	6e692064 	cdpvs	0, 6, cr2, cr9, cr4, {3}
 2b0:	5f5f0074 	svcpl	0x005f0074
 2b4:	62686377 	rsbvs	r6, r8, #-603979775	; 0xdc000001
 2b8:	74735f00 	ldrbtvc	r5, [r3], #-3840	; 0xfffff100
 2bc:	74756f64 	ldrbtvc	r6, [r5], #-3940	; 0xfffff09c
 2c0:	76635f00 	strbtvc	r5, [r3], -r0, lsl #30
 2c4:	6e656c74 	mcrvs	12, 3, r6, cr5, cr4, {3}
 2c8:	6e6f6c00 	cdpvs	12, 6, cr6, cr15, cr0, {0}
 2cc:	6e752067 	cdpvs	0, 7, cr2, cr5, cr7, {3}
 2d0:	6e676973 			; <UNDEFINED> instruction: 0x6e676973
 2d4:	69206465 	stmdbvs	r0!, {r0, r2, r5, r6, sl, sp, lr}
 2d8:	5f00746e 	svcpl	0x0000746e
 2dc:	656c6966 	strbvs	r6, [ip, #-2406]!	; 0xfffff69a
 2e0:	696e5f00 	stmdbvs	lr!, {r8, r9, sl, fp, ip, lr}^
 2e4:	0073626f 	rsbseq	r6, r3, pc, ror #4
 2e8:	726f6873 	rsbvc	r6, pc, #7536640	; 0x730000
 2ec:	6e752074 	mrcvs	0, 3, r2, cr5, cr4, {3}
 2f0:	6e676973 			; <UNDEFINED> instruction: 0x6e676973
 2f4:	69206465 	stmdbvs	r0!, {r0, r2, r5, r6, sl, sp, lr}
 2f8:	5f00746e 	svcpl	0x0000746e
 2fc:	78657461 	stmdavc	r5!, {r0, r5, r6, sl, ip, sp, lr}^
 300:	00307469 	eorseq	r7, r0, r9, ror #8
 304:	6769735f 			; <UNDEFINED> instruction: 0x6769735f
 308:	5f6c616e 	svcpl	0x006c616e
 30c:	00667562 	rsbeq	r7, r6, r2, ror #10
 310:	6373615f 	cmnvs	r3, #-1073741801	; 0xc0000017
 314:	656d6974 	strbvs	r6, [sp, #-2420]!	; 0xfffff68c
 318:	6675625f 			; <UNDEFINED> instruction: 0x6675625f
 31c:	65725f00 	ldrbvs	r5, [r2, #-3840]!	; 0xfffff100
 320:	746c7573 	strbtvc	r7, [ip], #-1395	; 0xfffffa8d
 324:	775f5f00 	ldrbvc	r5, [pc, -r0, lsl #30]
 328:	5f006863 	svcpl	0x00006863
 32c:	4b434f4c 	blmi	10d4064 <scb_cpacr+0x10d4064>
 330:	6d00545f 	cfstrsvs	mvf5, [r0, #-380]	; 0xfffffe84
 334:	2e6e6961 	vnmulcs.f16	s13, s28, s3	; <UNPREDICTABLE>
 338:	69770063 	ldmdbvs	r7!, {r0, r1, r5, r6}^
 33c:	745f746e 	ldrbvc	r7, [pc], #-1134	; 344 <.debug_str+0x344>
 340:	6f6c5f00 	svcvs	0x006c5f00
 344:	5f006b63 	svcpl	0x00006b63
 348:	67616c66 	strbvs	r6, [r1, -r6, ror #24]!
 34c:	5f003273 	svcpl	0x00003273
 350:	636f6c5f 	cmnvs	pc, #24320	; 0x5f00
 354:	5f656c61 	svcpl	0x00656c61
 358:	775f0074 			; <UNDEFINED> instruction: 0x775f0074
 35c:	65746972 	ldrbvs	r6, [r4, #-2418]!	; 0xfffff68e
 360:	745f5f00 	ldrbvc	r5, [pc], #-3840	; 368 <.debug_str+0x368>
 364:	65795f6d 	ldrbvs	r5, [r9, #-3949]!	; 0xfffff093
 368:	6c007261 	sfmvs	f7, 4, [r0], {97}	; 0x61
 36c:	20676e6f 	rsbcs	r6, r7, pc, ror #28
 370:	62756f64 	rsbsvs	r6, r5, #100, 30	; 0x190
 374:	5f00656c 	svcpl	0x0000656c
 378:	7478656e 	ldrbtvc	r6, [r8], #-1390	; 0xfffffa92
 37c:	74730066 	ldrbtvc	r0, [r3], #-102	; 0xffffff9a
 380:	5f747261 	svcpl	0x00747261
 384:	685f666f 	ldmdavs	pc, {r0, r1, r2, r3, r5, r6, r9, sl, sp, lr}^	; <UNPREDICTABLE>
 388:	5f706165 	svcpl	0x00706165
 38c:	00746567 	rsbseq	r6, r4, r7, ror #10
 390:	6d745f5f 	ldclvs	15, cr5, [r4, #-380]!	; 0xfffffe84
 394:	6e6f6d5f 	mcrvs	13, 3, r6, cr15, cr15, {2}
 398:	74615f00 	strbtvc	r5, [r1], #-3840	; 0xfffff100
 39c:	74697865 	strbtvc	r7, [r9], #-2149	; 0xfffff79b
 3a0:	62757300 	rsbsvs	r7, r5, #0, 6
 3a4:	6174706f 	cmnvs	r4, pc, rrx
 3a8:	5f006772 	svcpl	0x00006772
 3ac:	6964735f 	stmdbvs	r4!, {r0, r1, r2, r3, r4, r6, r8, r9, ip, sp, lr}^
 3b0:	696e6964 	stmdbvs	lr!, {r2, r5, r6, r8, fp, sp, lr}^
 3b4:	6f5f0074 	svcvs	0x005f0074
 3b8:	745f6666 	ldrbvc	r6, [pc], #-1638	; 3c0 <.debug_str+0x3c0>
 3bc:	72665f00 	rsbvc	r5, r6, #0, 30
 3c0:	696c6565 	stmdbvs	ip!, {r0, r2, r5, r6, r8, sl, sp, lr}^
 3c4:	5f007473 	svcpl	0x00007473
 3c8:	6f746377 	svcvs	0x00746377
 3cc:	735f626d 	cmpvc	pc, #-805306362	; 0xd0000006
 3d0:	65746174 	ldrbvs	r6, [r4, #-372]!	; 0xfffffe8c
 3d4:	6e796400 	cdpvs	4, 7, cr6, cr9, cr0, {0}
 3d8:	63696d61 	cmnvs	r9, #6208	; 0x1840
 3dc:	7272615f 	rsbsvc	r6, r2, #-1073741801	; 0xc0000017
 3e0:	7500315f 	strvc	r3, [r0, #-351]	; 0xfffffea1
 3e4:	6769736e 	strbvs	r7, [r9, -lr, ror #6]!
 3e8:	2064656e 	rsbcs	r6, r4, lr, ror #10
 3ec:	72616863 	rsbvc	r6, r1, #6488064	; 0x630000
 3f0:	6e796400 	cdpvs	4, 7, cr6, cr9, cr0, {0}
 3f4:	63696d61 	cmnvs	r9, #6208	; 0x1840
 3f8:	7272615f 	rsbsvc	r6, r2, #-1073741801	; 0xc0000017
 3fc:	5f00335f 	svcpl	0x0000335f
 400:	0077656e 	rsbseq	r6, r7, lr, ror #10
 404:	655f685f 	ldrbvs	r6, [pc, #-2143]	; fffffbad <scb_cpacr+0xfffffbad>
 408:	6f6e7272 	svcvs	0x006e7272
 40c:	6f687300 	svcvs	0x00687300
 410:	69207472 	stmdbvs	r0!, {r1, r4, r5, r6, sl, ip, sp, lr}
 414:	5f00746e 	svcpl	0x0000746e
 418:	5f6d745f 	svcpl	0x006d745f
 41c:	79616479 	stmdbvc	r1!, {r0, r3, r4, r5, r6, sl, sp, lr}^
 420:	735f5f00 	cmpvc	pc, #0, 30
 424:	00667562 	rsbeq	r7, r6, r2, ror #10
 428:	626f695f 	rsbvs	r6, pc, #1556480	; 0x17c000
 42c:	5f5f0073 	svcpl	0x005f0073
 430:	454c4946 	strbmi	r4, [ip, #-2374]	; 0xfffff6ba
 434:	626d5f00 	rsbvs	r5, sp, #0, 30
 438:	74617473 	strbtvc	r7, [r1], #-1139	; 0xfffffb8d
 43c:	00745f65 	rsbseq	r5, r4, r5, ror #30
 440:	46735f5f 	uhsaxmi	r5, r3, pc	; <UNPREDICTABLE>
 444:	00454c49 	subeq	r4, r5, r9, asr #24
 448:	73626d5f 	cmnvc	r2, #6080	; 0x17c0
 44c:	65746174 	ldrbvs	r6, [r4, #-372]!	; 0xfffffe8c
 450:	61725f00 	cmnvs	r2, r0, lsl #30
 454:	6e5f646e 	cdpvs	4, 5, cr6, cr15, cr14, {3}
 458:	00747865 	rsbseq	r7, r4, r5, ror #16
 45c:	6c626d5f 	stclvs	13, cr6, [r2], #-380	; 0xfffffe84
 460:	735f6e65 	cmpvc	pc, #1616	; 0x650
 464:	65746174 	ldrbvs	r6, [r4, #-372]!	; 0xfffffe8c
 468:	6e695f00 	cdpvs	15, 6, cr5, cr9, cr0, {0}
 46c:	695f0063 	ldmdbvs	pc, {r0, r1, r5, r6}^	; <UNPREDICTABLE>
 470:	5f00646e 	svcpl	0x0000646e
 474:	61636f6c 	cmnvs	r3, ip, ror #30
 478:	5f00656c 	svcpl	0x0000656c
 47c:	656c635f 	strbvs	r6, [ip, #-863]!	; 0xfffffca1
 480:	70756e61 	rsbsvc	r6, r5, r1, ror #28
 484:	6e755f00 	cdpvs	15, 7, cr5, cr5, cr0, {0}
 488:	63657073 	cmnvs	r5, #115	; 0x73
 48c:	65696669 	strbvs	r6, [r9, #-1641]!	; 0xfffff997
 490:	6f6c5f64 	svcvs	0x006c5f64
 494:	656c6163 	strbvs	r6, [ip, #-355]!	; 0xfffffe9d
 498:	666e695f 			; <UNDEFINED> instruction: 0x666e695f
 49c:	6d5f006f 	ldclvs	0, cr0, [pc, #-444]	; 2e8 <.debug_str+0x2e8>
 4a0:	64777861 	ldrbtvs	r7, [r7], #-2145	; 0xfffff79f
 4a4:	725f0073 	subsvc	r0, pc, #115	; 0x73
 4a8:	746e6565 	strbtvc	r6, [lr], #-1381	; 0xfffffa9b
 4ac:	65735f00 	ldrbvs	r5, [r3, #-3840]!	; 0xfffff100
 4b0:	5f006465 	svcpl	0x00006465
 4b4:	756f635f 	strbvc	r6, [pc, #-863]!	; 15d <.debug_str+0x15d>
 4b8:	5f00746e 	svcpl	0x0000746e
 4bc:	636f6c5f 	cmnvs	pc, #24320	; 0x5f00
 4c0:	5f5f006b 	svcpl	0x005f006b
 4c4:	756c6176 	strbvc	r6, [ip, #-374]!	; 0xfffffe8a
 4c8:	735f0065 	cmpvc	pc, #101	; 0x65
 4cc:	006b6565 	rsbeq	r6, fp, r5, ror #10
 4d0:	706d695f 	rsbvc	r6, sp, pc, asr r9
 4d4:	5f657275 	svcpl	0x00657275
 4d8:	00727470 	rsbseq	r7, r2, r0, ror r4
 4dc:	6f70665f 	svcvs	0x0070665f
 4e0:	00745f73 	rsbseq	r5, r4, r3, ror pc
 4e4:	7272655f 	rsbsvc	r6, r2, #398458880	; 0x17c00000
 4e8:	63006f6e 	movwvs	r6, #3950	; 0xf6e
 4ec:	00726168 	rsbseq	r6, r2, r8, ror #2
 4f0:	6d745f5f 	ldclvs	15, cr5, [r4, #-380]!	; 0xfffffe84
 4f4:	6e696d5f 	mcrvs	13, 3, r6, cr9, cr15, {2}
 4f8:	755f5f00 	ldrbvc	r5, [pc, #-3840]	; fffff600 <scb_cpacr+0xfffff600>
 4fc:	31746e69 	cmncc	r4, r9, ror #28
 500:	00745f36 	rsbseq	r5, r4, r6, lsr pc
 504:	746e6975 	strbtvc	r6, [lr], #-2421	; 0xfffff68b
 508:	00745f38 	rsbseq	r5, r4, r8, lsr pc
 50c:	6c756d5f 	ldclvs	13, cr6, [r5], #-380	; 0xfffffe84
 510:	6e5f0074 	mrcvs	0, 2, r0, cr15, cr4, {3}
 514:	00747865 	rsbseq	r7, r4, r5, ror #16
 518:	7274735f 	rsbsvc	r7, r4, #2080374785	; 0x7c000001
 51c:	5f6b6f74 	svcpl	0x006b6f74
 520:	7473616c 	ldrbtvc	r6, [r3], #-364	; 0xfffffe94
 524:	6e665f00 	cdpvs	15, 6, cr5, cr6, cr0, {0}
 528:	65707974 	ldrbvs	r7, [r0, #-2420]!	; 0xfffff68c
 52c:	74730073 	ldrbtvc	r0, [r3], #-115	; 0xffffff8d
 530:	63697461 	cmnvs	r9, #1627389952	; 0x61000000
 534:	7272615f 	rsbsvc	r6, r2, #-1073741801	; 0xc0000017
 538:	7300315f 	movwvc	r3, #351	; 0x15f
 53c:	69746174 	ldmdbvs	r4!, {r2, r4, r5, r6, r8, sp, lr}^
 540:	72615f63 	rsbvc	r5, r1, #396	; 0x18c
 544:	00325f72 	eorseq	r5, r2, r2, ror pc
 548:	74617473 	strbtvc	r7, [r1], #-1139	; 0xfffffb8d
 54c:	615f6369 	cmpvs	pc, r9, ror #6
 550:	335f7272 	cmpcc	pc, #536870919	; 0x20000007
 554:	64615f00 	strbtvs	r5, [r1], #-3840	; 0xfffff100
 558:	5f5f0064 	svcpl	0x005f0064
 55c:	6e6f4c55 	mcrvs	12, 3, r4, cr15, cr5, {2}
 560:	675f0067 	ldrbvs	r0, [pc, -r7, rrx]
 564:	61647465 	cmnvs	r4, r5, ror #8
 568:	655f6574 	ldrbvs	r6, [pc, #-1396]	; fffffffc <scb_cpacr+0xfffffffc>
 56c:	5f007272 	svcpl	0x00007272
 570:	626f6c67 	rsbvs	r6, pc, #26368	; 0x6700
 574:	695f6c61 	ldmdbvs	pc, {r0, r5, r6, sl, fp, sp, lr}^	; <UNPREDICTABLE>
 578:	7275706d 	rsbsvc	r7, r5, #109	; 0x6d
 57c:	74705f65 	ldrbtvc	r5, [r0], #-3941	; 0xfffff09b
 580:	69750072 	ldmdbvs	r5!, {r1, r4, r5, r6}^
 584:	3233746e 	eorscc	r7, r3, #1845493760	; 0x6e000000
 588:	5f00745f 	svcpl	0x0000745f
 58c:	73756e75 	cmnvc	r5, #1872	; 0x750
 590:	725f6465 	subsvc	r6, pc, #1694498816	; 0x65000000
 594:	00646e61 	rsbeq	r6, r4, r1, ror #28
 598:	7364775f 	cmnvc	r4, #24903680	; 0x17c0000
 59c:	745f5f00 	ldrbvc	r5, [pc], #-3840	; 5a4 <.debug_str+0x5a4>
 5a0:	64775f6d 	ldrbtvs	r5, [r7], #-3949	; 0xfffff093
 5a4:	5f007961 	svcpl	0x00007961
 5a8:	65756c67 	ldrbvs	r6, [r5, #-3175]!	; 0xfffff399
 5ac:	6d6e5f00 	stclvs	15, cr5, [lr, #-0]
 5b0:	6f6c6c61 	svcvs	0x006c6c61
 5b4:	6c5f0063 	mrrcvs	0, 6, r0, pc, cr3	; <UNPREDICTABLE>
 5b8:	5f613436 	svcpl	0x00613436
 5bc:	00667562 	rsbeq	r7, r6, r2, ror #10
 5c0:	6769735f 			; <UNDEFINED> instruction: 0x6769735f
 5c4:	6e75665f 	mrcvs	6, 3, r6, cr5, cr15, {2}
 5c8:	6e5f0063 	cdpvs	0, 5, cr0, cr15, cr3, {3}
 5cc:	00667562 	rsbeq	r7, r6, r2, ror #10
 5d0:	756e755f 	strbvc	r7, [lr, #-1375]!	; 0xfffffaa1
 5d4:	00646573 	rsbeq	r6, r4, r3, ror r5
 5d8:	6d745f5f 	ldclvs	15, cr5, [r4, #-380]!	; 0xfffffe84
 5dc:	6473695f 	ldrbtvs	r6, [r3], #-2399	; 0xfffff6a1
 5e0:	5f007473 	svcpl	0x00007473
 5e4:	61636f6c 	cmnvs	r3, ip, ror #30
 5e8:	6d69746c 	cfstrdvs	mvd7, [r9, #-432]!	; 0xfffffe50
 5ec:	75625f65 	strbvc	r5, [r2, #-3941]!	; 0xfffff09b
 5f0:	635f0066 	cmpvs	pc, #102	; 0x66
 5f4:	65736f6c 	ldrbvs	r6, [r3, #-3948]!	; 0xfffff094
 5f8:	34725f00 	ldrbtcc	r5, [r2], #-3840	; 0xfffff100
 5fc:	6d5f0038 	ldclvs	0, cr0, [pc, #-224]	; 524 <.debug_str+0x524>
 600:	776f7462 	strbvc	r7, [pc, -r2, ror #8]!
 604:	74735f63 	ldrbtvc	r5, [r3], #-3939	; 0xfffff09d
 608:	00657461 	rsbeq	r7, r5, r1, ror #8
 60c:	7335705f 	teqvc	r5, #95	; 0x5f
 610:	69616d00 	stmdbvs	r1!, {r8, sl, fp, sp, lr}^
 614:	5f5f006e 	svcpl	0x005f006e
 618:	6d5f6d74 	ldclvs	13, cr6, [pc, #-464]	; 450 <.debug_str+0x450>
 61c:	00796164 	rsbseq	r6, r9, r4, ror #2

Disassembly of section .comment:

00000000 <.comment>:
   0:	43434700 	movtmi	r4, #14080	; 0x3700
unsigned long start_of_heap_get(void){
   4:	4728203a 			; <UNDEFINED> instruction: 0x4728203a
	return (unsigned long)&_sheap;
   8:	5420554e 	strtpl	r5, [r0], #-1358	; 0xfffffab2
}
   c:	736c6f6f 	cmnvc	ip, #444	; 0x1bc
  10:	726f6620 	rsbvc	r6, pc, #32, 12	; 0x2000000
  14:	6d724120 	ldfvse	f4, [r2, #-128]!	; 0xffffff80
  18:	626d4520 	rsbvs	r4, sp, #32, 10	; 0x8000000
  1c:	65646465 	strbvs	r6, [r4, #-1125]!	; 0xfffffb9b
  20:	72502064 	subsvc	r2, r0, #100	; 0x64
  24:	7365636f 	cmnvc	r5, #-1140850687	; 0xbc000001
  28:	73726f73 	cmnvc	r2, #460	; 0x1cc
  2c:	322d3820 	eorcc	r3, sp, #32, 16	; 0x200000
  30:	2d383130 	ldfcss	f3, [r8, #-192]!	; 0xffffff40
  34:	6d2d3471 	cfstrsvs	mvf3, [sp, #-452]!	; 0xfffffe3c
  38:	726f6a61 	rsbvc	r6, pc, #397312	; 0x61000
  3c:	2e382029 	cdpcs	0, 3, cr2, cr8, cr9, {1}
  40:	20312e32 	eorscs	r2, r1, r2, lsr lr
  44:	38313032 	ldmdacc	r1!, {r1, r4, r5, ip, sp}
  48:	33313231 	teqcc	r1, #268435459	; 0x10000003
  4c:	65722820 	ldrbvs	r2, [r2, #-2080]!	; 0xfffff7e0
  50:	7361656c 	cmnvc	r1, #108, 10	; 0x1b000000
  54:	5b202965 	blpl	80a5f0 <scb_cpacr+0x80a5f0>
  58:	2d636367 	stclcs	3, cr6, [r3, #-412]!	; 0xfffffe64
  5c:	72622d38 	rsbvc	r2, r2, #56, 26	; 0xe00
  60:	68636e61 	stmdavs	r3!, {r0, r5, r6, r9, sl, fp, sp, lr}^
  64:	76657220 	strbtvc	r7, [r5], -r0, lsr #4
  68:	6f697369 	svcvs	0x00697369
  6c:	3632206e 	ldrtcc	r2, [r2], -lr, rrx
  70:	34373037 	ldrtcc	r3, [r7], #-55	; 0xffffffc9
  74:	Address 0x0000000000000074 is out of bounds.


Disassembly of section .debug_frame:

00000000 <.debug_frame>:
   0:	0000000c 	andeq	r0, r0, ip
unsigned long start_of_heap_get(void){
   4:	ffffffff 			; <UNDEFINED> instruction: 0xffffffff
	return (unsigned long)&_sheap;
   8:	7c020001 	stcvc	0, cr0, [r2], {1}
}
   c:	000d0c0e 	andeq	r0, sp, lr, lsl #24
  10:	0000001c 	andeq	r0, r0, ip, lsl r0
	...
  1c:	00000014 	andeq	r0, r0, r4, lsl r0
  20:	87040e41 	strhi	r0, [r4, -r1, asr #28]
  24:	070d4101 	streq	r4, [sp, -r1, lsl #2]
  28:	420d0d43 	andmi	r0, sp, #4288	; 0x10c0
  2c:	00000ec7 	andeq	r0, r0, r7, asr #29
  30:	00000020 	andeq	r0, r0, r0, lsr #32
	...
  3c:	00000204 	andeq	r0, r0, r4, lsl #4
  40:	84100e41 	ldrhi	r0, [r0], #-3649	; 0xfffff1bf
  44:	87038504 	strhi	r8, [r3, -r4, lsl #10]
  48:	41018e02 	tstmi	r1, r2, lsl #28
  4c:	0d41580e 	stcleq	8, cr5, [r1, #-56]	; 0xffffffc8
  50:	00000007 	andeq	r0, r0, r7

Disassembly of section .ARM.attributes:

00000000 <.ARM.attributes>:
   0:	00003141 	andeq	r3, r0, r1, asr #2
unsigned long start_of_heap_get(void){
   4:	61656100 	cmnvs	r5, r0, lsl #2
	return (unsigned long)&_sheap;
   8:	01006962 	tsteq	r0, r2, ror #18
}
   c:	00000027 	andeq	r0, r0, r7, lsr #32
  10:	2d453705 	stclcs	7, cr3, [r5, #-20]	; 0xffffffec
  14:	0d06004d 	stceq	0, cr0, [r6, #-308]	; 0xfffffecc
  18:	02094d07 	andeq	r4, r9, #448	; 0x1c0
  1c:	0412080a 	ldreq	r0, [r2], #-2058	; 0xfffff7f6
  20:	01150114 	tsteq	r5, r4, lsl r1
  24:	01180317 	tsteq	r8, r7, lsl r3
  28:	011a0119 	tsteq	sl, r9, lsl r1
  2c:	061e011c 			; <UNDEFINED> instruction: 0x061e011c
  30:	Address 0x0000000000000030 is out of bounds.

