
./debug/main.o:     file format elf32-microblazeel


Disassembly of section .text:

00000000 <main>:
#include "uart.h"
#include "print.h"
#include "sleep.h"
#include "autoconf.h"

int main(void){   
   0:	3021ff60 	addik	r1, r1, -160
   4:	f9e10000 	swi	r15, r1, 0
   8:	fa610098 	swi	r19, r1, 152
   c:	fac1009c 	swi	r22, r1, 156
  10:	12610000 	addk	r19, r1, r0
   float my_fpu_array_1[10] = {1.345239, 1.774125, 57865.412737, 0.850072, 16.142938, 4958.284851, 927.674384, 404.404121, 312.500056, 311.658473};
  14:	b0000000 	imm	0
  18:	e9800024 	lwi	r12, r0, 36
  1c:	b0000000 	imm	0
  20:	e9600028 	lwi	r11, r0, 40
  24:	b0000000 	imm	0
  28:	e940002c 	lwi	r10, r0, 44
  2c:	b0000000 	imm	0
  30:	e9200030 	lwi	r9, r0, 48
  34:	b0000000 	imm	0
  38:	e9000034 	lwi	r8, r0, 52
  3c:	b0000000 	imm	0
  40:	e8e00038 	lwi	r7, r0, 56
  44:	b0000000 	imm	0
  48:	e8c0003c 	lwi	r6, r0, 60
  4c:	b0000000 	imm	0
  50:	e8a00040 	lwi	r5, r0, 64
  54:	b0000000 	imm	0
  58:	e8800044 	lwi	r4, r0, 68
  5c:	b0000000 	imm	0
  60:	e8600048 	lwi	r3, r0, 72
  64:	f993001c 	swi	r12, r19, 28
  68:	f9730020 	swi	r11, r19, 32
  6c:	f9530024 	swi	r10, r19, 36
  70:	f9330028 	swi	r9, r19, 40
  74:	f913002c 	swi	r8, r19, 44
  78:	f8f30030 	swi	r7, r19, 48
  7c:	f8d30034 	swi	r6, r19, 52
  80:	f8b30038 	swi	r5, r19, 56
  84:	f893003c 	swi	r4, r19, 60
  88:	f8730040 	swi	r3, r19, 64
   float my_fpu_array_2[10] = {1.785993, 1.550390, 55000.328467, 0.851200, 19.372777, 4933.924562, 927.000993, 400.078463, 310.349112, 314.693125};
  8c:	b0000000 	imm	0
  90:	e980004c 	lwi	r12, r0, 76
  94:	b0000000 	imm	0
  98:	e9600050 	lwi	r11, r0, 80
  9c:	b0000000 	imm	0
  a0:	e9400054 	lwi	r10, r0, 84
  a4:	b0000000 	imm	0
  a8:	e9200058 	lwi	r9, r0, 88
  ac:	b0000000 	imm	0
  b0:	e900005c 	lwi	r8, r0, 92
  b4:	b0000000 	imm	0
  b8:	e8e00060 	lwi	r7, r0, 96
  bc:	b0000000 	imm	0
  c0:	e8c00064 	lwi	r6, r0, 100
  c4:	b0000000 	imm	0
  c8:	e8a00068 	lwi	r5, r0, 104
  cc:	b0000000 	imm	0
  d0:	e880006c 	lwi	r4, r0, 108
  d4:	b0000000 	imm	0
  d8:	e8600070 	lwi	r3, r0, 112
  dc:	f9930044 	swi	r12, r19, 68
  e0:	f9730048 	swi	r11, r19, 72
  e4:	f953004c 	swi	r10, r19, 76
  e8:	f9330050 	swi	r9, r19, 80
  ec:	f9130054 	swi	r8, r19, 84
  f0:	f8f30058 	swi	r7, r19, 88
  f4:	f8d3005c 	swi	r6, r19, 92
  f8:	f8b30060 	swi	r5, r19, 96
  fc:	f8930064 	swi	r4, r19, 100
 100:	f8730068 	swi	r3, r19, 104
   float my_fpu_mean[10];
   volatile int i;
	
   led_init();
 104:	b0000000 	imm	0
 108:	b9f40000 	brlid	r15, 0
 10c:	80000000 	or	r0, r0, r0
   uart_init();
 110:	b0000000 	imm	0
 114:	b9f40000 	brlid	r15, 0
 118:	80000000 	or	r0, r0, r0
   
   for(i = 0; i < 10; i++){
 11c:	f8130094 	swi	r0, r19, 148
 120:	b8000080 	bri	128		// 1a0
	my_fpu_mean[i] = (my_fpu_array_1[i] + my_fpu_array_2[i])/2;
 124:	e8730094 	lwi	r3, r19, 148
 128:	64630402 	bslli	r3, r3, 2
 12c:	3093001c 	addik	r4, r19, 28
 130:	10641800 	addk	r3, r4, r3
 134:	e8a30000 	lwi	r5, r3, 0
 138:	e8730094 	lwi	r3, r19, 148
 13c:	64630402 	bslli	r3, r3, 2
 140:	3093001c 	addik	r4, r19, 28
 144:	10641800 	addk	r3, r4, r3
 148:	30630028 	addik	r3, r3, 40
 14c:	e8630000 	lwi	r3, r3, 0
 150:	10c30000 	addk	r6, r3, r0
 154:	b0000000 	imm	0
 158:	b9f40000 	brlid	r15, 0
 15c:	80000000 	or	r0, r0, r0
 160:	ead30094 	lwi	r22, r19, 148
 164:	b0004000 	imm	16384
 168:	30c00000 	addik	r6, r0, 0
 16c:	10a30000 	addk	r5, r3, r0
 170:	b0000000 	imm	0
 174:	b9f40000 	brlid	r15, 0
 178:	80000000 	or	r0, r0, r0
 17c:	10a30000 	addk	r5, r3, r0
 180:	64760402 	bslli	r3, r22, 2
 184:	3093001c 	addik	r4, r19, 28
 188:	10641800 	addk	r3, r4, r3
 18c:	30630050 	addik	r3, r3, 80
 190:	f8a30000 	swi	r5, r3, 0
   for(i = 0; i < 10; i++){
 194:	e8730094 	lwi	r3, r19, 148
 198:	30630001 	addik	r3, r3, 1
 19c:	f8730094 	swi	r3, r19, 148
 1a0:	e8930094 	lwi	r4, r19, 148
 1a4:	30600009 	addik	r3, r0, 9
 1a8:	16441801 	cmp	r18, r4, r3
 1ac:	bcb2ff78 	bgei	r18, -136		// 124
   }

   //Expected output:     
   //1.565616, 1.662257,  56432.871094, 0.850636, 17.757858,  4946.104492,  927.337646,  402.241272, 311.424591, 313.175781,
   printf("\nmy_fpu_mean[] = {");
 1b0:	b0000000 	imm	0
 1b4:	30a00000 	addik	r5, r0, 0
 1b8:	b0000000 	imm	0
 1bc:	b9f40000 	brlid	r15, 0
 1c0:	80000000 	or	r0, r0, r0
   for(i = 0; i < 10; i++){
 1c4:	f8130094 	swi	r0, r19, 148
 1c8:	b800005c 	bri	92		// 224
	printf("%12.6f, ", my_fpu_mean[i]);
 1cc:	e8730094 	lwi	r3, r19, 148
 1d0:	64630402 	bslli	r3, r3, 2
 1d4:	3093001c 	addik	r4, r19, 28
 1d8:	10641800 	addk	r3, r4, r3
 1dc:	30630050 	addik	r3, r3, 80
 1e0:	e8630000 	lwi	r3, r3, 0
 1e4:	10a30000 	addk	r5, r3, r0
 1e8:	b0000000 	imm	0
 1ec:	b9f40000 	brlid	r15, 0
 1f0:	80000000 	or	r0, r0, r0
 1f4:	10a40000 	addk	r5, r4, r0
 1f8:	10830000 	addk	r4, r3, r0
 1fc:	10c40000 	addk	r6, r4, r0
 200:	10e50000 	addk	r7, r5, r0
 204:	b0000000 	imm	0
 208:	30a00014 	addik	r5, r0, 20
 20c:	b0000000 	imm	0
 210:	b9f40000 	brlid	r15, 0
 214:	80000000 	or	r0, r0, r0
   for(i = 0; i < 10; i++){
 218:	e8730094 	lwi	r3, r19, 148
 21c:	30630001 	addik	r3, r3, 1
 220:	f8730094 	swi	r3, r19, 148
 224:	e8930094 	lwi	r4, r19, 148
 228:	30600009 	addik	r3, r0, 9
 22c:	16441801 	cmp	r18, r4, r3
 230:	bcb2ff9c 	bgei	r18, -100		// 1cc
   }
   printf("}\n");   
 234:	b0000000 	imm	0
 238:	30a00020 	addik	r5, r0, 32
 23c:	b0000000 	imm	0
 240:	b9f40000 	brlid	r15, 0
 244:	80000000 	or	r0, r0, r0

    while(1){
        led_set();
 248:	b0000000 	imm	0
 24c:	b9f40000 	brlid	r15, 0
 250:	80000000 	or	r0, r0, r0
        usleep(1000000);
 254:	b000000f 	imm	15
 258:	30a04240 	addik	r5, r0, 16960
 25c:	b0000000 	imm	0
 260:	b9f40000 	brlid	r15, 0
 264:	80000000 	or	r0, r0, r0
        led_clear();
 268:	b0000000 	imm	0
 26c:	b9f40000 	brlid	r15, 0
 270:	80000000 	or	r0, r0, r0
        usleep(1000000);
 274:	b000000f 	imm	15
 278:	30a04240 	addik	r5, r0, 16960
 27c:	b0000000 	imm	0
 280:	b9f40000 	brlid	r15, 0
 284:	80000000 	or	r0, r0, r0
        led_set();
 288:	b800ffc0 	bri	-64		// 248

Disassembly of section .rodata:

00000000 <.rodata>:
   0:	5f796d0a 		r27, r25, r13
   4:	5f757066 		r27, r21, r14
   8:	6e61656d 	necget	r19, rfsl13
   c:	3d205d5b 	rsubikc	r9, r0, 23899
  10:	00007b20 		r0, r0, r15
  14:	2e323125 	rsubic	r17, r18, 12581
  18:	202c6636 	addi	r1, r12, 26166
  1c:	
Disassembly of section .debug_frame:

00000000 <.debug_frame>:
int main(void){   
   0:	0000000c 		r0, r0, r0
   4:	ffffffff 	sli	r31, r31, -1
   8:	7f010003 		r24, r1, r0
   c:	00010c0f 		r0, r1, r1
  10:	00000028 		r0, r0, r0
	...
   float my_fpu_array_1[10] = {1.345239, 1.774125, 57865.412737, 0.850072, 16.142938, 4958.284851, 927.674384, 404.404121, 312.500056, 311.658473};
  1c:	0000028c 		r0, r0, r0
  20:	00000404 		r0, r0, r0
  24:	01a00e00 		r13, r0, r1
  28:	00000c04 		r0, r0, r1
  2c:	01a08f00 		r13, r0, r17
  30:	04960893 	neg	r4, r22
  34:	00000404 		r0, r0, r0
  38:	00130d00 		r0, r19, r1

Disassembly of section .debug_info:

00000000 <.debug_info>:
int main(void){   
   0:	00000140 		r0, r0, r0
   4:	04010005 	neg	r0, r1
   8:	
Disassembly of section .debug_abbrev:

00000000 <.debug_abbrev>:
   0:	0b002401 		r24, r0, r4
   4:	030b3e0b 		r24, r11, r7
   8:	0200000e 		r16, r0, r0
   c:	193f002e 		r9, r31, r0
  10:	0b3a0e03 		r25, r26, r1
   float my_fpu_array_1[10] = {1.345239, 1.774125, 57865.412737, 0.850072, 16.142938, 4958.284851, 927.674384, 404.404121, 312.500056, 311.658473};
  14:	21390b3b 	addi	r9, r25, 2875
  18:	3c192706 	rsubikc	r0, r25, 9990
  1c:	03000019 		r24, r0, r0
  20:	0e030034 		r16, r3, r0
  24:	3b01213a 	addikc	r24, r1, 8506
  28:	0a21390b 		r17, r1, r7
  2c:	18021349 		r0, r2, r2
  30:	05040000 	rsub	r8, r4, r0
  34:	00134900 	addl	r0, r19, r9
  38:	01110500 		r8, r17, r0
  3c:	0b130e25 		r24, r19, r1
  40:	1f1b1f03 		r24, r27, r3
  44:	06120111 	neg	r16, r18
  48:	00001710 		r0, r0, r2
  4c:	0b002406 		r24, r0, r4
  50:	030b3e0b 		r24, r11, r7
  54:	07000008 	neg	r24, r0
  58:	13490035 		r26, r9, r0
  5c:	26080000 	rsubi	r16, r8, 0
  60:	00134900 	addl	r0, r19, r9
  64:	00160900 	addl	r0, r22, r1
  68:	0b3a0e03 		r25, r26, r1
  6c:	0b390b3b 		r25, r25, r1
  70:	00001349 		r0, r0, r2
  74:	0b000f0a 		r24, r0, r1
  78:	0013490b 		r0, r19, r9
  7c:	012e0b00 		r9, r14, r1
  80:	0e03193f 		r16, r3, r3
  84:	0b3b0b3a 		r25, r27, r1
  88:	19270b39 		r9, r7, r1
   float my_fpu_array_2[10] = {1.785993, 1.550390, 55000.328467, 0.851200, 19.372777, 4933.924562, 927.000993, 400.078463, 310.349112, 314.693125};
  8c:	1301193c 		r24, r1, r3
  90:	2e0c0000 	rsubic	r16, r12, 0
  94:	03193f01 		r24, r25, r7
  98:	3b0b3a0e 	addikc	r24, r11, 14862
  9c:	270b390b 	rsubi	r24, r11, 14603
  a0:	3c134919 	rsubikc	r0, r19, 18713
  a4:	00130119 		r0, r19, r0
  a8:	00180d00 		r0, r24, r1
  ac:	2e0e0000 	rsubic	r16, r14, 0
  b0:	03193f01 		r24, r25, r7
  b4:	3b0b3a0e 	addikc	r24, r11, 14862
  b8:	270b390b 	rsubi	r24, r11, 14603
  bc:	11134919 		r8, r19, r9
  c0:	40061201 		r0, r6, r2
  c4:	01197c18 		r8, r25, r15
  c8:	0f000013 		r24, r0, r0
  cc:	08030034 		r0, r3, r0
  d0:	0b3b0b3a 		r25, r27, r1
  d4:	13490b39 		r26, r9, r1
  d8:	00001802 		r0, r0, r3
  dc:	49010110 		r8, r1, r0
  e0:	00130113 		r0, r19, r0
  e4:	00211100 	addl	r1, r1, r2
  e8:	0b2f1349 		r25, r15, r2
  ec:	Address 0x00000000000000ec is out of bounds.


Disassembly of section .debug_aranges:

00000000 <.debug_aranges>:
int main(void){   
   0:	0000001c 		r0, r0, r0
   4:	00000002 		r0, r0, r0
   8:	00040000 	add	r0, r4, r0
	...
   float my_fpu_array_1[10] = {1.345239, 1.774125, 57865.412737, 0.850072, 16.142938, 4958.284851, 927.674384, 404.404121, 312.500056, 311.658473};
  14:	0000028c 		r0, r0, r0
	...

Disassembly of section .debug_line:

00000000 <.debug_line>:
int main(void){   
   0:	00000199 		r0, r0, r0
   4:	00040005 		r0, r4, r0
   8:	00000053 		r0, r0, r0
   c:	f6010101 	shi	r16, r1, 257
  10:	01000df2 		r8, r0, r1
   float my_fpu_array_1[10] = {1.345239, 1.774125, 57865.412737, 0.850072, 16.142938, 4958.284851, 927.674384, 404.404121, 312.500056, 311.658473};
  14:	00010101 		r0, r1, r0
  18:	00010000 	add	r0, r1, r0
  1c:	01010100 	addl	r8, r1, r0
  20:	0006051f 		r0, r6, r0
  24:	00510000 	add	r2, r17, r0
  28:	006d0000 	add	r3, r13, r0
  2c:	005d0000 	add	r2, r29, r0
  30:	
Disassembly of section .debug_str:

00000000 <.debug_str>:
int main(void){   
   0:	676e6f6c 	bslefi	r27, r14, 61, 44
   4:	6e6f6c20 	necaget	r19, rfsl0
   8:	6e692067 	cget	r19, rfsl7
   c:	6e750074 	get	r19, rfsl4
  10:	6e676973 	ncaget	r19, rfsl3
   float my_fpu_array_1[10] = {1.345239, 1.774125, 57865.412737, 0.850072, 16.142938, 4958.284851, 927.674384, 404.404121, 312.500056, 311.658473};
  14:	69206465 	addli	r9, 25701
  18:	6d00746e 	tnecget	r8, rfsl14
  1c:	006e6961 		r3, r14, r13
  20:	5f64656c 		r27, r4, r12
  24:	74696e69 		r3, r9, r13
  28:	6e6f6c00 	necaget	r19, rfsl0
  2c:	6e752067 	cget	r19, rfsl7
  30:	6e676973 	ncaget	r19, rfsl3
  34:	69206465 	addli	r9, 25701
  38:	6c00746e 	tnecget	r0, rfsl14
  3c:	20676e6f 	addi	r3, r7, 28271
  40:	676e6f6c 	bslefi	r27, r14, 61, 44
  44:	736e7520 		r27, r14, r14
  48:	656e6769 	bslefi	r11, r14, 29, 41
  4c:	6e692064 	cget	r19, rfsl4
  50:	6c660074 	get	r3, rfsl4
  54:	0074616f 		r3, r20, r12
  58:	665f796d 	bslefi	r18, r31, 37, 45
  5c:	615f7570 	muli	r10, r31, 30064
  60:	79617272 		r11, r1, r14
  64:	6d00315f 	tcget	r8, rfsl15
  68:	70665f79 		r3, r6, r11
  6c:	72615f75 		r19, r1, r11
  70:	5f796172 		r27, r25, r12
  74:	6e750032 	get	r19, rfsl2
  78:	6e676973 	ncaget	r19, rfsl3
  7c:	63206465 	muli	r25, r0, 25701
  80:	00726168 		r3, r18, r12
  84:	20554e47 	addi	r2, r21, 20039
  88:	20373143 	addi	r1, r23, 12611
   float my_fpu_array_2[10] = {1.785993, 1.550390, 55000.328467, 0.851200, 19.372777, 4933.924562, 927.000993, 400.078463, 310.349112, 314.693125};
  8c:	322e3131 	addik	r17, r14, 12593
  90:	2d20302e 	rsubic	r9, r0, 12334
  94:	666f736d 	bslefi	r19, r15, 13, 45
  98:	6c662d74 	ecaget	r3, rfsl4
  9c:	2074616f 	addi	r3, r20, 24943
  a0:	696c6d2d 		r11, r12, r13
  a4:	656c7474 	bslefi	r11, r12, 17, 52
  a8:	646e652d 	bslefi	r3, r14, 20, 45
  ac:	206e6169 	addi	r3, r14, 24937
  b0:	6c786d2d 	necaget	r3, rfsl13
  b4:	7261622d 		r19, r1, r12
  b8:	2d6c6572 	rsubic	r11, r12, 25970
  bc:	66696873 	bslefi	r19, r9, 33, 51
  c0:	6d2d2074 	cget	r9, rfsl4
  c4:	702d6c78 		r1, r13, r13
  c8:	65747461 	bslefi	r11, r20, 17, 33
  cc:	632d6e72 	muli	r25, r13, 28274
  d0:	61706d6f 	muli	r11, r16, 28015
  d4:	2d206572 	rsubic	r9, r0, 25970
  d8:	7570636d 		r11, r16, r12
  dc:	3131763d 	addik	r9, r17, 30269
  e0:	2d20302e 	rsubic	r9, r0, 12334
  e4:	2d6f6e6d 	rsubic	r11, r15, 28269
  e8:	732d6c78 		r25, r13, r13
  ec:	2d74666f 	rsubic	r11, r20, 26223
  f0:	206c756d 	addi	r3, r12, 30061
  f4:	2d20672d 	rsubic	r9, r0, 26413
  f8:	6300304f 	muli	r24, r0, 12367
  fc:	00726168 		r3, r18, r12
 100:	6e697270 	tncget	r19, rfsl0
   led_init();
 104:	005f6674 		r2, r31, r12
 108:	74726175 		r3, r18, r12
 10c:	696e695f 		r11, r14, r13
   uart_init();
 110:	796d0074 		r11, r13, r0
 114:	7570665f 		r11, r16, r12
 118:	61656d5f 	muli	r11, r5, 27999
   for(i = 0; i < 10; i++){
 11c:	6f6c006e 	get	r27, rfsl14
 120:	6920676e 	addli	r9, 26478
	my_fpu_mean[i] = (my_fpu_array_1[i] + my_fpu_array_2[i])/2;
 124:	6c00746e 	tnecget	r0, rfsl14
 128:	635f6465 	muli	r26, r31, 25701
 12c:	7261656c 		r19, r1, r12
 130:	6f687300 	tncget	r27, rfsl0
 134:	75207472 		r9, r0, r14
 138:	6769736e 	bslefi	r27, r9, 13, 46
 13c:	2064656e 	addi	r3, r4, 25966
 140:	00746e69 		r3, r20, r13
 144:	6e676973 	ncaget	r19, rfsl3
 148:	63206465 	muli	r25, r0, 25701
 14c:	00726168 		r3, r18, r12
 150:	676e6f6c 	bslefi	r27, r14, 61, 44
 154:	756f6420 		r11, r15, r12
 158:	00656c62 		r3, r5, r13
 15c:	4e4f4c55 	aputd	r15, r9
 160:	68730047 	andnli	r3, 71
 164:	2074726f 	addi	r3, r20, 29295
 168:	00746e69 		r3, r20, r13
 16c:	5f64656c 		r27, r4, r12
 170:	00746573 		r3, r20, r12
 174:	656c7375 	bslefi	r11, r12, 13, 53
 178:	Address 0x0000000000000178 is out of bounds.


Disassembly of section .debug_line_str:

00000000 <.debug_line_str>:
int main(void){   
   0:	6e697270 	tncget	r19, rfsl0
   4:	682f0074 		r1, r15, r0
   8:	2f656d6f 	rsubic	r27, r5, 28015
   c:	676f626c 	bslefi	r27, r15, 9, 44
  10:	6f6e6164 	ncget	r27, rfsl4
   float my_fpu_array_1[10] = {1.345239, 1.774125, 57865.412737, 0.850072, 16.142938, 4958.284851, 927.674384, 404.404121, 312.500056, 311.658473};
  14:	6f772f76 	ecaget	r27, rfsl6
  18:	70736b72 		r3, r19, r13
  1c:	73656361 		r27, r5, r12
  20:	6c69782f 	tncaget	r3, rfsl15
  24:	5f786e69 		r27, r24, r13
  28:	6b726f77 	xorli	r27, 28535
  2c:	63617073 	muli	r27, r1, 28787
  30:	39312f65 	addikc	r9, r17, 12133
  34:	6c00395f 	tcaget	r0, rfsl15
  38:	682e6465 		r1, r14, r12
  3c:	6c697800 	tncaget	r3, rfsl0
  40:	7079745f 		r3, r25, r14
  44:	682e7365 		r1, r14, r14
  48:	69727000 	xorli	r11, 28672
  4c:	682e746e 		r1, r14, r14
  50:	72617500 		r19, r1, r14
  54:	616d0074 	muli	r11, r13, 116
  58:	632e6e69 	muli	r25, r14, 28265
  5c:	636e6900 	muli	r27, r14, 26880
  60:	6564756c 	bslefi	r11, r4, 21, 44
  64:	656c7300 	bslefi	r11, r12, 12, 0
  68:	682e7065 		r1, r14, r14
  6c:	64656c00 	bslefi	r3, r5, 48, 0
  70:	72617500 		r19, r1, r14
  74:	00682e74 		r3, r8, r5
