
./debug/main.o:     file format elf32-littlearm


Disassembly of section .data:

00000000 <scb_cpacr>:
#include "button.h"
#endif

#define SCB_CPACR_CP10_CP11_EN	0xF00000

volatile uint32_t *scb_cpacr = (volatile uint32_t *)0xE000ED88;
   0:	e000ed88 	and	lr, r0, r8, lsl #27

Disassembly of section .text.start_of_heap_get:

00000000 <start_of_heap_get>:

unsigned long start_of_heap_get(void){
   0:	b480      	push	{r7}
   2:	af00      	add	r7, sp, #0
	extern char _sheap; /* Defined by the linker */
	return (unsigned long)&_sheap;
   4:	4b02      	ldr	r3, [pc, #8]	; (10 <start_of_heap_get+0x10>)
}
   6:	4618      	mov	r0, r3
   8:	46bd      	mov	sp, r7
   a:	f85d 7b04 	ldr.w	r7, [sp], #4
   e:	4770      	bx	lr
  10:	00000000 	andeq	r0, r0, r0

Disassembly of section .rodata:

00000000 <.rodata>:
   0:	20656854 	rsbcs	r6, r5, r4, asr r8
   4:	72617473 	rsbvc	r7, r1, #1929379840	; 0x73000000
   8:	666f2074 			; <UNDEFINED> instruction: 0x666f2074
   c:	65687420 	strbvs	r7, [r8, #-1056]!	; 0xfffffbe0
  10:	41454820 	cmpmi	r5, r0, lsr #16
  14:	65732050 	ldrbvs	r2, [r3, #-80]!	; 0xffffffb0
  18:	6e656d67 	cdpvs	13, 6, cr6, cr5, cr7, {3}
  1c:	30203a74 	eorcc	r3, r0, r4, ror sl
  20:	38302578 	ldmdacc	r0!, {r3, r4, r5, r6, r8, sl, sp}
  24:	00000a58 	andeq	r0, r0, r8, asr sl
  28:	7964200a 	stmdbvc	r4!, {r1, r3, sp}^
  2c:	696d616e 	stmdbvs	sp!, {r1, r2, r3, r5, r6, r8, sp, lr}^
  30:	72615f63 	rsbvc	r5, r1, #396	; 0x18c
  34:	5b315f72 	blpl	c57e04 <scb_cpacr+0xc57e04>
  38:	3d205d20 	stccc	13, cr5, [r0, #-128]!	; 0xffffff80
  3c:	000a7b20 	andeq	r7, sl, r0, lsr #22
  40:	30257830 	eorcc	r7, r5, r0, lsr r8
  44:	000a5838 	andeq	r5, sl, r8, lsr r8
  48:	00000a7d 	andeq	r0, r0, sp, ror sl
  4c:	7964200a 	stmdbvc	r4!, {r1, r3, sp}^
  50:	696d616e 	stmdbvs	sp!, {r1, r2, r3, r5, r6, r8, sp, lr}^
  54:	72615f63 	rsbvc	r5, r1, #396	; 0x18c
  58:	5b325f72 	blpl	c97e28 <scb_cpacr+0xc97e28>
  5c:	3d205d20 	stccc	13, cr5, [r0, #-128]!	; 0xffffff80
  60:	000a7b20 	andeq	r7, sl, r0, lsr #22
  64:	30257830 	eorcc	r7, r5, r0, lsr r8
  68:	000a5834 	andeq	r5, sl, r4, lsr r8
  6c:	7964200a 	stmdbvc	r4!, {r1, r3, sp}^
  70:	696d616e 	stmdbvs	sp!, {r1, r2, r3, r5, r6, r8, sp, lr}^
  74:	72615f63 	rsbvc	r5, r1, #396	; 0x18c
  78:	5b335f72 	blpl	cd7e48 <scb_cpacr+0xcd7e48>
  7c:	3d205d20 	stccc	13, cr5, [r0, #-128]!	; 0xffffff80
  80:	000a7b20 	andeq	r7, sl, r0, lsr #22
  84:	30257830 	eorcc	r7, r5, r0, lsr r8
  88:	000a5832 	andeq	r5, sl, r2, lsr r8
  8c:	11111111 	tstne	r1, r1, lsl r1
  90:	22222222 	eorcs	r2, r2, #536870914	; 0x20000002
  94:	33333333 	teqcc	r3, #-872415232	; 0xcc000000
  98:	44444444 	strbmi	r4, [r4], #-1092	; 0xfffffbbc
  9c:	55555555 	ldrbpl	r5, [r5, #-1365]	; 0xfffffaab
  a0:	66666666 	strbtvs	r6, [r6], -r6, ror #12
  a4:	77777777 			; <UNDEFINED> instruction: 0x77777777
  a8:	88888888 	stmhi	r8, {r3, r7, fp, pc}
  ac:	99999999 	ldmibls	r9, {r0, r3, r4, r7, r8, fp, ip, pc}
  b0:	aaaaaaaa 	bge	feaaab60 <scb_cpacr+0xfeaaab60>
  b4:	dedebaba 			; <UNDEFINED> instruction: 0xdedebaba
  b8:	fefecece 	cdp2	14, 15, cr12, cr14, cr14, {6}
  bc:	efbeadde 	svc	0x00beadde

Disassembly of section .text.main:

00000000 <main>:
 * then outputs a message over the UART and
 * starts blinking a diode.
 *
 * \return None.
 */
int main(void){
   0:	b5b0      	push	{r4, r5, r7, lr}
   2:	b092      	sub	sp, #72	; 0x48
   4:	af00      	add	r7, sp, #0
	const uint32_t static_arr_1[10] = {0x11111111, 0x22222222, 0x33333333, 0x44444444, 0x55555555, 0x66666666, 0x77777777, 0x88888888, 0x99999999, 0xaaaaaaaa};
   6:	4b73      	ldr	r3, [pc, #460]	; (1d4 <main+0x1d4>)
   8:	f107 0414 	add.w	r4, r7, #20
   c:	461d      	mov	r5, r3
   e:	cd0f      	ldmia	r5!, {r0, r1, r2, r3}
  10:	c40f      	stmia	r4!, {r0, r1, r2, r3}
  12:	cd0f      	ldmia	r5!, {r0, r1, r2, r3}
  14:	c40f      	stmia	r4!, {r0, r1, r2, r3}
  16:	e895 0003 	ldmia.w	r5, {r0, r1}
  1a:	e884 0003 	stmia.w	r4, {r0, r1}
	const uint16_t static_arr_2[4] = {0xbaba, 0xdede, 0xcece, 0xfefe};
  1e:	4a6e      	ldr	r2, [pc, #440]	; (1d8 <main+0x1d8>)
  20:	f107 030c 	add.w	r3, r7, #12
  24:	e892 0003 	ldmia.w	r2, {r0, r1}
  28:	e883 0003 	stmia.w	r3, {r0, r1}
	const uint8_t static_arr_3[4] = {0xde, 0xad, 0xbe, 0xef};
  2c:	4b6b      	ldr	r3, [pc, #428]	; (1dc <main+0x1dc>)
  2e:	681b      	ldr	r3, [r3, #0]
  30:	60bb      	str	r3, [r7, #8]
	uint32_t *dynamic_arr_1;
	uint16_t *dynamic_arr_2;
	uint8_t *dynamic_arr_3;
	volatile int i;

	*scb_cpacr |= SCB_CPACR_CP10_CP11_EN; //Enable ARM's FPU
  32:	4b6b      	ldr	r3, [pc, #428]	; (1e0 <main+0x1e0>)
  34:	681b      	ldr	r3, [r3, #0]
  36:	681a      	ldr	r2, [r3, #0]
  38:	4b69      	ldr	r3, [pc, #420]	; (1e0 <main+0x1e0>)
  3a:	681b      	ldr	r3, [r3, #0]
  3c:	f442 0270 	orr.w	r2, r2, #15728640	; 0xf00000
  40:	601a      	str	r2, [r3, #0]

	led_init();
  42:	f7ff fffe 	bl	0 <led_init>
	uart_init(CONFIG_UART_BAUD_RATE);
  46:	f44f 5016 	mov.w	r0, #9600	; 0x2580
  4a:	f7ff fffe 	bl	0 <uart_init>
#ifdef CONFIG_BUTTON_ENABLED
	button_init();
  4e:	f7ff fffe 	bl	0 <button_init>
#endif

	printf("The start of the HEAP segment: 0x%08X\n", start_of_heap_get());
  52:	f7ff fffe 	bl	0 <main>
  56:	4603      	mov	r3, r0
  58:	4619      	mov	r1, r3
  5a:	4862      	ldr	r0, [pc, #392]	; (1e4 <main+0x1e4>)
  5c:	f7ff fffe 	bl	0 <printf_>

	dynamic_arr_1 = (uint32_t *)malloc(sizeof(uint32_t)*10);
  60:	2028      	movs	r0, #40	; 0x28
  62:	f7ff fffe 	bl	0 <malloc>
  66:	4603      	mov	r3, r0
  68:	647b      	str	r3, [r7, #68]	; 0x44

	for(i = 0; i < 10; i++){
  6a:	2300      	movs	r3, #0
  6c:	607b      	str	r3, [r7, #4]
  6e:	e00e      	b.n	8e <main+0x8e>
		dynamic_arr_1[i] = static_arr_1[i];
  70:	687b      	ldr	r3, [r7, #4]
  72:	687a      	ldr	r2, [r7, #4]
  74:	0092      	lsls	r2, r2, #2
  76:	6c79      	ldr	r1, [r7, #68]	; 0x44
  78:	440a      	add	r2, r1
  7a:	009b      	lsls	r3, r3, #2
  7c:	f107 0148 	add.w	r1, r7, #72	; 0x48
  80:	440b      	add	r3, r1
  82:	f853 3c34 	ldr.w	r3, [r3, #-52]
  86:	6013      	str	r3, [r2, #0]
	for(i = 0; i < 10; i++){
  88:	687b      	ldr	r3, [r7, #4]
  8a:	3301      	adds	r3, #1
  8c:	607b      	str	r3, [r7, #4]
  8e:	687b      	ldr	r3, [r7, #4]
  90:	2b09      	cmp	r3, #9
  92:	dded      	ble.n	70 <main+0x70>
	}

	dynamic_arr_2 = (uint16_t *)malloc(sizeof(uint16_t)*4);
  94:	2008      	movs	r0, #8
  96:	f7ff fffe 	bl	0 <malloc>
  9a:	4603      	mov	r3, r0
  9c:	643b      	str	r3, [r7, #64]	; 0x40

	for(i = 0; i < 4; i++){
  9e:	2300      	movs	r3, #0
  a0:	607b      	str	r3, [r7, #4]
  a2:	e00e      	b.n	c2 <main+0xc2>
		dynamic_arr_2[i] = static_arr_2[i];
  a4:	687b      	ldr	r3, [r7, #4]
  a6:	687a      	ldr	r2, [r7, #4]
  a8:	0052      	lsls	r2, r2, #1
  aa:	6c39      	ldr	r1, [r7, #64]	; 0x40
  ac:	440a      	add	r2, r1
  ae:	005b      	lsls	r3, r3, #1
  b0:	f107 0148 	add.w	r1, r7, #72	; 0x48
  b4:	440b      	add	r3, r1
  b6:	f833 3c3c 	ldrh.w	r3, [r3, #-60]
  ba:	8013      	strh	r3, [r2, #0]
	for(i = 0; i < 4; i++){
  bc:	687b      	ldr	r3, [r7, #4]
  be:	3301      	adds	r3, #1
  c0:	607b      	str	r3, [r7, #4]
  c2:	687b      	ldr	r3, [r7, #4]
  c4:	2b03      	cmp	r3, #3
  c6:	dded      	ble.n	a4 <main+0xa4>
	}

	printf("\n dynamic_arr_1[ ] = {\n");
  c8:	4847      	ldr	r0, [pc, #284]	; (1e8 <main+0x1e8>)
  ca:	f7ff fffe 	bl	0 <printf_>
	for(i = 0; i < 10; i++){
  ce:	2300      	movs	r3, #0
  d0:	607b      	str	r3, [r7, #4]
  d2:	e00b      	b.n	ec <main+0xec>
		printf("0x%08X\n", dynamic_arr_1[i]);
  d4:	687b      	ldr	r3, [r7, #4]
  d6:	009b      	lsls	r3, r3, #2
  d8:	6c7a      	ldr	r2, [r7, #68]	; 0x44
  da:	4413      	add	r3, r2
  dc:	681b      	ldr	r3, [r3, #0]
  de:	4619      	mov	r1, r3
  e0:	4842      	ldr	r0, [pc, #264]	; (1ec <main+0x1ec>)
  e2:	f7ff fffe 	bl	0 <printf_>
	for(i = 0; i < 10; i++){
  e6:	687b      	ldr	r3, [r7, #4]
  e8:	3301      	adds	r3, #1
  ea:	607b      	str	r3, [r7, #4]
  ec:	687b      	ldr	r3, [r7, #4]
  ee:	2b09      	cmp	r3, #9
  f0:	ddf0      	ble.n	d4 <main+0xd4>
	}
	printf("}\n");
  f2:	483f      	ldr	r0, [pc, #252]	; (1f0 <main+0x1f0>)
  f4:	f7ff fffe 	bl	0 <printf_>

	printf("\n dynamic_arr_2[ ] = {\n");
  f8:	483e      	ldr	r0, [pc, #248]	; (fc <printf_+0xfc>)
  fa:	f7ff fffe 	bl	0 <printf_>
	for(i = 0; i < 4; i++){
  fe:	2300      	movs	r3, #0
 100:	607b      	str	r3, [r7, #4]
 102:	e00b      	b.n	11c <main+0x11c>
		printf("0x%04X\n", dynamic_arr_2[i]);
 104:	687b      	ldr	r3, [r7, #4]
 106:	005b      	lsls	r3, r3, #1
 108:	6c3a      	ldr	r2, [r7, #64]	; 0x40
 10a:	4413      	add	r3, r2
 10c:	881b      	ldrh	r3, [r3, #0]
 10e:	4619      	mov	r1, r3
 110:	4839      	ldr	r0, [pc, #228]	; (1f8 <main+0x1f8>)
 112:	f7ff fffe 	bl	0 <printf_>
	for(i = 0; i < 4; i++){
 116:	687b      	ldr	r3, [r7, #4]
 118:	3301      	adds	r3, #1
 11a:	607b      	str	r3, [r7, #4]
 11c:	687b      	ldr	r3, [r7, #4]
 11e:	2b03      	cmp	r3, #3
 120:	ddf0      	ble.n	104 <main+0x104>
	}
	printf("}\n");
 122:	4833      	ldr	r0, [pc, #204]	; (1f0 <main+0x1f0>)
 124:	f7ff fffe 	bl	0 <printf_>

	free(dynamic_arr_1);
 128:	6c78      	ldr	r0, [r7, #68]	; 0x44
 12a:	f7ff fffe 	bl	0 <free>

	dynamic_arr_3 = (uint8_t *)malloc(sizeof(uint16_t)*4);
 12e:	2008      	movs	r0, #8
 130:	f7ff fffe 	bl	0 <malloc>
 134:	4603      	mov	r3, r0
 136:	63fb      	str	r3, [r7, #60]	; 0x3c

	for(i = 0; i < 4; i++){
 138:	2300      	movs	r3, #0
 13a:	607b      	str	r3, [r7, #4]
 13c:	e00d      	b.n	15a <main+0x15a>
		dynamic_arr_3[i] = static_arr_3[i];
 13e:	687a      	ldr	r2, [r7, #4]
 140:	687b      	ldr	r3, [r7, #4]
 142:	4619      	mov	r1, r3
 144:	6bfb      	ldr	r3, [r7, #60]	; 0x3c
 146:	440b      	add	r3, r1
 148:	f107 0148 	add.w	r1, r7, #72	; 0x48
 14c:	440a      	add	r2, r1
 14e:	f812 2c40 	ldrb.w	r2, [r2, #-64]
 152:	701a      	strb	r2, [r3, #0]
	for(i = 0; i < 4; i++){
 154:	687b      	ldr	r3, [r7, #4]
 156:	3301      	adds	r3, #1
 158:	607b      	str	r3, [r7, #4]
 15a:	687b      	ldr	r3, [r7, #4]
 15c:	2b03      	cmp	r3, #3
 15e:	ddee      	ble.n	13e <main+0x13e>
	}

	printf("\n dynamic_arr_3[ ] = {\n");
 160:	4826      	ldr	r0, [pc, #152]	; (1fc <main+0x1fc>)
 162:	f7ff fffe 	bl	0 <printf_>
	for(i = 0; i < 4; i++){
 166:	2300      	movs	r3, #0
 168:	607b      	str	r3, [r7, #4]
 16a:	e00b      	b.n	184 <main+0x184>
		printf("0x%02X\n", dynamic_arr_3[i]);
 16c:	687b      	ldr	r3, [r7, #4]
 16e:	461a      	mov	r2, r3
 170:	6bfb      	ldr	r3, [r7, #60]	; 0x3c
 172:	4413      	add	r3, r2
 174:	781b      	ldrb	r3, [r3, #0]
 176:	4619      	mov	r1, r3
 178:	4821      	ldr	r0, [pc, #132]	; (200 <main+0x200>)
 17a:	f7ff fffe 	bl	0 <printf_>
	for(i = 0; i < 4; i++){
 17e:	687b      	ldr	r3, [r7, #4]
 180:	3301      	adds	r3, #1
 182:	607b      	str	r3, [r7, #4]
 184:	687b      	ldr	r3, [r7, #4]
 186:	2b03      	cmp	r3, #3
 188:	ddf0      	ble.n	16c <main+0x16c>
	}
	printf("}\n");
 18a:	4819      	ldr	r0, [pc, #100]	; (1f0 <main+0x1f0>)
 18c:	f7ff fffe 	bl	0 <printf_>

	free(dynamic_arr_2);
 190:	6c38      	ldr	r0, [r7, #64]	; 0x40
 192:	f7ff fffe 	bl	0 <free>
	free(dynamic_arr_3);
 196:	6bf8      	ldr	r0, [r7, #60]	; 0x3c
 198:	f7ff fffe 	bl	0 <free>

	while (1){
		led_set();
 19c:	f7ff fffe 	bl	0 <led_set>
		for(i = 0; i < 50000; i++){ }
 1a0:	2300      	movs	r3, #0
 1a2:	607b      	str	r3, [r7, #4]
 1a4:	e002      	b.n	1ac <main+0x1ac>
 1a6:	687b      	ldr	r3, [r7, #4]
 1a8:	3301      	adds	r3, #1
 1aa:	607b      	str	r3, [r7, #4]
 1ac:	687b      	ldr	r3, [r7, #4]
 1ae:	f24c 324f 	movw	r2, #49999	; 0xc34f
 1b2:	4293      	cmp	r3, r2
 1b4:	ddf7      	ble.n	1a6 <main+0x1a6>
		led_clear();
 1b6:	f7ff fffe 	bl	0 <led_clear>
		for(i = 0; i < 50000; i++){ }
 1ba:	2300      	movs	r3, #0
 1bc:	607b      	str	r3, [r7, #4]
 1be:	e002      	b.n	1c6 <main+0x1c6>
 1c0:	687b      	ldr	r3, [r7, #4]
 1c2:	3301      	adds	r3, #1
 1c4:	607b      	str	r3, [r7, #4]
 1c6:	687b      	ldr	r3, [r7, #4]
 1c8:	f24c 324f 	movw	r2, #49999	; 0xc34f
 1cc:	4293      	cmp	r3, r2
 1ce:	ddf7      	ble.n	1c0 <main+0x1c0>
		led_set();
 1d0:	e7e4      	b.n	19c <main+0x19c>
 1d2:	bf00      	nop
 1d4:	0000008c 	andeq	r0, r0, ip, lsl #1
 1d8:	000000b4 	strheq	r0, [r0], -r4
 1dc:	000000bc 	strheq	r0, [r0], -ip
	...
 1e8:	00000028 	andeq	r0, r0, r8, lsr #32
 1ec:	00000040 	andeq	r0, r0, r0, asr #32
 1f0:	00000048 	andeq	r0, r0, r8, asr #32
 1f4:	0000004c 	andeq	r0, r0, ip, asr #32
 1f8:	00000064 	andeq	r0, r0, r4, rrx
 1fc:	0000006c 	andeq	r0, r0, ip, rrx
 200:	00000084 	andeq	r0, r0, r4, lsl #1

Disassembly of section .debug_info:

00000000 <.debug_info>:
   0:	00000a90 	muleq	r0, r0, sl
unsigned long start_of_heap_get(void){
   4:	00000004 	andeq	r0, r0, r4
	return (unsigned long)&_sheap;
   8:	01040000 	mrseq	r0, (UNDEF: 4)
}
   c:	00000083 	andeq	r0, r0, r3, lsl #1
  10:	00032a0c 	andeq	r2, r3, ip, lsl #20
  14:	0001b600 	andeq	fp, r1, r0, lsl #12
	...
  24:	07040200 	streq	r0, [r4, -r0, lsl #4]
  28:	0000029c 	muleq	r0, ip, r2
  2c:	69050403 	stmdbvs	r5, {r0, r1, sl}
  30:	0400746e 	streq	r7, [r0], #-1134	; 0xfffffb92
  34:	0000002c 	andeq	r0, r0, ip, lsr #32
  38:	44050802 	strmi	r0, [r5], #-2050	; 0xfffff7fe
  3c:	02000001 	andeq	r0, r0, #1
  40:	03620408 	cmneq	r2, #8, 8	; 0x8000000
  44:	01020000 	mrseq	r0, (UNDEF: 2)
  48:	00015206 	andeq	r5, r1, r6, lsl #4
  4c:	00250500 	eoreq	r0, r5, r0, lsl #10
  50:	2b020000 	blcs	80058 <scb_cpacr+0x80058>
  54:	00005918 	andeq	r5, r0, r8, lsl r9
  58:	08010200 	stmdaeq	r1, {r9}
  5c:	000003da 	ldrdeq	r0, [r0], -sl
  60:	04050202 	streq	r0, [r5], #-514	; 0xfffffdfe
  64:	05000004 	streq	r0, [r0, #-4]
  68:	000004f9 	strdeq	r0, [r0], -r9
  6c:	73193902 	tstvc	r9, #32768	; 0x8000
  70:	02000000 	andeq	r0, r0, #0
  74:	02df0702 	sbcseq	r0, pc, #524288	; 0x80000
  78:	04020000 	streq	r0, [r2], #-0
  7c:	00019705 	andeq	r9, r1, r5, lsl #14
  80:	02470500 	subeq	r0, r7, #0, 10
  84:	4f020000 	svcmi	0x00020000
  88:	00008d19 	andeq	r8, r0, r9, lsl sp
  8c:	07040200 	streq	r0, [r4, -r0, lsl #4]
  90:	000002c0 	andeq	r0, r0, r0, asr #5
  94:	63070802 	movwvs	r0, #30722	; 0x7802
  98:	05000000 	streq	r0, [r0, #-0]
  9c:	00000322 	andeq	r0, r0, r2, lsr #6
  a0:	a7192203 	ldrge	r2, [r9, -r3, lsl #4]
  a4:	06000000 	streq	r0, [r0], -r0
  a8:	0000ad04 	andeq	sl, r0, r4, lsl #26
  ac:	04b20700 	ldrteq	r0, [r2], #1792	; 0x700
  b0:	ad050000 	stcge	0, cr0, [r5, #-0]
  b4:	04000003 	streq	r0, [r0], #-3
  b8:	007a0e2c 	rsbseq	r0, sl, ip, lsr #28
  bc:	d3050000 	movwle	r0, #20480	; 0x5000
  c0:	04000004 	streq	r0, [r0], #-4
  c4:	007a0e72 	rsbseq	r0, sl, r2, ror lr
  c8:	31080000 	mrscc	r0, (UNDEF: 8)
  cc:	05000003 	streq	r0, [r0, #-3]
  d0:	25170165 	ldrcs	r0, [r7, #-357]	; 0xfffffe9b
  d4:	09000000 	stmdbeq	r0, {}	; <UNPREDICTABLE>
int main(void){
  d8:	03a60404 			; <UNDEFINED> instruction: 0x03a60404
  dc:	000000f9 	strdeq	r0, [r0], -r9
	const uint32_t static_arr_1[10] = {0x11111111, 0x22222222, 0x33333333, 0x44444444, 0x55555555, 0x66666666, 0x77777777, 0x88888888, 0x99999999, 0xaaaaaaaa};
  e0:	00031c0a 	andeq	r1, r3, sl, lsl #24
  e4:	0ca80400 	cfstrseq	mvf0, [r8]
  e8:	000000ca 	andeq	r0, r0, sl, asr #1
  ec:	0002a90a 	andeq	sl, r2, sl, lsl #18
  f0:	13a90400 			; <UNDEFINED> instruction: 0x13a90400
  f4:	000000f9 	strdeq	r0, [r0], -r9
	const uint16_t static_arr_2[4] = {0xbaba, 0xdede, 0xcece, 0xfefe};
  f8:	00590b00 	subseq	r0, r9, r0, lsl #22
  fc:	01090000 	mrseq	r0, (UNDEF: 9)
 100:	250c0000 	strcs	r0, [ip, #-0]
	const uint8_t static_arr_3[4] = {0xde, 0xad, 0xbe, 0xef};
 104:	03000000 	movweq	r0, #0
 108:	04080d00 	streq	r0, [r8], #-3328	; 0xfffff300
	*scb_cpacr |= SCB_CPACR_CP10_CP11_EN; //Enable ARM's FPU
 10c:	012d09a3 	smulwbeq	sp, r3, r9
 110:	aa0e0000 	bge	380008 <scb_cpacr+0x380008>
 114:	04000004 	streq	r0, [r0], #-4
 118:	002c07a5 	eoreq	r0, ip, r5, lsr #15
	led_init();
 11c:	0e000000 	cdpeq	0, 0, cr0, cr0, cr0, {0}
	uart_init(CONFIG_UART_BAUD_RATE);
 120:	000004b9 			; <UNDEFINED> instruction: 0x000004b9
 124:	d705aa04 	strle	sl, [r5, -r4, lsl #20]
	button_init();
 128:	04000000 	streq	r0, [r0], #-0
	printf("The start of the HEAP segment: 0x%08X\n", start_of_heap_get());
 12c:	042c0500 	strteq	r0, [ip], #-1280	; 0xfffffb00
 130:	ab040000 	blge	100138 <scb_cpacr+0x100138>
 134:	00010903 	andeq	r0, r1, r3, lsl #18
	dynamic_arr_1 = (uint32_t *)malloc(sizeof(uint32_t)*10);
 138:	02580500 	subseq	r0, r8, #0, 10
 13c:	af040000 	svcge	0x00040000
 140:	00009b1b 	andeq	r9, r0, fp, lsl fp
	for(i = 0; i < 10; i++){
 144:	06040f00 	streq	r0, [r4], -r0, lsl #30
		dynamic_arr_1[i] = static_arr_1[i];
 148:	00014d04 	andeq	r4, r1, r4, lsl #26
 14c:	08010200 	stmdaeq	r1, {r9}
 150:	000004e2 	andeq	r0, r0, r2, ror #9
 154:	00014d10 	andeq	r4, r1, r0, lsl sp
 158:	055a0500 	ldrbeq	r0, [sl, #-1280]	; 0xfffffb00
 15c:	16060000 	strne	r0, [r6], -r0
	for(i = 0; i < 10; i++){
 160:	00008d19 	andeq	r8, r0, r9, lsl sp
 164:	02691100 	rsbeq	r1, r9, #0, 2
 168:	06180000 	ldreq	r0, [r8], -r0
	dynamic_arr_2 = (uint16_t *)malloc(sizeof(uint16_t)*4);
 16c:	01bf082f 			; <UNDEFINED> instruction: 0x01bf082f
 170:	120e0000 	andne	r0, lr, #0
 174:	06000005 	streq	r0, [r0], -r5
	for(i = 0; i < 4; i++){
 178:	01bf1331 			; <UNDEFINED> instruction: 0x01bf1331
		dynamic_arr_2[i] = static_arr_2[i];
 17c:	12000000 	andne	r0, r0, #0
 180:	06006b5f 			; <UNDEFINED> instruction: 0x06006b5f
 184:	002c0732 	eoreq	r0, ip, r2, lsr r7
 188:	0e040000 	cdpeq	0, 0, cr0, cr4, cr0, {0}
 18c:	00000495 	muleq	r0, r5, r4
 190:	2c0b3206 	sfmcs	f3, 4, [fp], {6}
	for(i = 0; i < 4; i++){
 194:	08000000 	stmdaeq	r0, {}	; <UNPREDICTABLE>
 198:	0002520e 	andeq	r5, r2, lr, lsl #4
 19c:	14320600 	ldrtne	r0, [r2], #-1536	; 0xfffffa00
	printf("\n dynamic_arr_1[ ] = {\n");
 1a0:	0000002c 	andeq	r0, r0, ip, lsr #32
 1a4:	05980e0c 	ldreq	r0, [r8, #3596]	; 0xe0c
	for(i = 0; i < 10; i++){
 1a8:	32060000 	andcc	r0, r6, #0
		printf("0x%08X\n", dynamic_arr_1[i]);
 1ac:	00002c1b 	andeq	r2, r0, fp, lsl ip
 1b0:	5f121000 	svcpl	0x00121000
 1b4:	33060078 	movwcc	r0, #24696	; 0x6078
 1b8:	0001c50b 	andeq	ip, r1, fp, lsl #10
 1bc:	06001400 	streq	r1, [r0], -r0, lsl #8
	for(i = 0; i < 10; i++){
 1c0:	00016504 	andeq	r6, r1, r4, lsl #10
 1c4:	01590b00 	cmpeq	r9, r0, lsl #22
 1c8:	01d50000 	bicseq	r0, r5, r0
	printf("}\n");
 1cc:	250c0000 	strcs	r0, [ip, #-0]
	printf("\n dynamic_arr_2[ ] = {\n");
 1d0:	00000000 	andeq	r0, r0, r0
 1d4:	02971100 	addseq	r1, r7, #0, 2
	for(i = 0; i < 4; i++){
 1d8:	06240000 	strteq	r0, [r4], -r0
		printf("0x%04X\n", dynamic_arr_2[i]);
 1dc:	02580837 	subseq	r0, r8, #3604480	; 0x370000
 1e0:	3b0e0000 	blcc	380008 <scb_cpacr+0x380008>
 1e4:	06000001 	streq	r0, [r0], -r1
 1e8:	002c0939 	eoreq	r0, ip, r9, lsr r9
 1ec:	0e000000 	cdpeq	0, 0, cr0, cr0, cr0, {0}
	for(i = 0; i < 4; i++){
 1f0:	000004f0 	strdeq	r0, [r0], -r0	; <UNPREDICTABLE>
 1f4:	2c093a06 			; <UNDEFINED> instruction: 0x2c093a06
 1f8:	04000000 	streq	r0, [r0], #-0
	printf("}\n");
 1fc:	00016a0e 	andeq	r6, r1, lr, lsl #20
	free(dynamic_arr_1);
 200:	093b0600 	ldmdbeq	fp!, {r9, sl}
 204:	0000002c 	andeq	r0, r0, ip, lsr #32
	dynamic_arr_3 = (uint8_t *)malloc(sizeof(uint16_t)*4);
 208:	06160e08 	ldreq	r0, [r6], -r8, lsl #28
 20c:	3c060000 	stccc	0, cr0, [r6], {-0}
	for(i = 0; i < 4; i++){
 210:	00002c09 	andeq	r2, r0, r9, lsl #24
 214:	870e0c00 	strhi	r0, [lr, -r0, lsl #24]
		dynamic_arr_3[i] = static_arr_3[i];
 218:	06000003 	streq	r0, [r0], -r3
 21c:	002c093d 	eoreq	r0, ip, sp, lsr r9
 220:	0e100000 	cdpeq	0, 1, cr0, cr0, cr0, {0}
 224:	00000358 	andeq	r0, r0, r8, asr r3
 228:	2c093e06 	stccs	14, cr3, [r9], {6}
	for(i = 0; i < 4; i++){
 22c:	14000000 	strne	r0, [r0], #-0
 230:	00059d0e 	andeq	r9, r5, lr, lsl #26
 234:	093f0600 	ldmdbeq	pc!, {r9, sl}	; <UNPREDICTABLE>
	printf("\n dynamic_arr_3[ ] = {\n");
 238:	0000002c 	andeq	r0, r0, ip, lsr #32
 23c:	040e0e18 	streq	r0, [lr], #-3608	; 0xfffff1e8
	for(i = 0; i < 4; i++){
 240:	40060000 	andmi	r0, r6, r0
		printf("0x%02X\n", dynamic_arr_3[i]);
 244:	00002c09 	andeq	r2, r0, r9, lsl #24
 248:	d80e1c00 	stmdale	lr, {sl, fp, ip}
 24c:	06000005 	streq	r0, [r0], -r5
 250:	002c0941 	eoreq	r0, ip, r1, asr #18
 254:	00200000 	eoreq	r0, r0, r0
	for(i = 0; i < 4; i++){
 258:	00017913 	andeq	r7, r1, r3, lsl r9
 25c:	06010800 	streq	r0, [r1], -r0, lsl #16
 260:	029d084a 	addseq	r0, sp, #4849664	; 0x4a0000
	printf("}\n");
 264:	3a0e0000 	bcc	380008 <scb_cpacr+0x380008>
	free(dynamic_arr_2);
 268:	06000002 	streq	r0, [r0], -r2
 26c:	029d0a4b 	addseq	r0, sp, #307200	; 0x4b000
	free(dynamic_arr_3);
 270:	0e000000 	cdpeq	0, 0, cr0, cr0, cr0, {0}
		led_set();
 274:	00000000 	andeq	r0, r0, r0
		for(i = 0; i < 50000; i++){ }
 278:	9d094c06 	stcls	12, cr4, [r9, #-24]	; 0xffffffe8
 27c:	80000002 	andhi	r0, r0, r2
 280:	00052514 	andeq	r2, r5, r4, lsl r5
 284:	0a4e0600 	beq	1381a8c <scb_cpacr+0x1381a8c>
 288:	00000159 	andeq	r0, r0, r9, asr r1
 28c:	a7140100 	ldrge	r0, [r4, -r0, lsl #2]
		led_clear();
 290:	06000001 	streq	r0, [r0], -r1
		for(i = 0; i < 50000; i++){ }
 294:	01590a51 	cmpeq	r9, r1, asr sl
 298:	01040000 	mrseq	r0, (UNDEF: 4)
 29c:	01450b00 	cmpeq	r5, r0, lsl #22
 2a0:	02ad0000 	adceq	r0, sp, #0
 2a4:	250c0000 	strcs	r0, [ip, #-0]
		led_set();
 2a8:	1f000000 	svcne	0x00000000
 2ac:	03901300 	orrseq	r1, r0, #0, 6
 2b0:	01900000 	orrseq	r0, r0, r0
 2b4:	f0085d06 			; <UNDEFINED> instruction: 0xf0085d06
 2b8:	0e000002 	cdpeq	0, 0, cr0, cr0, cr2, {0}
 2bc:	00000512 	andeq	r0, r0, r2, lsl r5
 2c0:	f0125e06 			; <UNDEFINED> instruction: 0xf0125e06
 2c4:	00000002 	andeq	r0, r0, r2
 2c8:	0004650e 	andeq	r6, r4, lr, lsl #10
 2cc:	065f0600 	ldrbeq	r0, [pc], -r0, lsl #12
 2d0:	0000002c 	andeq	r0, r0, ip, lsr #32
 2d4:	02420e04 	subeq	r0, r2, #4, 28	; 0x40
 2d8:	61060000 	mrsvs	r0, (UNDEF: 6)
 2dc:	0002f609 	andeq	pc, r2, r9, lsl #12
 2e0:	790e0800 	stmdbvc	lr, {fp}
 2e4:	06000001 	streq	r0, [r0], -r1
 2e8:	02581e62 	subseq	r1, r8, #1568	; 0x620
 2ec:	00880000 	addeq	r0, r8, r0
 2f0:	02ad0406 	adceq	r0, sp, #100663296	; 0x6000000
 2f4:	060b0000 	streq	r0, [fp], -r0
 2f8:	06000003 	streq	r0, [r0], -r3
 2fc:	0c000003 	stceq	0, cr0, [r0], {3}
 300:	00000025 	andeq	r0, r0, r5, lsr #32
 304:	0406001f 	streq	r0, [r6], #-31	; 0xffffffe1
 308:	0000030c 	andeq	r0, r0, ip, lsl #6
 30c:	04181115 	ldreq	r1, [r8], #-277	; 0xfffffeeb
 310:	06080000 	streq	r0, [r8], -r0
 314:	03350875 	teqeq	r5, #7667712	; 0x750000
 318:	640e0000 	strvs	r0, [lr], #-0
 31c:	06000001 	streq	r0, [r0], -r1
 320:	03351176 	teqeq	r5, #-2147483619	; 0x8000001d
 324:	0e000000 	cdpeq	0, 0, cr0, cr0, cr0, {0}
 328:	0000000c 	andeq	r0, r0, ip
 32c:	2c067706 	stccs	7, cr7, [r6], {6}
 330:	04000000 	streq	r0, [r0], #-0
 334:	59040600 	stmdbpl	r4, {r9, sl}
 338:	11000000 	mrsne	r0, (UNDEF: 0)
 33c:	00000437 	andeq	r0, r0, r7, lsr r4
 340:	08b50668 	ldmeq	r5!, {r3, r5, r6, r9, sl}
 344:	0000047e 	andeq	r0, r0, lr, ror r4
 348:	00705f12 	rsbseq	r5, r0, r2, lsl pc
 34c:	3512b606 	ldrcc	fp, [r2, #-1542]	; 0xfffff9fa
 350:	00000003 	andeq	r0, r0, r3
 354:	00725f12 	rsbseq	r5, r2, r2, lsl pc
 358:	2c07b706 	stccs	7, cr11, [r7], {6}
 35c:	04000000 	streq	r0, [r0], #-0
 360:	00775f12 	rsbseq	r5, r7, r2, lsl pc
 364:	2c07b806 	stccs	8, cr11, [r7], {6}
 368:	08000000 	stmdaeq	r0, {}	; <UNPREDICTABLE>
 36c:	0001a00e 	andeq	sl, r1, lr
 370:	09b90600 	ldmibeq	r9!, {r9, sl}
 374:	00000060 	andeq	r0, r0, r0, rrx
 378:	02d20e0c 	sbcseq	r0, r2, #12, 28	; 0xc0
 37c:	ba060000 	blt	180384 <scb_cpacr+0x180384>
 380:	00006009 	andeq	r6, r0, r9
 384:	5f120e00 	svcpl	0x00120e00
 388:	06006662 	streq	r6, [r0], -r2, ror #12
 38c:	030d11bb 	movweq	r1, #53691	; 0xd1bb
 390:	0e100000 	cdpeq	0, 1, cr0, cr0, cr0, {0}
 394:	0000007a 	andeq	r0, r0, sl, ror r0
 398:	2c07bc06 	stccs	12, cr11, [r7], {6}
 39c:	18000000 	stmdane	r0, {}	; <UNPREDICTABLE>
 3a0:	0001870e 	andeq	r8, r1, lr, lsl #14
 3a4:	0ac30600 	beq	ff0c1bac <scb_cpacr+0xff0c1bac>
 3a8:	00000145 	andeq	r0, r0, r5, asr #2
 3ac:	02870e1c 	addeq	r0, r7, #28, 28	; 0x1c0
 3b0:	c5060000 	strgt	r0, [r6, #-0]
 3b4:	0005f01d 	andeq	pc, r5, sp, lsl r0	; <UNPREDICTABLE>
 3b8:	510e2000 	mrspl	r2, (UNDEF: 14)
 3bc:	06000003 	streq	r0, [r0], -r3
 3c0:	061a1dc7 	ldreq	r1, [sl], -r7, asr #27
 3c4:	0e240000 	cdpeq	0, 2, cr0, cr4, cr0, {0}
 3c8:	000004c1 	andeq	r0, r0, r1, asr #9
 3cc:	3e0dca06 	vmlacc.f32	s24, s26, s12
 3d0:	28000006 	stmdacs	r0, {r1, r2}
 3d4:	0005f20e 	andeq	pc, r5, lr, lsl #4
 3d8:	09cb0600 	stmibeq	fp, {r9, sl}^
 3dc:	00000658 	andeq	r0, r0, r8, asr r6
 3e0:	755f122c 	ldrbvc	r1, [pc, #-556]	; 1bc <.debug_info+0x1bc>
 3e4:	ce060062 	cdpgt	0, 0, cr0, cr6, cr2, {3}
 3e8:	00030d11 	andeq	r0, r3, r1, lsl sp
 3ec:	5f123000 	svcpl	0x00123000
 3f0:	06007075 			; <UNDEFINED> instruction: 0x06007075
 3f4:	033512cf 	teqeq	r5, #-268435444	; 0xf000000c
 3f8:	12380000 	eorsne	r0, r8, #0
 3fc:	0072755f 	rsbseq	r7, r2, pc, asr r5
 400:	2c07d006 	stccs	0, cr13, [r7], {6}
 404:	3c000000 	stccc	0, cr0, [r0], {-0}
 408:	00015e0e 	andeq	r5, r1, lr, lsl #28
 40c:	11d30600 	bicsne	r0, r3, r0, lsl #12
 410:	0000065e 	andeq	r0, r0, lr, asr r6
 414:	05ca0e40 	strbeq	r0, [sl, #3648]	; 0xe40
 418:	d4060000 	strle	r0, [r6], #-0
 41c:	00066e11 	andeq	r6, r6, r1, lsl lr
 420:	5f124300 	svcpl	0x00124300
 424:	0600626c 	streq	r6, [r0], -ip, ror #4
 428:	030d11d7 	movweq	r1, #53719	; 0xd1d7
 42c:	0e440000 	cdpeq	0, 4, cr0, cr4, cr0, {0}
 430:	000004e7 	andeq	r0, r0, r7, ror #9
 434:	2c07da06 			; <UNDEFINED> instruction: 0x2c07da06
 438:	4c000000 	stcmi	0, cr0, [r0], {-0}
 43c:	0002090e 	andeq	r0, r2, lr, lsl #18
 440:	0adb0600 	beq	ff6c1c48 <scb_cpacr+0xff6c1c48>
 444:	000000b2 	strheq	r0, [r0], -r2
 448:	002f0e50 	eoreq	r0, pc, r0, asr lr	; <UNPREDICTABLE>
 44c:	de060000 	cdple	0, 0, cr0, cr6, cr0, {0}
 450:	00049c12 	andeq	r9, r4, r2, lsl ip
 454:	380e5400 	stmdacc	lr, {sl, ip, lr}
 458:	06000003 	streq	r0, [r0], -r3
 45c:	01390ce2 	teqeq	r9, r2, ror #25
 460:	0e580000 	cdpeq	0, 5, cr0, cr8, cr0, {0}
 464:	0000043f 	andeq	r0, r0, pc, lsr r4
 468:	2d0ee406 	cfstrscs	mvf14, [lr, #-24]	; 0xffffffe8
 46c:	5c000001 	stcpl	0, cr0, [r0], {1}
 470:	00033e0e 	andeq	r3, r3, lr, lsl #28
 474:	09e50600 	stmibeq	r5!, {r9, sl}^
 478:	0000002c 	andeq	r0, r0, ip, lsr #32
 47c:	2c160064 	ldccs	0, cr0, [r6], {100}	; 0x64
 480:	9c000000 	stcls	0, cr0, [r0], {-0}
 484:	17000004 	strne	r0, [r0, -r4]
 488:	0000049c 	muleq	r0, ip, r4
 48c:	00014517 	andeq	r4, r1, r7, lsl r5
 490:	01471700 	cmpeq	r7, r0, lsl #14
 494:	2c170000 	ldccs	0, cr0, [r7], {-0}
 498:	00000000 	andeq	r0, r0, r0
 49c:	04a70406 	strteq	r0, [r7], #1030	; 0x406
 4a0:	9c100000 	ldcls	0, cr0, [r0], {-0}
 4a4:	18000004 	stmdane	r0, {r2}
 4a8:	0000049d 	muleq	r0, sp, r4
 4ac:	60060428 	andvs	r0, r6, r8, lsr #8
 4b0:	05f00802 	ldrbeq	r0, [r0, #2050]!	; 0x802
 4b4:	db190000 	blle	640008 <scb_cpacr+0x640008>
 4b8:	06000004 	streq	r0, [r0], -r4
 4bc:	2c070262 	sfmcs	f0, 4, [r7], {98}	; 0x62
 4c0:	00000000 	andeq	r0, r0, r0
 4c4:	0001af19 	andeq	sl, r1, r9, lsl pc
 4c8:	02670600 	rsbeq	r0, r7, #0, 12
 4cc:	0006ca0b 	andeq	ip, r6, fp, lsl #20
 4d0:	b0190400 	andslt	r0, r9, r0, lsl #8
 4d4:	06000002 	streq	r0, [r0], -r2
 4d8:	ca140267 	bgt	500e7c <scb_cpacr+0x500e7c>
 4dc:	08000006 	stmdaeq	r0, {r1, r2}
 4e0:	00026119 	andeq	r6, r2, r9, lsl r1
 4e4:	02670600 	rsbeq	r0, r7, #0, 12
 4e8:	0006ca1e 	andeq	ip, r6, lr, lsl sl
 4ec:	60190c00 	andsvs	r0, r9, r0, lsl #24
 4f0:	06000004 	streq	r0, [r0], -r4
 4f4:	2c080269 	sfmcs	f0, 4, [r8], {105}	; 0x69
 4f8:	10000000 	andne	r0, r0, r0
 4fc:	00001a19 	andeq	r1, r0, r9, lsl sl
 500:	026a0600 	rsbeq	r0, sl, #0, 12
 504:	0008ca08 	andeq	ip, r8, r8, lsl #20
 508:	7c191400 	cfldrsvc	mvf1, [r9], {-0}
 50c:	06000004 	streq	r0, [r0], -r4
 510:	2c07026d 	sfmcs	f0, 4, [r7], {109}	; 0x6d
 514:	30000000 	andcc	r0, r0, r0
 518:	00046a19 	andeq	r6, r4, r9, lsl sl
 51c:	026e0600 	rsbeq	r0, lr, #0, 12
 520:	0008df16 	andeq	sp, r8, r6, lsl pc
 524:	a2193400 	andsge	r3, r9, #0, 8
 528:	06000003 	streq	r0, [r0], -r3
 52c:	2c070270 	sfmcs	f0, 4, [r7], {112}	; 0x70
 530:	38000000 	stmdacc	r0, {}	; <UNPREDICTABLE>
 534:	00047219 	andeq	r7, r4, r9, lsl r2
 538:	02720600 	rsbseq	r0, r2, #0, 12
 53c:	0008f00a 	andeq	pc, r8, sl
 540:	14193c00 	ldrne	r3, [r9], #-3072	; 0xfffff400
 544:	06000003 	streq	r0, [r0], -r3
 548:	bf130275 	svclt	0x00130275
 54c:	40000001 	andmi	r0, r0, r1
 550:	00028d19 	andeq	r8, r2, r9, lsl sp
 554:	02760600 	rsbseq	r0, r6, #0, 12
 558:	00002c07 	andeq	r2, r0, r7, lsl #24
 55c:	0c194400 	cfldrseq	mvf4, [r9], {-0}
 560:	06000006 	streq	r0, [r0], -r6
 564:	bf130277 	svclt	0x00130277
 568:	48000001 	stmdami	r0, {r0}
 56c:	0003b419 	andeq	fp, r3, r9, lsl r4
 570:	02780600 	rsbseq	r0, r8, #0, 12
 574:	0008f614 	andeq	pc, r8, r4, lsl r6	; <UNPREDICTABLE>
 578:	b8194c00 	ldmdalt	r9, {sl, fp, lr}
 57c:	06000002 	streq	r0, [r0], -r2
 580:	2c07027b 	sfmcs	f0, 4, [r7], {123}	; 0x7b
 584:	50000000 	andpl	r0, r0, r0
 588:	00020119 	andeq	r0, r2, r9, lsl r1
 58c:	027c0600 	rsbseq	r0, ip, #0, 12
 590:	00014709 	andeq	r4, r1, r9, lsl #14
 594:	f6195400 			; <UNDEFINED> instruction: 0xf6195400
 598:	06000003 	streq	r0, [r0], -r3
 59c:	a507029f 	strge	r0, [r7, #-671]	; 0xfffffd61
 5a0:	58000008 	stmdapl	r0, {r3}
 5a4:	0003901a 	andeq	r9, r3, sl, lsl r0
 5a8:	02a30600 	adceq	r0, r3, #0, 12
 5ac:	0002f013 	andeq	pc, r2, r3, lsl r0	; <UNPREDICTABLE>
 5b0:	1a014800 	bne	525b8 <scb_cpacr+0x525b8>
 5b4:	000002f2 	strdeq	r0, [r0], -r2
 5b8:	1202a406 	andne	sl, r2, #100663296	; 0x6000000
 5bc:	000002ad 	andeq	r0, r0, sp, lsr #5
 5c0:	c01a014c 	andsgt	r0, sl, ip, asr #2
 5c4:	06000005 	streq	r0, [r0], -r5
 5c8:	070c02a8 	streq	r0, [ip, -r8, lsr #5]
 5cc:	dc000009 	stcle	0, cr0, [r0], {9}
 5d0:	018f1a02 	orreq	r1, pc, r2, lsl #20
 5d4:	ad060000 	stcge	0, cr0, [r6, #-0]
 5d8:	068b1002 	streq	r1, [fp], r2
 5dc:	02e00000 	rsceq	r0, r0, #0
 5e0:	0001741a 	andeq	r7, r1, sl, lsl r4
 5e4:	02af0600 	adceq	r0, pc, #0, 12
 5e8:	0009130a 	andeq	r1, r9, sl, lsl #6
 5ec:	0002ec00 	andeq	lr, r2, r0, lsl #24
 5f0:	047e0406 	ldrbteq	r0, [lr], #-1030	; 0xfffffbfa
 5f4:	2c160000 	ldccs	0, cr0, [r6], {-0}
 5f8:	14000000 	strne	r0, [r0], #-0
 5fc:	17000006 	strne	r0, [r0, -r6]
 600:	0000049c 	muleq	r0, ip, r4
 604:	00014517 	andeq	r4, r1, r7, lsl r5
 608:	06141700 	ldreq	r1, [r4], -r0, lsl #14
 60c:	2c170000 	ldccs	0, cr0, [r7], {-0}
 610:	00000000 	andeq	r0, r0, r0
 614:	01540406 	cmpeq	r4, r6, lsl #8
 618:	04060000 	streq	r0, [r6], #-0
 61c:	000005f6 	strdeq	r0, [r0], -r6
 620:	0000be16 	andeq	fp, r0, r6, lsl lr
 624:	00063e00 	andeq	r3, r6, r0, lsl #28
 628:	049c1700 	ldreq	r1, [ip], #1792	; 0x700
 62c:	45170000 	ldrmi	r0, [r7, #-0]
 630:	17000001 	strne	r0, [r0, -r1]
 634:	000000be 	strheq	r0, [r0], -lr
 638:	00002c17 	andeq	r2, r0, r7, lsl ip
 63c:	04060000 	streq	r0, [r6], #-0
 640:	00000620 	andeq	r0, r0, r0, lsr #12
 644:	00002c16 	andeq	r2, r0, r6, lsl ip
 648:	00065800 	andeq	r5, r6, r0, lsl #16
 64c:	049c1700 	ldreq	r1, [ip], #1792	; 0x700
 650:	45170000 	ldrmi	r0, [r7, #-0]
 654:	00000001 	andeq	r0, r0, r1
 658:	06440406 	strbeq	r0, [r4], -r6, lsl #8
 65c:	590b0000 	stmdbpl	fp, {}	; <UNPREDICTABLE>
 660:	6e000000 	cdpvs	0, 0, cr0, cr0, cr0, {0}
 664:	0c000006 	stceq	0, cr0, [r0], {6}
 668:	00000025 	andeq	r0, r0, r5, lsr #32
 66c:	590b0002 	stmdbpl	fp, {r1}
 670:	7e000000 	cdpvc	0, 0, cr0, cr0, cr0, {0}
 674:	0c000006 	stceq	0, cr0, [r0], {6}
 678:	00000025 	andeq	r0, r0, r5, lsr #32
 67c:	25080000 	strcs	r0, [r8, #-0]
 680:	06000004 	streq	r0, [r0], -r4
 684:	3b1a011f 	blcc	680b08 <scb_cpacr+0x680b08>
 688:	1b000003 	blne	69c <.debug_info+0x69c>
 68c:	000005a7 	andeq	r0, r0, r7, lsr #11
 690:	0123060c 			; <UNDEFINED> instruction: 0x0123060c
 694:	0006c408 	andeq	ip, r6, r8, lsl #8
 698:	05121900 	ldreq	r1, [r2, #-2304]	; 0xfffff700
 69c:	25060000 	strcs	r0, [r6, #-0]
 6a0:	06c41101 	strbeq	r1, [r4], r1, lsl #2
 6a4:	19000000 	stmdbne	r0, {}	; <UNPREDICTABLE>
 6a8:	000002d8 	ldrdeq	r0, [r0], -r8
 6ac:	07012606 	streq	r2, [r1, -r6, lsl #12]
 6b0:	0000002c 	andeq	r0, r0, ip, lsr #32
 6b4:	041f1904 	ldreq	r1, [pc], #-2308	; 8 <.debug_info+0x8>
 6b8:	27060000 	strcs	r0, [r6, -r0]
 6bc:	06ca0b01 	strbeq	r0, [sl], r1, lsl #22
 6c0:	00080000 	andeq	r0, r8, r0
 6c4:	068b0406 	streq	r0, [fp], r6, lsl #8
 6c8:	04060000 	streq	r0, [r6], #-0
 6cc:	0000067e 	andeq	r0, r0, lr, ror r6
 6d0:	0000121b 	andeq	r1, r0, fp, lsl r2
 6d4:	3f060e00 	svccc	0x00060e00
 6d8:	07090801 	streq	r0, [r9, -r1, lsl #16]
 6dc:	a4190000 	ldrge	r0, [r9], #-0
 6e0:	06000004 	streq	r0, [r0], -r4
 6e4:	09120140 	ldmdbeq	r2, {r6, r8}
 6e8:	00000007 	andeq	r0, r0, r7
 6ec:	00050c19 	andeq	r0, r5, r9, lsl ip
 6f0:	01410600 	cmpeq	r1, r0, lsl #12
 6f4:	00070912 	andeq	r0, r7, r2, lsl r9
 6f8:	55190600 	ldrpl	r0, [r9, #-1536]	; 0xfffffa00
 6fc:	06000005 	streq	r0, [r0], -r5
 700:	73120142 	tstvc	r2, #-2147483632	; 0x80000010
 704:	0c000000 	stceq	0, cr0, [r0], {-0}
 708:	00730b00 	rsbseq	r0, r3, r0, lsl #22
 70c:	07190000 	ldreq	r0, [r9, -r0]
 710:	250c0000 	strcs	r0, [ip, #-0]
 714:	02000000 	andeq	r0, r0, #0
 718:	06d01c00 	ldrbeq	r1, [r0], r0, lsl #24
 71c:	2e070280 	cdpcs	2, 0, cr0, cr7, cr0, {4}
 720:	19000008 	stmdbne	r0, {r3}
 724:	0000058b 	andeq	r0, r0, fp, lsl #11
 728:	18028206 	stmdane	r2, {r1, r2, r9, pc}
 72c:	00000025 	andeq	r0, r0, r5, lsr #32
 730:	05181900 	ldreq	r1, [r8, #-2304]	; 0xfffff700
 734:	83060000 	movwhi	r0, #24576	; 0x6000
 738:	01471202 	cmpeq	r7, r2, lsl #4
 73c:	19040000 	stmdbne	r4, {}	; <UNPREDICTABLE>
 740:	00000307 	andeq	r0, r0, r7, lsl #6
 744:	10028406 	andne	r8, r2, r6, lsl #8
 748:	0000082e 	andeq	r0, r0, lr, lsr #16
 74c:	05e31908 	strbeq	r1, [r3, #2312]!	; 0x908
 750:	85060000 	strhi	r0, [r6, #-0]
 754:	01d51702 	bicseq	r1, r5, r2, lsl #14
 758:	19240000 	stmdbne	r4!, {}	; <UNPREDICTABLE>
 75c:	00000271 	andeq	r0, r0, r1, ror r2
 760:	0f028606 	svceq	0x00028606
 764:	0000002c 	andeq	r0, r0, ip, lsr #32
 768:	04481948 	strbeq	r1, [r8], #-2376	; 0xfffff6b8
 76c:	87060000 	strhi	r0, [r6, -r0]
 770:	00942c02 	addseq	r2, r4, r2, lsl #24
 774:	19500000 	ldmdbne	r0, {}^	; <UNPREDICTABLE>
 778:	000005f9 	strdeq	r0, [r0], -r9
 77c:	1a028806 	bne	a279c <scb_cpacr+0xa279c>
 780:	000006d0 	ldrdeq	r0, [r0], -r0	; <UNPREDICTABLE>
 784:	04531958 	ldrbeq	r1, [r3], #-2392	; 0xfffff6a8
 788:	89060000 	stmdbhi	r6, {}	; <UNPREDICTABLE>
 78c:	012d1602 			; <UNDEFINED> instruction: 0x012d1602
 790:	19680000 	stmdbne	r8!, {}^	; <UNPREDICTABLE>
 794:	000005fe 	strdeq	r0, [r0], -lr
 798:	16028a06 	strne	r8, [r2], -r6, lsl #20
 79c:	0000012d 	andeq	r0, r0, sp, lsr #2
 7a0:	03be1970 			; <UNDEFINED> instruction: 0x03be1970
 7a4:	8b060000 	blhi	1807ac <scb_cpacr+0x1807ac>
 7a8:	012d1602 			; <UNDEFINED> instruction: 0x012d1602
 7ac:	19780000 	ldmdbne	r8!, {}^	; <UNPREDICTABLE>
 7b0:	000005b6 			; <UNDEFINED> instruction: 0x000005b6
 7b4:	10028c06 	andne	r8, r2, r6, lsl #24
 7b8:	0000083e 	andeq	r0, r0, lr, lsr r8
 7bc:	02fb1980 	rscseq	r1, fp, #128, 18	; 0x200000
 7c0:	8d060000 	stchi	0, cr0, [r6, #-0]
 7c4:	084e1002 	stmdaeq	lr, {r1, ip}^
 7c8:	19880000 	stmibne	r8, {}	; <UNPREDICTABLE>
 7cc:	00000562 	andeq	r0, r0, r2, ror #10
 7d0:	0f028e06 	svceq	0x00028e06
 7d4:	0000002c 	andeq	r0, r0, ip, lsr #32
 7d8:	022c19a0 	eoreq	r1, ip, #160, 18	; 0x280000
 7dc:	8f060000 	svchi	0x00060000
 7e0:	012d1602 			; <UNDEFINED> instruction: 0x012d1602
 7e4:	19a40000 	stmibne	r4!, {}	; <UNPREDICTABLE>
 7e8:	0000012c 	andeq	r0, r0, ip, lsr #2
 7ec:	16029006 	strne	r9, [r2], -r6
 7f0:	0000012d 	andeq	r0, r0, sp, lsr #2
 7f4:	021119ac 	andseq	r1, r1, #172, 18	; 0x2b0000
 7f8:	91060000 	mrsls	r0, (UNDEF: 6)
 7fc:	012d1602 			; <UNDEFINED> instruction: 0x012d1602
 800:	19b40000 	ldmibne	r4!, {}	; <UNPREDICTABLE>
 804:	00000043 	andeq	r0, r0, r3, asr #32
 808:	16029206 	strne	r9, [r2], -r6, lsl #4
 80c:	0000012d 	andeq	r0, r0, sp, lsr #2
 810:	005219bc 	ldrheq	r1, [r2], #-156	; 0xffffff64
 814:	93060000 	movwls	r0, #24576	; 0x6000
 818:	012d1602 			; <UNDEFINED> instruction: 0x012d1602
 81c:	19c40000 	stmibne	r4, {}^	; <UNPREDICTABLE>
 820:	000003fb 	strdeq	r0, [r0], -fp
 824:	08029406 	stmdaeq	r2, {r1, r2, sl, ip, pc}
 828:	0000002c 	andeq	r0, r0, ip, lsr #32
 82c:	4d0b00cc 	stcmi	0, cr0, [fp, #-816]	; 0xfffffcd0
 830:	3e000001 	cdpcc	0, 0, cr0, cr0, cr1, {0}
 834:	0c000008 	stceq	0, cr0, [r0], {8}
 838:	00000025 	andeq	r0, r0, r5, lsr #32
 83c:	4d0b0019 	stcmi	0, cr0, [fp, #-100]	; 0xffffff9c
 840:	4e000001 	cdpmi	0, 0, cr0, cr0, cr1, {0}
 844:	0c000008 	stceq	0, cr0, [r0], {8}
 848:	00000025 	andeq	r0, r0, r5, lsr #32
 84c:	4d0b0007 	stcmi	0, cr0, [fp, #-28]	; 0xffffffe4
 850:	5e000001 	cdppl	0, 0, cr0, cr0, cr1, {0}
 854:	0c000008 	stceq	0, cr0, [r0], {8}
 858:	00000025 	andeq	r0, r0, r5, lsr #32
 85c:	f01c0017 			; <UNDEFINED> instruction: 0xf01c0017
 860:	07029906 	streq	r9, [r2, -r6, lsl #18]
 864:	00000885 	andeq	r0, r0, r5, lsl #17
 868:	00036e19 	andeq	r6, r3, r9, lsl lr
 86c:	029c0600 	addseq	r0, ip, #0, 12
 870:	0008851b 	andeq	r8, r8, fp, lsl r5
 874:	ad190000 	ldcge	0, cr0, [r9, #-0]
 878:	06000005 	streq	r0, [r0], -r5
 87c:	9518029d 	ldrls	r0, [r8, #-669]	; 0xfffffd63
 880:	78000008 	stmdavc	r0, {r3}
 884:	03350b00 	teqeq	r5, #0, 22
 888:	08950000 	ldmeq	r5, {}	; <UNPREDICTABLE>
 88c:	250c0000 	strcs	r0, [ip, #-0]
 890:	1d000000 	stcne	0, cr0, [r0, #-0]
 894:	00250b00 	eoreq	r0, r5, r0, lsl #22
 898:	08a50000 	stmiaeq	r5!, {}	; <UNPREDICTABLE>
 89c:	250c0000 	strcs	r0, [ip, #-0]
 8a0:	1d000000 	stcne	0, cr0, [r0, #-0]
 8a4:	06f01d00 	ldrbteq	r1, [r0], r0, lsl #26
 8a8:	ca03027e 	bgt	c12a8 <scb_cpacr+0xc12a8>
 8ac:	1e000008 	cdpne	0, 0, cr0, cr0, cr8, {0}
 8b0:	0000049d 	muleq	r0, sp, r4
 8b4:	0b029506 	bleq	a5cd4 <scb_cpacr+0xa5cd4>
 8b8:	00000719 	andeq	r0, r0, r9, lsl r7
 8bc:	0005d01e 	andeq	sp, r5, lr, lsl r0
 8c0:	029e0600 	addseq	r0, lr, #0, 12
 8c4:	00085e0b 	andeq	r5, r8, fp, lsl #28
 8c8:	4d0b0000 	stcmi	0, cr0, [fp, #-0]
 8cc:	da000001 	ble	8d8 <.debug_info+0x8d8>
 8d0:	0c000008 	stceq	0, cr0, [r0], {8}
 8d4:	00000025 	andeq	r0, r0, r5, lsr #32
 8d8:	46070018 			; <UNDEFINED> instruction: 0x46070018
 8dc:	06000003 	streq	r0, [r0], -r3
 8e0:	0008da04 	andeq	sp, r8, r4, lsl #20
 8e4:	08f01f00 	ldmeq	r0!, {r8, r9, sl, fp, ip}^
 8e8:	9c170000 	ldcls	0, cr0, [r7], {-0}
 8ec:	00000004 	andeq	r0, r0, r4
 8f0:	08e50406 	stmiaeq	r5!, {r1, r2, sl}^
 8f4:	04060000 	streq	r0, [r6], #-0
 8f8:	000001bf 			; <UNDEFINED> instruction: 0x000001bf
 8fc:	0009071f 	andeq	r0, r9, pc, lsl r7
 900:	002c1700 	eoreq	r1, ip, r0, lsl #14
 904:	06000000 	streq	r0, [r0], -r0
 908:	00090d04 	andeq	r0, r9, r4, lsl #26
 90c:	fc040600 	stc2	6, cr0, [r4], {-0}
 910:	0b000008 	bleq	938 <.debug_info+0x938>
 914:	0000067e 	andeq	r0, r0, lr, ror r6
 918:	00000923 	andeq	r0, r0, r3, lsr #18
 91c:	0000250c 	andeq	r2, r0, ip, lsl #10
 920:	20000200 	andcs	r0, r0, r0, lsl #4
 924:	000004c7 	andeq	r0, r0, r7, asr #9
 928:	17032e06 	strne	r2, [r3, -r6, lsl #28]
 92c:	0000049c 	muleq	r0, ip, r4
 930:	00056f20 	andeq	r6, r5, r0, lsr #30
 934:	032f0600 			; <UNDEFINED> instruction: 0x032f0600
 938:	0004a21d 	andeq	sl, r4, sp, lsl r2
 93c:	03982100 	orrseq	r2, r8, #0, 2
 940:	64070000 	strvs	r0, [r7], #-0
 944:	0001470e 	andeq	r4, r1, lr, lsl #14
 948:	05040500 	streq	r0, [r4, #-1280]	; 0xfffffb00
 94c:	18080000 	stmdane	r8, {}	; <UNPREDICTABLE>
 950:	00004d13 	andeq	r4, r0, r3, lsl sp
 954:	09491000 	stmdbeq	r9, {ip}^
 958:	f8050000 			; <UNDEFINED> instruction: 0xf8050000
 95c:	08000001 	stmdaeq	r0, {r0}
 960:	00671424 	rsbeq	r1, r7, r4, lsr #8
 964:	5a100000 	bpl	40096c <scb_cpacr+0x40096c>
 968:	05000009 	streq	r0, [r0, #-9]
 96c:	00000582 	andeq	r0, r0, r2, lsl #11
 970:	81143008 	tsthi	r4, r8
 974:	04000000 	streq	r0, [r0], #-0
 978:	0000096b 	andeq	r0, r0, fp, ror #18
 97c:	00096b10 	andeq	r6, r9, r0, lsl fp
 980:	02222200 	eoreq	r2, r2, #0, 4
 984:	0e010000 	cdpeq	0, 0, cr0, cr1, cr0, {0}
 988:	00099314 	andeq	r9, r9, r4, lsl r3
 98c:	00030500 	andeq	r0, r3, r0, lsl #10
 990:	06000000 	streq	r0, [r0], -r0
 994:	00097704 	andeq	r7, r9, r4, lsl #14
 998:	06112300 	ldreq	r2, [r1], -r0, lsl #6
 99c:	1d010000 	stcne	0, cr0, [r1, #-0]
 9a0:	00002c05 	andeq	r2, r0, r5, lsl #24
 9a4:	00000000 	andeq	r0, r0, r0
 9a8:	00020400 	andeq	r0, r2, r0, lsl #8
 9ac:	1f9c0100 	svcne	0x009c0100
 9b0:	2400000a 	strcs	r0, [r0], #-10
 9b4:	0000052e 	andeq	r0, r0, lr, lsr #10
 9b8:	2f111e01 	svccs	0x00111e01
 9bc:	0300000a 	movweq	r0, #10
 9c0:	247fbc91 	ldrbtcs	fp, [pc], #-3217	; 9c8 <.debug_info+0x9c8>
 9c4:	0000053b 	andeq	r0, r0, fp, lsr r5
 9c8:	44111f01 	ldrmi	r1, [r1], #-3841	; 0xfffff0ff
 9cc:	0300000a 	movweq	r0, #10
 9d0:	247fb491 	ldrbtcs	fp, [pc], #-1169	; 9d8 <.debug_info+0x9d8>
 9d4:	00000548 	andeq	r0, r0, r8, asr #10
 9d8:	59102001 	ldmdbpl	r0, {r0, sp}
 9dc:	0300000a 	movweq	r0, #10
 9e0:	247fb091 	ldrbtcs	fp, [pc], #-145	; 9e8 <.debug_info+0x9e8>
 9e4:	000003cc 	andeq	r0, r0, ip, asr #7
 9e8:	5e0c2101 	adfple	f2, f4, f1
 9ec:	0200000a 	andeq	r0, r0, #10
 9f0:	35246c91 	strcc	r6, [r4, #-3217]!	; 0xfffff36f
 9f4:	01000000 	mrseq	r0, (UNDEF: 0)
 9f8:	0a640c22 	beq	1903a88 <scb_cpacr+0x1903a88>
 9fc:	91020000 	mrsls	r0, (UNDEF: 2)
 a00:	03e82468 	mvneq	r2, #104, 8	; 0x68000000
 a04:	23010000 	movwcs	r0, #4096	; 0x1000
 a08:	000a6a0b 	andeq	r6, sl, fp, lsl #20
 a0c:	64910200 	ldrvs	r0, [r1], #512	; 0x200
 a10:	01006925 	tsteq	r0, r5, lsr #18
 a14:	00330f24 	eorseq	r0, r3, r4, lsr #30
 a18:	91030000 	mrsls	r0, (UNDEF: 3)
 a1c:	0b007fac 	bleq	208d4 <scb_cpacr+0x208d4>
 a20:	0000097c 	andeq	r0, r0, ip, ror r9
 a24:	00000a2f 	andeq	r0, r0, pc, lsr #20
 a28:	0000250c 	andeq	r2, r0, ip, lsl #10
 a2c:	10000900 	andne	r0, r0, r0, lsl #18
 a30:	00000a1f 	andeq	r0, r0, pc, lsl sl
 a34:	0009660b 	andeq	r6, r9, fp, lsl #12
 a38:	000a4400 	andeq	r4, sl, r0, lsl #8
 a3c:	00250c00 	eoreq	r0, r5, r0, lsl #24
 a40:	00030000 	andeq	r0, r3, r0
 a44:	000a3410 	andeq	r3, sl, r0, lsl r4
 a48:	09550b00 	ldmdbeq	r5, {r8, r9, fp}^
 a4c:	0a590000 	beq	1640a54 <scb_cpacr+0x1640a54>
 a50:	250c0000 	strcs	r0, [ip, #-0]
 a54:	03000000 	movweq	r0, #0
 a58:	0a491000 	beq	1244a60 <scb_cpacr+0x1244a60>
 a5c:	04060000 	streq	r0, [r6], #-0
 a60:	0000096b 	andeq	r0, r0, fp, ror #18
 a64:	095a0406 	ldmdbeq	sl, {r1, r2, sl}^
 a68:	04060000 	streq	r0, [r6], #-0
 a6c:	00000949 	andeq	r0, r0, r9, asr #18
 a70:	00037526 	andeq	r7, r3, r6, lsr #10
 a74:	0f100100 	svceq	0x00100100
 a78:	0000008d 	andeq	r0, r0, sp, lsl #1
 a7c:	00000000 	andeq	r0, r0, r0
 a80:	00000014 	andeq	r0, r0, r4, lsl r0
 a84:	80219c01 	eorhi	r9, r1, r1, lsl #24
 a88:	01000002 	tsteq	r0, r2
 a8c:	014d0e11 	cmpeq	sp, r1, lsl lr
 a90:	00000000 	andeq	r0, r0, r0

Disassembly of section .debug_abbrev:

00000000 <.debug_abbrev>:
   0:	25011101 	strcs	r1, [r1, #-257]	; 0xfffffeff
unsigned long start_of_heap_get(void){
   4:	030b130e 	movweq	r1, #45838	; 0xb30e
	return (unsigned long)&_sheap;
   8:	550e1b0e 	strpl	r1, [lr, #-2830]	; 0xfffff4f2
}
   c:	10011117 	andne	r1, r1, r7, lsl r1
  10:	02000017 	andeq	r0, r0, #23
  14:	0b0b0024 	bleq	2c00ac <scb_cpacr+0x2c00ac>
  18:	0e030b3e 	vmoveq.16	d3[0], r0
  1c:	24030000 	strcs	r0, [r3], #-0
  20:	3e0b0b00 	vmlacc.f64	d0, d11, d0
  24:	0008030b 	andeq	r0, r8, fp, lsl #6
  28:	00350400 	eorseq	r0, r5, r0, lsl #8
  2c:	00001349 	andeq	r1, r0, r9, asr #6
  30:	03001605 	movweq	r1, #1541	; 0x605
  34:	3b0b3a0e 	blcc	2ce874 <scb_cpacr+0x2ce874>
  38:	490b390b 	stmdbmi	fp, {r0, r1, r3, r8, fp, ip, sp}
  3c:	06000013 			; <UNDEFINED> instruction: 0x06000013
  40:	0b0b000f 	bleq	2c0084 <scb_cpacr+0x2c0084>
  44:	00001349 	andeq	r1, r0, r9, asr #6
  48:	03001307 	movweq	r1, #775	; 0x307
  4c:	00193c0e 	andseq	r3, r9, lr, lsl #24
  50:	00160800 	andseq	r0, r6, r0, lsl #16
  54:	0b3a0e03 	bleq	e83868 <scb_cpacr+0xe83868>
  58:	0b39053b 	bleq	e4154c <scb_cpacr+0xe4154c>
  5c:	00001349 	andeq	r1, r0, r9, asr #6
  60:	0b011709 	bleq	45c8c <scb_cpacr+0x45c8c>
  64:	3b0b3a0b 	blcc	2ce898 <scb_cpacr+0x2ce898>
  68:	010b390b 	tsteq	fp, fp, lsl #18
  6c:	0a000013 	beq	c0 <.debug_abbrev+0xc0>
  70:	0e03000d 	cdpeq	0, 0, cr0, cr3, cr13, {0}
  74:	0b3b0b3a 	bleq	ec2d64 <scb_cpacr+0xec2d64>
  78:	13490b39 	movtne	r0, #39737	; 0x9b39
  7c:	010b0000 	mrseq	r0, (UNDEF: 11)
  80:	01134901 	tsteq	r3, r1, lsl #18
  84:	0c000013 	stceq	0, cr0, [r0], {19}
  88:	13490021 	movtne	r0, #36897	; 0x9021
  8c:	00000b2f 	andeq	r0, r0, pc, lsr #22
  90:	0b01130d 	bleq	44ccc <scb_cpacr+0x44ccc>
  94:	3b0b3a0b 	blcc	2ce8c8 <scb_cpacr+0x2ce8c8>
  98:	010b390b 	tsteq	fp, fp, lsl #18
  9c:	0e000013 	mcreq	0, 0, r0, cr0, cr3, {0}
  a0:	0e03000d 	cdpeq	0, 0, cr0, cr3, cr13, {0}
  a4:	0b3b0b3a 	bleq	ec2d94 <scb_cpacr+0xec2d94>
  a8:	13490b39 	movtne	r0, #39737	; 0x9b39
  ac:	00000b38 	andeq	r0, r0, r8, lsr fp
  b0:	0b000f0f 	bleq	3cf4 <scb_cpacr+0x3cf4>
  b4:	1000000b 	andne	r0, r0, fp
  b8:	13490026 	movtne	r0, #36902	; 0x9026
  bc:	13110000 	tstne	r1, #0
  c0:	0b0e0301 	bleq	380ccc <scb_cpacr+0x380ccc>
  c4:	3b0b3a0b 	blcc	2ce8f8 <scb_cpacr+0x2ce8f8>
  c8:	010b390b 	tsteq	fp, fp, lsl #18
  cc:	12000013 	andne	r0, r0, #19
  d0:	0803000d 	stmdaeq	r3, {r0, r2, r3}
  d4:	0b3b0b3a 	bleq	ec2dc4 <scb_cpacr+0xec2dc4>
int main(void){
  d8:	13490b39 	movtne	r0, #39737	; 0x9b39
  dc:	00000b38 	andeq	r0, r0, r8, lsr fp
	const uint32_t static_arr_1[10] = {0x11111111, 0x22222222, 0x33333333, 0x44444444, 0x55555555, 0x66666666, 0x77777777, 0x88888888, 0x99999999, 0xaaaaaaaa};
  e0:	03011313 	movweq	r1, #4883	; 0x1313
  e4:	3a050b0e 	bcc	142d24 <scb_cpacr+0x142d24>
  e8:	390b3b0b 	stmdbcc	fp, {r0, r1, r3, r8, r9, fp, ip, sp}
  ec:	0013010b 	andseq	r0, r3, fp, lsl #2
  f0:	000d1400 	andeq	r1, sp, r0, lsl #8
  f4:	0b3a0e03 	bleq	e83908 <scb_cpacr+0xe83908>
	const uint16_t static_arr_2[4] = {0xbaba, 0xdede, 0xcece, 0xfefe};
  f8:	0b390b3b 	bleq	e42dec <scb_cpacr+0xe42dec>
  fc:	05381349 	ldreq	r1, [r8, #-841]!	; 0xfffffcb7
 100:	15150000 	ldrne	r0, [r5, #-0]
	const uint8_t static_arr_3[4] = {0xde, 0xad, 0xbe, 0xef};
 104:	00192700 	andseq	r2, r9, r0, lsl #14
 108:	01151600 	tsteq	r5, r0, lsl #12
	*scb_cpacr |= SCB_CPACR_CP10_CP11_EN; //Enable ARM's FPU
 10c:	13491927 	movtne	r1, #39207	; 0x9927
 110:	00001301 	andeq	r1, r0, r1, lsl #6
 114:	49000517 	stmdbmi	r0, {r0, r1, r2, r4, r8, sl}
 118:	18000013 	stmdane	r0, {r0, r1, r4}
	led_init();
 11c:	0e030113 	mcreq	1, 0, r0, cr3, cr3, {0}
	uart_init(CONFIG_UART_BAUD_RATE);
 120:	0b3a050b 	bleq	e81554 <scb_cpacr+0xe81554>
 124:	0b39053b 	bleq	e41618 <scb_cpacr+0xe41618>
	button_init();
 128:	00001301 	andeq	r1, r0, r1, lsl #6
	printf("The start of the HEAP segment: 0x%08X\n", start_of_heap_get());
 12c:	03000d19 	movweq	r0, #3353	; 0xd19
 130:	3b0b3a0e 	blcc	2ce970 <scb_cpacr+0x2ce970>
 134:	490b3905 	stmdbmi	fp, {r0, r2, r8, fp, ip, sp}
	dynamic_arr_1 = (uint32_t *)malloc(sizeof(uint32_t)*10);
 138:	000b3813 	andeq	r3, fp, r3, lsl r8
 13c:	000d1a00 	andeq	r1, sp, r0, lsl #20
 140:	0b3a0e03 	bleq	e83954 <scb_cpacr+0xe83954>
	for(i = 0; i < 10; i++){
 144:	0b39053b 	bleq	e41638 <scb_cpacr+0xe41638>
		dynamic_arr_1[i] = static_arr_1[i];
 148:	05381349 	ldreq	r1, [r8, #-841]!	; 0xfffffcb7
 14c:	131b0000 	tstne	fp, #0
 150:	0b0e0301 	bleq	380d5c <scb_cpacr+0x380d5c>
 154:	3b0b3a0b 	blcc	2ce988 <scb_cpacr+0x2ce988>
 158:	010b3905 	tsteq	fp, r5, lsl #18
 15c:	1c000013 	stcne	0, cr0, [r0], {19}
	for(i = 0; i < 10; i++){
 160:	0b0b0113 	bleq	2c05b4 <scb_cpacr+0x2c05b4>
 164:	053b0b3a 	ldreq	r0, [fp, #-2874]!	; 0xfffff4c6
 168:	13010b39 	movwne	r0, #6969	; 0x1b39
	dynamic_arr_2 = (uint16_t *)malloc(sizeof(uint16_t)*4);
 16c:	171d0000 	ldrne	r0, [sp, -r0]
 170:	3a0b0b01 	bcc	2c2d7c <scb_cpacr+0x2c2d7c>
 174:	39053b0b 	stmdbcc	r5, {r0, r1, r3, r8, r9, fp, ip, sp}
	for(i = 0; i < 4; i++){
 178:	0013010b 	andseq	r0, r3, fp, lsl #2
		dynamic_arr_2[i] = static_arr_2[i];
 17c:	000d1e00 	andeq	r1, sp, r0, lsl #28
 180:	0b3a0e03 	bleq	e83994 <scb_cpacr+0xe83994>
 184:	0b39053b 	bleq	e41678 <scb_cpacr+0xe41678>
 188:	00001349 	andeq	r1, r0, r9, asr #6
 18c:	2701151f 	smladcs	r1, pc, r5, r1	; <UNPREDICTABLE>
 190:	00130119 	andseq	r0, r3, r9, lsl r1
	for(i = 0; i < 4; i++){
 194:	00342000 	eorseq	r2, r4, r0
 198:	0b3a0e03 	bleq	e839ac <scb_cpacr+0xe839ac>
 19c:	0b39053b 	bleq	e41690 <scb_cpacr+0xe41690>
	printf("\n dynamic_arr_1[ ] = {\n");
 1a0:	193f1349 	ldmdbne	pc!, {r0, r3, r6, r8, r9, ip}	; <UNPREDICTABLE>
 1a4:	0000193c 	andeq	r1, r0, ip, lsr r9
	for(i = 0; i < 10; i++){
 1a8:	03003421 	movweq	r3, #1057	; 0x421
		printf("0x%08X\n", dynamic_arr_1[i]);
 1ac:	3b0b3a0e 	blcc	2ce9ec <scb_cpacr+0x2ce9ec>
 1b0:	490b390b 	stmdbmi	fp, {r0, r1, r3, r8, fp, ip, sp}
 1b4:	3c193f13 	ldccc	15, cr3, [r9], {19}
 1b8:	22000019 	andcs	r0, r0, #25
 1bc:	0e030034 	mcreq	0, 0, r0, cr3, cr4, {1}
	for(i = 0; i < 10; i++){
 1c0:	0b3b0b3a 	bleq	ec2eb0 <scb_cpacr+0xec2eb0>
 1c4:	13490b39 	movtne	r0, #39737	; 0x9b39
 1c8:	1802193f 	stmdane	r2, {r0, r1, r2, r3, r4, r5, r8, fp, ip}
	printf("}\n");
 1cc:	2e230000 	cdpcs	0, 2, cr0, cr3, cr0, {0}
	printf("\n dynamic_arr_2[ ] = {\n");
 1d0:	03193f01 	tsteq	r9, #1, 30
 1d4:	3b0b3a0e 	blcc	2cea14 <scb_cpacr+0x2cea14>
	for(i = 0; i < 4; i++){
 1d8:	270b390b 	strcs	r3, [fp, -fp, lsl #18]
		printf("0x%04X\n", dynamic_arr_2[i]);
 1dc:	11134919 	tstne	r3, r9, lsl r9
 1e0:	40061201 	andmi	r1, r6, r1, lsl #4
 1e4:	19429618 	stmdbne	r2, {r3, r4, r9, sl, ip, pc}^
 1e8:	00001301 	andeq	r1, r0, r1, lsl #6
 1ec:	03003424 	movweq	r3, #1060	; 0x424
	for(i = 0; i < 4; i++){
 1f0:	3b0b3a0e 	blcc	2cea30 <scb_cpacr+0x2cea30>
 1f4:	490b390b 	stmdbmi	fp, {r0, r1, r3, r8, fp, ip, sp}
 1f8:	00180213 	andseq	r0, r8, r3, lsl r2
	printf("}\n");
 1fc:	00342500 	eorseq	r2, r4, r0, lsl #10
	free(dynamic_arr_1);
 200:	0b3a0803 	bleq	e82214 <scb_cpacr+0xe82214>
 204:	0b390b3b 	bleq	e42ef8 <scb_cpacr+0xe42ef8>
	dynamic_arr_3 = (uint8_t *)malloc(sizeof(uint16_t)*4);
 208:	18021349 	stmdane	r2, {r0, r3, r6, r8, r9, ip}
 20c:	2e260000 	cdpcs	0, 2, cr0, cr6, cr0, {0}
	for(i = 0; i < 4; i++){
 210:	03193f01 	tsteq	r9, #1, 30
 214:	3b0b3a0e 	blcc	2cea54 <scb_cpacr+0x2cea54>
		dynamic_arr_3[i] = static_arr_3[i];
 218:	270b390b 	strcs	r3, [fp, -fp, lsl #18]
 21c:	11134919 	tstne	r3, r9, lsl r9
 220:	40061201 	andmi	r1, r6, r1, lsl #4
 224:	19429718 	stmdbne	r2, {r3, r4, r8, r9, sl, ip, pc}^
 228:	Address 0x0000000000000228 is out of bounds.


Disassembly of section .debug_aranges:

00000000 <.debug_aranges>:
   0:	00000024 	andeq	r0, r0, r4, lsr #32
unsigned long start_of_heap_get(void){
   4:	00000002 	andeq	r0, r0, r2
	return (unsigned long)&_sheap;
   8:	00040000 	andeq	r0, r4, r0
	...
}
  14:	00000014 	andeq	r0, r0, r4, lsl r0
  18:	00000000 	andeq	r0, r0, r0
  1c:	00000204 	andeq	r0, r0, r4, lsl #4
	...

Disassembly of section .debug_ranges:

00000000 <.debug_ranges>:
   0:	00000000 	andeq	r0, r0, r0
unsigned long start_of_heap_get(void){
   4:	00000014 	andeq	r0, r0, r4, lsl r0
	return (unsigned long)&_sheap;
   8:	00000000 	andeq	r0, r0, r0
}
   c:	00000204 	andeq	r0, r0, r4, lsl #4
	...

Disassembly of section .debug_line:

00000000 <.debug_line>:
   0:	00000380 	andeq	r0, r0, r0, lsl #7
unsigned long start_of_heap_get(void){
   4:	01d50003 	bicseq	r0, r5, r3
	return (unsigned long)&_sheap;
   8:	01020000 	mrseq	r0, (UNDEF: 2)
}
   c:	000d0efb 	strdeq	r0, [sp], -fp
  10:	01010101 	tsteq	r1, r1, lsl #2
  14:	01000000 	mrseq	r0, (UNDEF: 0)
  18:	2f010000 	svccs	0x00010000
  1c:	656d6f68 	strbvs	r6, [sp, #-3944]!	; 0xfffff098
  20:	6f626c2f 	svcvs	0x00626c2f
  24:	6e616467 	cdpvs	4, 6, cr6, cr1, cr7, {3}
  28:	702f766f 	eorvc	r7, pc, pc, ror #12
  2c:	72676f72 	rsbvc	r6, r7, #456	; 0x1c8
  30:	2f736d61 	svccs	0x00736d61
  34:	2d636367 	stclcs	3, cr6, [r3, #-412]!	; 0xfffffe64
  38:	2d6d7261 	sfmcs	f7, 2, [sp, #-388]!	; 0xfffffe7c
  3c:	656e6f6e 	strbvs	r6, [lr, #-3950]!	; 0xfffff092
  40:	6261652d 	rsbvs	r6, r1, #188743680	; 0xb400000
  44:	2d382d69 	ldccs	13, cr2, [r8, #-420]!	; 0xfffffe5c
  48:	38313032 	ldmdacc	r1!, {r1, r4, r5, ip, sp}
  4c:	2d34712d 	ldfcss	f7, [r4, #-180]!	; 0xffffff4c
  50:	6f6a616d 	svcvs	0x006a616d
  54:	72612f72 	rsbvc	r2, r1, #456	; 0x1c8
  58:	6f6e2d6d 	svcvs	0x006e2d6d
  5c:	652d656e 	strvs	r6, [sp, #-1390]!	; 0xfffffa92
  60:	2f696261 	svccs	0x00696261
  64:	6c636e69 	stclvs	14, cr6, [r3], #-420	; 0xfffffe5c
  68:	2f656475 	svccs	0x00656475
  6c:	6863616d 	stmdavs	r3!, {r0, r2, r3, r5, r6, r8, sp, lr}^
  70:	00656e69 	rsbeq	r6, r5, r9, ror #28
  74:	6d6f682f 	stclvs	8, cr6, [pc, #-188]!	; ffffffc0 <scb_cpacr+0xffffffc0>
  78:	626c2f65 	rsbvs	r2, ip, #404	; 0x194
  7c:	6164676f 	cmnvs	r4, pc, ror #14
  80:	2f766f6e 	svccs	0x00766f6e
  84:	676f7270 			; <UNDEFINED> instruction: 0x676f7270
  88:	736d6172 	cmnvc	sp, #-2147483620	; 0x8000001c
  8c:	6363672f 	cmnvs	r3, #12320768	; 0xbc0000
  90:	6d72612d 	ldfvse	f6, [r2, #-180]!	; 0xffffff4c
  94:	6e6f6e2d 	cdpvs	14, 6, cr6, cr15, cr13, {1}
  98:	61652d65 	cmnvs	r5, r5, ror #26
  9c:	382d6962 	stmdacc	sp!, {r1, r5, r6, r8, fp, sp, lr}
  a0:	3130322d 	teqcc	r0, sp, lsr #4
  a4:	34712d38 	ldrbtcc	r2, [r1], #-3384	; 0xfffff2c8
  a8:	6a616d2d 	bvs	185b564 <scb_cpacr+0x185b564>
  ac:	612f726f 			; <UNDEFINED> instruction: 0x612f726f
  b0:	6e2d6d72 	mcrvs	13, 1, r6, cr13, cr2, {3}
  b4:	2d656e6f 	stclcs	14, cr6, [r5, #-444]!	; 0xfffffe44
  b8:	69626165 	stmdbvs	r2!, {r0, r2, r5, r6, r8, sp, lr}^
  bc:	636e692f 	cmnvs	lr, #770048	; 0xbc000
  c0:	6564756c 	strbvs	r7, [r4, #-1388]!	; 0xfffffa94
  c4:	7379732f 	cmnvc	r9, #-1140850688	; 0xbc000000
  c8:	6f682f00 	svcvs	0x00682f00
  cc:	6c2f656d 	cfstr32vs	mvfx6, [pc], #-436	; ffffff20 <scb_cpacr+0xffffff20>
  d0:	64676f62 	strbtvs	r6, [r7], #-3938	; 0xfffff09e
  d4:	766f6e61 	strbtvc	r6, [pc], -r1, ror #28
int main(void){
  d8:	6f72702f 	svcvs	0x0072702f
  dc:	6d617267 	sfmvs	f7, 2, [r1, #-412]!	; 0xfffffe64
	const uint32_t static_arr_1[10] = {0x11111111, 0x22222222, 0x33333333, 0x44444444, 0x55555555, 0x66666666, 0x77777777, 0x88888888, 0x99999999, 0xaaaaaaaa};
  e0:	63672f73 	cmnvs	r7, #460	; 0x1cc
  e4:	72612d63 	rsbvc	r2, r1, #6336	; 0x18c0
  e8:	6f6e2d6d 	svcvs	0x006e2d6d
  ec:	652d656e 	strvs	r6, [sp, #-1390]!	; 0xfffffa92
  f0:	2d696261 	sfmcs	f6, 2, [r9, #-388]!	; 0xfffffe7c
  f4:	30322d38 	eorscc	r2, r2, r8, lsr sp
	const uint16_t static_arr_2[4] = {0xbaba, 0xdede, 0xcece, 0xfefe};
  f8:	712d3831 			; <UNDEFINED> instruction: 0x712d3831
  fc:	616d2d34 	cmnvs	sp, r4, lsr sp
 100:	2f726f6a 	svccs	0x00726f6a
	const uint8_t static_arr_3[4] = {0xde, 0xad, 0xbe, 0xef};
 104:	2f62696c 	svccs	0x0062696c
 108:	2f636367 	svccs	0x00636367
	*scb_cpacr |= SCB_CPACR_CP10_CP11_EN; //Enable ARM's FPU
 10c:	2d6d7261 	sfmcs	f7, 2, [sp, #-388]!	; 0xfffffe7c
 110:	656e6f6e 	strbvs	r6, [lr, #-3950]!	; 0xfffff092
 114:	6261652d 	rsbvs	r6, r1, #188743680	; 0xb400000
 118:	2e382f69 	cdpcs	15, 3, cr2, cr8, cr9, {3}
	led_init();
 11c:	2f312e32 	svccs	0x00312e32
	uart_init(CONFIG_UART_BAUD_RATE);
 120:	6c636e69 	stclvs	14, cr6, [r3], #-420	; 0xfffffe5c
 124:	00656475 	rsbeq	r6, r5, r5, ror r4
	button_init();
 128:	6d6f682f 	stclvs	8, cr6, [pc, #-188]!	; 74 <.debug_line+0x74>
	printf("The start of the HEAP segment: 0x%08X\n", start_of_heap_get());
 12c:	626c2f65 	rsbvs	r2, ip, #404	; 0x194
 130:	6164676f 	cmnvs	r4, pc, ror #14
 134:	2f766f6e 	svccs	0x00766f6e
	dynamic_arr_1 = (uint32_t *)malloc(sizeof(uint32_t)*10);
 138:	676f7270 			; <UNDEFINED> instruction: 0x676f7270
 13c:	736d6172 	cmnvc	sp, #-2147483620	; 0x8000001c
 140:	6363672f 	cmnvs	r3, #12320768	; 0xbc0000
	for(i = 0; i < 10; i++){
 144:	6d72612d 	ldfvse	f6, [r2, #-180]!	; 0xffffff4c
		dynamic_arr_1[i] = static_arr_1[i];
 148:	6e6f6e2d 	cdpvs	14, 6, cr6, cr15, cr13, {1}
 14c:	61652d65 	cmnvs	r5, r5, ror #26
 150:	382d6962 	stmdacc	sp!, {r1, r5, r6, r8, fp, sp, lr}
 154:	3130322d 	teqcc	r0, sp, lsr #4
 158:	34712d38 	ldrbtcc	r2, [r1], #-3384	; 0xfffff2c8
 15c:	6a616d2d 	bvs	185b618 <scb_cpacr+0x185b618>
	for(i = 0; i < 10; i++){
 160:	612f726f 			; <UNDEFINED> instruction: 0x612f726f
 164:	6e2d6d72 	mcrvs	13, 1, r6, cr13, cr2, {3}
 168:	2d656e6f 	stclcs	14, cr6, [r5, #-444]!	; 0xfffffe44
	dynamic_arr_2 = (uint16_t *)malloc(sizeof(uint16_t)*4);
 16c:	69626165 	stmdbvs	r2!, {r0, r2, r5, r6, r8, sp, lr}^
 170:	636e692f 	cmnvs	lr, #770048	; 0xbc000
 174:	6564756c 	strbvs	r7, [r4, #-1388]!	; 0xfffffa94
	for(i = 0; i < 4; i++){
 178:	616d0000 	cmnvs	sp, r0
		dynamic_arr_2[i] = static_arr_2[i];
 17c:	632e6e69 			; <UNDEFINED> instruction: 0x632e6e69
 180:	00000000 	andeq	r0, r0, r0
 184:	6665645f 			; <UNDEFINED> instruction: 0x6665645f
 188:	746c7561 	strbtvc	r7, [ip], #-1377	; 0xfffffa9f
 18c:	7079745f 	rsbsvc	r7, r9, pc, asr r4
 190:	682e7365 	stmdavs	lr!, {r0, r2, r5, r6, r8, r9, ip, sp, lr}
	for(i = 0; i < 4; i++){
 194:	00000100 	andeq	r0, r0, r0, lsl #2
 198:	6b636f6c 	blvs	18dbf50 <scb_cpacr+0x18dbf50>
 19c:	0200682e 	andeq	r6, r0, #3014656	; 0x2e0000
	printf("\n dynamic_arr_1[ ] = {\n");
 1a0:	745f0000 	ldrbvc	r0, [pc], #-0	; 1a8 <.debug_line+0x1a8>
 1a4:	73657079 	cmnvc	r5, #121	; 0x79
	for(i = 0; i < 10; i++){
 1a8:	0200682e 	andeq	r6, r0, #3014656	; 0x2e0000
		printf("0x%08X\n", dynamic_arr_1[i]);
 1ac:	74730000 	ldrbtvc	r0, [r3], #-0
 1b0:	66656464 	strbtvs	r6, [r5], -r4, ror #8
 1b4:	0300682e 	movweq	r6, #2094	; 0x82e
 1b8:	65720000 	ldrbvs	r0, [r2, #-0]!
 1bc:	2e746e65 	cdpcs	14, 7, cr6, cr4, cr5, {3}
	for(i = 0; i < 10; i++){
 1c0:	00020068 	andeq	r0, r2, r8, rrx
 1c4:	64747300 	ldrbtvs	r7, [r4], #-768	; 0xfffffd00
 1c8:	2e62696c 	vnmulcs.f16	s13, s4, s25	; <UNPREDICTABLE>
	printf("}\n");
 1cc:	00040068 	andeq	r0, r4, r8, rrx
	printf("\n dynamic_arr_2[ ] = {\n");
 1d0:	74735f00 	ldrbtvc	r5, [r3], #-3840	; 0xfffff100
 1d4:	746e6964 	strbtvc	r6, [lr], #-2404	; 0xfffff69c
	for(i = 0; i < 4; i++){
 1d8:	0200682e 	andeq	r6, r0, #3014656	; 0x2e0000
		printf("0x%04X\n", dynamic_arr_2[i]);
 1dc:	05000000 	streq	r0, [r0, #-0]
 1e0:	02050026 	andeq	r0, r5, #38	; 0x26
 1e4:	00000000 	andeq	r0, r0, r0
 1e8:	05010f03 	streq	r0, [r1, #-3843]	; 0xfffff0fd
 1ec:	01053009 	tsteq	r5, r9
	for(i = 0; i < 4; i++){
 1f0:	00070221 	andeq	r0, r7, r1, lsr #4
 1f4:	0f050101 	svceq	0x00050101
 1f8:	00020500 	andeq	r0, r2, r0, lsl #10
	printf("}\n");
 1fc:	03000000 	movweq	r0, #0
	free(dynamic_arr_1);
 200:	1105011c 	tstne	r5, ip, lsl r1
 204:	1005bb3d 	andne	fp, r5, sp, lsr fp
	dynamic_arr_3 = (uint8_t *)malloc(sizeof(uint16_t)*4);
 208:	420d0575 	andmi	r0, sp, #490733568	; 0x1d400000
 20c:	2f840205 	svccs	0x00840205
	for(i = 0; i < 4; i++){
 210:	1e05314c 	adfnesm	f3, f5, #4.0
 214:	5a080576 	bpl	2017f4 <scb_cpacr+0x2017f4>
		dynamic_arr_3[i] = static_arr_3[i];
 218:	052e0205 	streq	r0, [lr, #-517]!	; 0xfffffdfb
 21c:	04020022 	streq	r0, [r2], #-34	; 0xffffffde
 220:	10052103 	andne	r2, r5, r3, lsl #2
 224:	03040200 	movweq	r0, #16896	; 0x4200
 228:	00220520 	eoreq	r0, r2, r0, lsr #10
	for(i = 0; i < 4; i++){
 22c:	4a030402 	bmi	c123c <scb_cpacr+0xc123c>
 230:	02001405 	andeq	r1, r0, #83886080	; 0x5000000
 234:	05660304 	strbeq	r0, [r6, #-772]!	; 0xfffffcfc
	printf("\n dynamic_arr_3[ ] = {\n");
 238:	04020016 	streq	r0, [r2], #-22	; 0xffffffea
 23c:	0f051f03 	svceq	0x00051f03
	for(i = 0; i < 4; i++){
 240:	01040200 	mrseq	r0, R12_usr
		printf("0x%02X\n", dynamic_arr_3[i]);
 244:	0002053c 	andeq	r0, r2, ip, lsr r5
 248:	20010402 	andcs	r0, r1, r2, lsl #8
 24c:	05321e05 	ldreq	r1, [r2, #-3589]!	; 0xfffff1fb
 250:	02055a08 	andeq	r5, r5, #8, 20	; 0x8000
 254:	0022052e 	eoreq	r0, r2, lr, lsr #10
	for(i = 0; i < 4; i++){
 258:	21030402 	tstcs	r3, r2, lsl #8
 25c:	02001005 	andeq	r1, r0, #5
 260:	05200304 	streq	r0, [r0, #-772]!	; 0xfffffcfc
	printf("}\n");
 264:	04020022 	streq	r0, [r2], #-34	; 0xffffffde
	free(dynamic_arr_2);
 268:	14054a03 	strne	r4, [r5], #-2563	; 0xfffff5fd
 26c:	03040200 	movweq	r0, #16896	; 0x4200
	free(dynamic_arr_3);
 270:	00150566 	andseq	r0, r5, r6, ror #10
		led_set();
 274:	1f030402 	svcne	0x00030402
		for(i = 0; i < 50000; i++){ }
 278:	02000f05 	andeq	r0, r0, #5, 30
 27c:	053c0104 	ldreq	r0, [ip, #-260]!	; 0xfffffefc
 280:	04020002 	streq	r0, [r2], #-2
 284:	05322001 	ldreq	r2, [r2, #-1]!
 288:	02053d08 	andeq	r3, r5, #8, 26	; 0x200
 28c:	0023052e 	eoreq	r0, r3, lr, lsr #10
		led_clear();
 290:	21030402 	tstcs	r3, r2, lsl #8
		for(i = 0; i < 50000; i++){ }
 294:	02000305 	andeq	r0, r0, #335544320	; 0x14000000
 298:	054a0304 	strbeq	r0, [sl, #-772]	; 0xfffffcfc
 29c:	04020016 	streq	r0, [r2], #-22	; 0xffffffea
 2a0:	0f055703 	svceq	0x00055703
 2a4:	01040200 	mrseq	r0, R12_usr
		led_set();
 2a8:	0002053c 	andeq	r0, r2, ip, lsr r5
 2ac:	20010402 	andcs	r0, r1, r2, lsl #8
 2b0:	08053e31 	stmdaeq	r5, {r0, r4, r5, r9, sl, fp, ip, sp}
 2b4:	2e02053d 	mcrcs	5, 0, r0, cr2, cr13, {1}
 2b8:	02002305 	andeq	r2, r0, #335544320	; 0x14000000
 2bc:	05210304 	streq	r0, [r1, #-772]!	; 0xfffffcfc
 2c0:	04020003 	streq	r0, [r2], #-3
 2c4:	15055803 	strne	r5, [r5, #-2051]	; 0xfffff7fd
 2c8:	03040200 	movweq	r0, #16896	; 0x4200
 2cc:	000f0549 	andeq	r0, pc, r9, asr #10
 2d0:	3c010402 	cfstrscc	mvf0, [r1], {2}
 2d4:	02000205 	andeq	r0, r0, #1342177280	; 0x50000000
 2d8:	31200104 			; <UNDEFINED> instruction: 0x31200104
 2dc:	3e1d053e 	mrccc	5, 0, r0, cr13, cr14, {1}
 2e0:	055a0805 	ldrbeq	r0, [sl, #-2053]	; 0xfffff7fb
 2e4:	22052e02 	andcs	r2, r5, #2, 28
 2e8:	03040200 	movweq	r0, #16896	; 0x4200
 2ec:	00100521 	andseq	r0, r0, r1, lsr #10
 2f0:	20030402 	andcs	r0, r3, r2, lsl #8
 2f4:	02002205 	andeq	r2, r0, #1342177280	; 0x50000000
 2f8:	054a0304 	strbeq	r0, [sl, #-772]	; 0xfffffcfc
 2fc:	04020014 	streq	r0, [r2], #-20	; 0xffffffec
 300:	15055803 	strne	r5, [r5, #-2051]	; 0xfffff7fd
 304:	03040200 	movweq	r0, #16896	; 0x4200
 308:	000f051f 	andeq	r0, pc, pc, lsl r5	; <UNPREDICTABLE>
 30c:	3c010402 	cfstrscc	mvf0, [r1], {2}
 310:	02000205 	andeq	r0, r0, #1342177280	; 0x50000000
 314:	32200104 	eorcc	r0, r0, #4, 2
 318:	053d0805 	ldreq	r0, [sp, #-2053]!	; 0xfffff7fb
 31c:	23052e02 	movwcs	r2, #24066	; 0x5e02
 320:	03040200 	movweq	r0, #16896	; 0x4200
 324:	00030521 	andeq	r0, r3, r1, lsr #10
 328:	58030402 	stmdapl	r3, {r1, sl}
 32c:	02001505 	andeq	r1, r0, #20971520	; 0x1400000
 330:	05490304 	strbeq	r0, [r9, #-772]	; 0xfffffcfc
 334:	0402000f 	streq	r0, [r2], #-15
 338:	02053c01 	andeq	r3, r5, #256	; 0x100
 33c:	01040200 	mrseq	r0, R12_usr
 340:	3d3e3120 	ldfccs	f3, [lr, #-128]!	; 0xffffff80
 344:	053f0305 	ldreq	r0, [pc, #-773]!	; 47 <.debug_line+0x47>
 348:	03052f09 	movweq	r2, #24329	; 0x5f09
 34c:	001a052e 	andseq	r0, sl, lr, lsr #10
 350:	20030402 	andcs	r0, r3, r2, lsl #8
 354:	02001005 	andeq	r1, r0, #5
 358:	053c0104 	ldreq	r0, [ip, #-260]!	; 0xfffffefc
 35c:	04020003 	streq	r0, [r2], #-3
 360:	054b2001 	strbeq	r2, [fp, #-1]
 364:	03052f09 	movweq	r2, #24329	; 0x5f09
 368:	001a052e 	andseq	r0, sl, lr, lsr #10
 36c:	20030402 	andcs	r0, r3, r2, lsl #8
 370:	02001005 	andeq	r1, r0, #5
 374:	053c0104 	ldreq	r0, [ip, #-260]!	; 0xfffffefc
 378:	04020003 	streq	r0, [r2], #-3
 37c:	02472001 	subeq	r2, r7, #1
 380:	0101001a 	tsteq	r1, sl, lsl r0

Disassembly of section .debug_str:

00000000 <.debug_str>:
   0:	6f73645f 	svcvs	0x0073645f
unsigned long start_of_heap_get(void){
   4:	6e61685f 	mcrvs	8, 3, r6, cr1, cr15, {2}
	return (unsigned long)&_sheap;
   8:	00656c64 	rsbeq	r6, r5, r4, ror #24
}
   c:	7a69735f 	bvc	1a5cd90 <scb_cpacr+0x1a5cd90>
  10:	725f0065 	subsvc	r0, pc, #101	; 0x65
  14:	34646e61 	strbtcc	r6, [r4], #-3681	; 0xfffff19f
  18:	655f0038 	ldrbvs	r0, [pc, #-56]	; ffffffe8 <scb_cpacr+0xffffffe8>
  1c:	6772656d 	ldrbvs	r6, [r2, -sp, ror #10]!
  20:	79636e65 	stmdbvc	r3!, {r0, r2, r5, r6, r9, sl, fp, sp, lr}^
  24:	755f5f00 	ldrbvc	r5, [pc, #-3840]	; fffff12c <scb_cpacr+0xfffff12c>
  28:	38746e69 	ldmdacc	r4!, {r0, r3, r5, r6, r9, sl, fp, sp, lr}^
  2c:	5f00745f 	svcpl	0x0000745f
  30:	61746164 	cmnvs	r4, r4, ror #2
  34:	6e796400 	cdpvs	4, 7, cr6, cr9, cr0, {0}
  38:	63696d61 	cmnvs	r9, #6208	; 0x1840
  3c:	7272615f 	rsbsvc	r6, r2, #-1073741801	; 0xc0000017
  40:	5f00325f 	svcpl	0x0000325f
  44:	74726377 	ldrbtvc	r6, [r2], #-887	; 0xfffffc89
  48:	5f626d6f 	svcpl	0x00626d6f
  4c:	74617473 	strbtvc	r7, [r1], #-1139	; 0xfffffb8d
  50:	775f0065 	ldrbvc	r0, [pc, -r5, rrx]
  54:	74727363 	ldrbtvc	r7, [r2], #-867	; 0xfffffc9d
  58:	73626d6f 	cmnvc	r2, #7104	; 0x1bc0
  5c:	6174735f 	cmnvs	r4, pc, asr r3
  60:	6c006574 	cfstr32vs	mvfx6, [r0], {116}	; 0x74
  64:	20676e6f 	rsbcs	r6, r7, pc, ror #28
  68:	676e6f6c 	strbvs	r6, [lr, -ip, ror #30]!
  6c:	736e7520 	cmnvc	lr, #32, 10	; 0x8000000
  70:	656e6769 	strbvs	r6, [lr, #-1897]!	; 0xfffff897
  74:	6e692064 	cdpvs	0, 6, cr2, cr9, cr4, {3}
  78:	6c5f0074 	mrrcvs	0, 7, r0, pc, cr4	; <UNPREDICTABLE>
  7c:	69736662 	ldmdbvs	r3!, {r1, r5, r6, r9, sl, sp, lr}^
  80:	4700657a 	smlsdxmi	r0, sl, r5, r6
  84:	4320554e 			; <UNDEFINED> instruction: 0x4320554e
  88:	38203731 	stmdacc	r0!, {r0, r4, r5, r8, r9, sl, ip, sp}
  8c:	312e322e 			; <UNDEFINED> instruction: 0x312e322e
  90:	31303220 	teqcc	r0, r0, lsr #4
  94:	31323138 	teqcc	r2, r8, lsr r1
  98:	72282033 	eorvc	r2, r8, #51	; 0x33
  9c:	61656c65 	cmnvs	r5, r5, ror #24
  a0:	20296573 	eorcs	r6, r9, r3, ror r5
  a4:	6363675b 	cmnvs	r3, #23855104	; 0x16c0000
  a8:	622d382d 	eorvs	r3, sp, #2949120	; 0x2d0000
  ac:	636e6172 	cmnvs	lr, #-2147483620	; 0x8000001c
  b0:	65722068 	ldrbvs	r2, [r2, #-104]!	; 0xffffff98
  b4:	69736976 	ldmdbvs	r3!, {r1, r2, r4, r5, r6, r8, fp, sp, lr}^
  b8:	32206e6f 	eorcc	r6, r0, #1776	; 0x6f0
  bc:	37303736 			; <UNDEFINED> instruction: 0x37303736
  c0:	2d205d34 	stccs	13, cr5, [r0, #-208]!	; 0xffffff30
  c4:	7570636d 	ldrbvc	r6, [r0, #-877]!	; 0xfffffc93
  c8:	726f633d 	rsbvc	r6, pc, #-201326592	; 0xf4000000
  cc:	2d786574 	cfldr64cs	mvdx6, [r8, #-464]!	; 0xfffffe30
  d0:	2d20376d 	stccs	7, cr3, [r0, #-436]!	; 0xfffffe4c
  d4:	7568746d 	strbvc	r7, [r8, #-1133]!	; 0xfffffb93
int main(void){
  d8:	2d20626d 	sfmcs	f6, 4, [r0, #-436]!	; 0xfffffe4c
  dc:	6f6c666d 	svcvs	0x006c666d
	const uint32_t static_arr_1[10] = {0x11111111, 0x22222222, 0x33333333, 0x44444444, 0x55555555, 0x66666666, 0x77777777, 0x88888888, 0x99999999, 0xaaaaaaaa};
  e0:	612d7461 			; <UNDEFINED> instruction: 0x612d7461
  e4:	683d6962 	ldmdavs	sp!, {r1, r5, r6, r8, fp, sp, lr}
  e8:	20647261 	rsbcs	r7, r4, r1, ror #4
  ec:	70666d2d 	rsbvc	r6, r6, sp, lsr #26
  f0:	70663d75 	rsbvc	r3, r6, r5, ror sp
  f4:	642d3576 	strtvs	r3, [sp], #-1398	; 0xfffffa8a
	const uint16_t static_arr_2[4] = {0xbaba, 0xdede, 0xcece, 0xfefe};
  f8:	2d203631 	stccs	6, cr3, [r0, #-196]!	; 0xffffff3c
  fc:	6372616d 	cmnvs	r2, #1073741851	; 0x4000001b
 100:	72613d68 	rsbvc	r3, r1, #104, 26	; 0x1a00
	const uint8_t static_arr_3[4] = {0xde, 0xad, 0xbe, 0xef};
 104:	6537766d 	ldrvs	r7, [r7, #-1645]!	; 0xfffff993
 108:	662b6d2d 	strtvs	r6, [fp], -sp, lsr #26
	*scb_cpacr |= SCB_CPACR_CP10_CP11_EN; //Enable ARM's FPU
 10c:	70642e70 	rsbvc	r2, r4, r0, ror lr
 110:	20672d20 	rsbcs	r2, r7, r0, lsr #26
 114:	20304f2d 	eorscs	r4, r0, sp, lsr #30
 118:	7566662d 	strbvc	r6, [r6, #-1581]!	; 0xfffff9d3
	led_init();
 11c:	6974636e 	ldmdbvs	r4!, {r1, r2, r3, r5, r6, r8, r9, sp, lr}^
	uart_init(CONFIG_UART_BAUD_RATE);
 120:	732d6e6f 			; <UNDEFINED> instruction: 0x732d6e6f
 124:	69746365 	ldmdbvs	r4!, {r0, r2, r5, r6, r8, r9, sp, lr}^
	button_init();
 128:	00736e6f 	rsbseq	r6, r3, pc, ror #28
	printf("The start of the HEAP segment: 0x%08X\n", start_of_heap_get());
 12c:	72626d5f 	rsbvc	r6, r2, #6080	; 0x17c0
 130:	63776f74 	cmnvs	r7, #116, 30	; 0x1d0
 134:	6174735f 	cmnvs	r4, pc, asr r3
	dynamic_arr_1 = (uint32_t *)malloc(sizeof(uint32_t)*10);
 138:	5f006574 	svcpl	0x00006574
 13c:	5f6d745f 	svcpl	0x006d745f
 140:	00636573 	rsbeq	r6, r3, r3, ror r5
	for(i = 0; i < 10; i++){
 144:	676e6f6c 	strbvs	r6, [lr, -ip, ror #30]!
		dynamic_arr_1[i] = static_arr_1[i];
 148:	6e6f6c20 	cdpvs	12, 6, cr6, cr15, cr0, {1}
 14c:	6e692067 	cdpvs	0, 6, cr2, cr9, cr7, {3}
 150:	69730074 	ldmdbvs	r3!, {r2, r4, r5, r6}^
 154:	64656e67 	strbtvs	r6, [r5], #-3687	; 0xfffff199
 158:	61686320 	cmnvs	r8, r0, lsr #6
 15c:	755f0072 	ldrbvc	r0, [pc, #-114]	; f2 <.debug_str+0xf2>
	for(i = 0; i < 10; i++){
 160:	00667562 	rsbeq	r7, r6, r2, ror #10
 164:	7361625f 	cmnvc	r1, #-268435451	; 0xf0000005
 168:	5f5f0065 	svcpl	0x005f0065
	dynamic_arr_2 = (uint16_t *)malloc(sizeof(uint16_t)*4);
 16c:	685f6d74 	ldmdavs	pc, {r2, r4, r5, r6, r8, sl, fp, sp, lr}^	; <UNPREDICTABLE>
 170:	0072756f 	rsbseq	r7, r2, pc, ror #10
 174:	66735f5f 	uhsaxvs	r5, r3, pc	; <UNPREDICTABLE>
	for(i = 0; i < 4; i++){
 178:	6e6f5f00 	cdpvs	15, 6, cr5, cr15, cr0, {0}
		dynamic_arr_2[i] = static_arr_2[i];
 17c:	6978655f 	ldmdbvs	r8!, {r0, r1, r2, r3, r4, r6, r8, sl, sp, lr}^
 180:	72615f74 	rsbvc	r5, r1, #116, 30	; 0x1d0
 184:	5f007367 	svcpl	0x00007367
 188:	6b6f6f63 	blvs	1bdbf1c <scb_cpacr+0x1bdbf1c>
 18c:	5f006569 	svcpl	0x00006569
 190:	6c67735f 	stclvs	3, cr7, [r7], #-380	; 0xfffffe84
	for(i = 0; i < 4; i++){
 194:	6c006575 	cfstr32vs	mvfx6, [r0], {117}	; 0x75
 198:	20676e6f 	rsbcs	r6, r7, pc, ror #28
 19c:	00746e69 	rsbseq	r6, r4, r9, ror #28
	printf("\n dynamic_arr_1[ ] = {\n");
 1a0:	616c665f 	cmnvs	ip, pc, asr r6
 1a4:	5f007367 	svcpl	0x00007367
	for(i = 0; i < 10; i++){
 1a8:	635f7369 	cmpvs	pc, #-1543503871	; 0xa4000001
		printf("0x%08X\n", dynamic_arr_1[i]);
 1ac:	5f006178 	svcpl	0x00006178
 1b0:	69647473 	stmdbvs	r4!, {r0, r1, r4, r5, r6, sl, ip, sp, lr}^
 1b4:	682f006e 	stmdavs	pc!, {r1, r2, r3, r5, r6}	; <UNPREDICTABLE>
 1b8:	2f656d6f 	svccs	0x00656d6f
 1bc:	676f626c 	strbvs	r6, [pc, -ip, ror #4]!
	for(i = 0; i < 10; i++){
 1c0:	6f6e6164 	svcvs	0x006e6164
 1c4:	69672f76 	stmdbvs	r7!, {r1, r2, r4, r5, r6, r8, r9, sl, fp, sp}^
 1c8:	72705f74 	rsbsvc	r5, r0, #116, 30	; 0x1d0
	printf("}\n");
 1cc:	63656a6f 	cmnvs	r5, #454656	; 0x6f000
	printf("\n dynamic_arr_2[ ] = {\n");
 1d0:	6c2f7374 	stcvs	3, cr7, [pc], #-464	; 8 <.debug_str+0x8>
 1d4:	755f6261 	ldrbvc	r6, [pc, #-609]	; ffffff7b <scb_cpacr+0xffffff7b>
	for(i = 0; i < 4; i++){
 1d8:	735f7270 	cmpvc	pc, #112, 4
		printf("0x%04X\n", dynamic_arr_2[i]);
 1dc:	635f6372 	cmpvs	pc, #-939524095	; 0xc8000001
 1e0:	2f65646f 	svccs	0x0065646f
 1e4:	5f62616c 	svcpl	0x0062616c
 1e8:	5f727075 	svcpl	0x00727075
 1ec:	63675f34 	cmnvs	r7, #52, 30	; 0xd0
	for(i = 0; i < 4; i++){
 1f0:	34302f63 	ldrtcc	r2, [r0], #-3939	; 0xfffff09d
 1f4:	002f395f 	eoreq	r3, pc, pc, asr r9	; <UNPREDICTABLE>
 1f8:	746e6975 	strbtvc	r6, [lr], #-2421	; 0xfffff68b
	printf("}\n");
 1fc:	745f3631 	ldrbvc	r3, [pc], #-1585	; 204 <.debug_str+0x204>
	free(dynamic_arr_1);
 200:	76635f00 	strbtvc	r5, [r3], -r0, lsl #30
 204:	66756274 			; <UNDEFINED> instruction: 0x66756274
	dynamic_arr_3 = (uint8_t *)malloc(sizeof(uint16_t)*4);
 208:	666f5f00 	strbtvs	r5, [pc], -r0, lsl #30
 20c:	74657366 	strbtvc	r7, [r5], #-870	; 0xfffffc9a
	for(i = 0; i < 4; i++){
 210:	626d5f00 	rsbvs	r5, sp, #0, 30
 214:	6f747273 	svcvs	0x00747273
		dynamic_arr_3[i] = static_arr_3[i];
 218:	5f736377 	svcpl	0x00736377
 21c:	74617473 	strbtvc	r7, [r1], #-1139	; 0xfffffb8d
 220:	63730065 	cmnvs	r3, #101	; 0x65
 224:	70635f62 	rsbvc	r5, r3, r2, ror #30
 228:	00726361 	rsbseq	r6, r2, r1, ror #6
	for(i = 0; i < 4; i++){
 22c:	72626d5f 	rsbvc	r6, r2, #6080	; 0x17c0
 230:	5f6e656c 	svcpl	0x006e656c
 234:	74617473 	strbtvc	r7, [r1], #-1139	; 0xfffffb8d
	printf("\n dynamic_arr_3[ ] = {\n");
 238:	665f0065 	ldrbvs	r0, [pc], -r5, rrx
 23c:	6772616e 	ldrbvs	r6, [r2, -lr, ror #2]!
	for(i = 0; i < 4; i++){
 240:	665f0073 			; <UNDEFINED> instruction: 0x665f0073
		printf("0x%02X\n", dynamic_arr_3[i]);
 244:	5f00736e 	svcpl	0x0000736e
 248:	6e69755f 	mcrvs	5, 3, r7, cr9, cr15, {2}
 24c:	5f323374 	svcpl	0x00323374
 250:	735f0074 	cmpvc	pc, #116	; 0x74
 254:	006e6769 	rsbeq	r6, lr, r9, ror #14
	for(i = 0; i < 4; i++){
 258:	6f6c665f 	svcvs	0x006c665f
 25c:	745f6b63 	ldrbvc	r6, [pc], #-2915	; 264 <.debug_str+0x264>
 260:	74735f00 	ldrbtvc	r5, [r3], #-3840	; 0xfffff100
	printf("}\n");
 264:	72726564 	rsbsvc	r6, r2, #100, 10	; 0x19000000
	free(dynamic_arr_2);
 268:	69425f00 	stmdbvs	r2, {r8, r9, sl, fp, ip, lr}^
 26c:	746e6967 	strbtvc	r6, [lr], #-2407	; 0xfffff699
	free(dynamic_arr_3);
 270:	61675f00 	cmnvs	r7, r0, lsl #30
		led_set();
 274:	5f616d6d 	svcpl	0x00616d6d
		for(i = 0; i < 50000; i++){ }
 278:	6e676973 			; <UNDEFINED> instruction: 0x6e676973
 27c:	006d6167 	rsbeq	r6, sp, r7, ror #2
 280:	6568735f 	strbvs	r7, [r8, #-863]!	; 0xfffffca1
 284:	5f007061 	svcpl	0x00007061
 288:	64616572 	strbtvs	r6, [r1], #-1394	; 0xfffffa8e
 28c:	65725f00 	ldrbvs	r5, [r2, #-3840]!	; 0xfffff100
		led_clear();
 290:	746c7573 	strbtvc	r7, [ip], #-1395	; 0xfffffa8d
		for(i = 0; i < 50000; i++){ }
 294:	5f006b5f 	svcpl	0x00006b5f
 298:	006d745f 	rsbeq	r7, sp, pc, asr r4
 29c:	69736e75 	ldmdbvs	r3!, {r0, r2, r4, r5, r6, r9, sl, fp, sp, lr}^
 2a0:	64656e67 	strbtvs	r6, [r5], #-3687	; 0xfffff199
 2a4:	746e6920 	strbtvc	r6, [lr], #-2336	; 0xfffff6e0
		led_set();
 2a8:	775f5f00 	ldrbvc	r5, [pc, -r0, lsl #30]
 2ac:	00626863 	rsbeq	r6, r2, r3, ror #16
 2b0:	6474735f 	ldrbtvs	r7, [r4], #-863	; 0xfffffca1
 2b4:	0074756f 	rsbseq	r7, r4, pc, ror #10
 2b8:	7476635f 	ldrbtvc	r6, [r6], #-863	; 0xfffffca1
 2bc:	006e656c 	rsbeq	r6, lr, ip, ror #10
 2c0:	676e6f6c 	strbvs	r6, [lr, -ip, ror #30]!
 2c4:	736e7520 	cmnvc	lr, #32, 10	; 0x8000000
 2c8:	656e6769 	strbvs	r6, [lr, #-1897]!	; 0xfffff897
 2cc:	6e692064 	cdpvs	0, 6, cr2, cr9, cr4, {3}
 2d0:	665f0074 			; <UNDEFINED> instruction: 0x665f0074
 2d4:	00656c69 	rsbeq	r6, r5, r9, ror #24
 2d8:	6f696e5f 	svcvs	0x00696e5f
 2dc:	73007362 	movwvc	r7, #866	; 0x362
 2e0:	74726f68 	ldrbtvc	r6, [r2], #-3944	; 0xfffff098
 2e4:	736e7520 	cmnvc	lr, #32, 10	; 0x8000000
 2e8:	656e6769 	strbvs	r6, [lr, #-1897]!	; 0xfffff897
 2ec:	6e692064 	cdpvs	0, 6, cr2, cr9, cr4, {3}
 2f0:	615f0074 	cmpvs	pc, r4, ror r0	; <UNPREDICTABLE>
 2f4:	69786574 	ldmdbvs	r8!, {r2, r4, r5, r6, r8, sl, sp, lr}^
 2f8:	5f003074 	svcpl	0x00003074
 2fc:	6e676973 			; <UNDEFINED> instruction: 0x6e676973
 300:	625f6c61 	subsvs	r6, pc, #24832	; 0x6100
 304:	5f006675 	svcpl	0x00006675
 308:	74637361 	strbtvc	r7, [r3], #-865	; 0xfffffc9f
 30c:	5f656d69 	svcpl	0x00656d69
 310:	00667562 	rsbeq	r7, r6, r2, ror #10
 314:	7365725f 	cmnvc	r5, #-268435451	; 0xf0000005
 318:	00746c75 	rsbseq	r6, r4, r5, ror ip
 31c:	63775f5f 	cmnvs	r7, #380	; 0x17c
 320:	4c5f0068 	mrrcmi	0, 6, r0, pc, cr8	; <UNPREDICTABLE>
 324:	5f4b434f 	svcpl	0x004b434f
 328:	616d0054 	qdsubvs	r0, r4, sp
 32c:	632e6e69 			; <UNDEFINED> instruction: 0x632e6e69
 330:	6e697700 	cdpvs	7, 6, cr7, cr9, cr0, {0}
 334:	00745f74 	rsbseq	r5, r4, r4, ror pc
 338:	636f6c5f 	cmnvs	pc, #24320	; 0x5f00
 33c:	665f006b 	ldrbvs	r0, [pc], -fp, rrx
 340:	7367616c 	cmnvc	r7, #108, 2
 344:	5f5f0032 	svcpl	0x005f0032
 348:	61636f6c 	cmnvs	r3, ip, ror #30
 34c:	745f656c 	ldrbvc	r6, [pc], #-1388	; 354 <.debug_str+0x354>
 350:	72775f00 	rsbsvc	r5, r7, #0, 30
 354:	00657469 	rsbeq	r7, r5, r9, ror #8
 358:	6d745f5f 	ldclvs	15, cr5, [r4, #-380]!	; 0xfffffe84
 35c:	6165795f 	cmnvs	r5, pc, asr r9
 360:	6f6c0072 	svcvs	0x006c0072
 364:	6420676e 	strtvs	r6, [r0], #-1902	; 0xfffff892
 368:	6c62756f 	cfstr64vs	mvdx7, [r2], #-444	; 0xfffffe44
 36c:	6e5f0065 	cdpvs	0, 5, cr0, cr15, cr5, {3}
 370:	66747865 	ldrbtvs	r7, [r4], -r5, ror #16
 374:	61747300 	cmnvs	r4, r0, lsl #6
 378:	6f5f7472 	svcvs	0x005f7472
 37c:	65685f66 	strbvs	r5, [r8, #-3942]!	; 0xfffff09a
 380:	675f7061 	ldrbvs	r7, [pc, -r1, rrx]
 384:	5f007465 	svcpl	0x00007465
 388:	5f6d745f 	svcpl	0x006d745f
 38c:	006e6f6d 	rsbeq	r6, lr, sp, ror #30
 390:	6574615f 	ldrbvs	r6, [r4, #-351]!	; 0xfffffea1
 394:	00746978 	rsbseq	r6, r4, r8, ror r9
 398:	6f627573 	svcvs	0x00627573
 39c:	72617470 	rsbvc	r7, r1, #112, 8	; 0x70000000
 3a0:	5f5f0067 	svcpl	0x005f0067
 3a4:	64696473 	strbtvs	r6, [r9], #-1139	; 0xfffffb8d
 3a8:	74696e69 	strbtvc	r6, [r9], #-3689	; 0xfffff197
 3ac:	666f5f00 	strbtvs	r5, [pc], -r0, lsl #30
 3b0:	00745f66 	rsbseq	r5, r4, r6, ror #30
 3b4:	6572665f 	ldrbvs	r6, [r2, #-1631]!	; 0xfffff9a1
 3b8:	73696c65 	cmnvc	r9, #25856	; 0x6500
 3bc:	775f0074 			; <UNDEFINED> instruction: 0x775f0074
 3c0:	6d6f7463 	cfstrdvs	mvd7, [pc, #-396]!	; 23c <.debug_str+0x23c>
 3c4:	74735f62 	ldrbtvc	r5, [r3], #-3938	; 0xfffff09e
 3c8:	00657461 	rsbeq	r7, r5, r1, ror #8
 3cc:	616e7964 	cmnvs	lr, r4, ror #18
 3d0:	5f63696d 	svcpl	0x0063696d
 3d4:	5f727261 	svcpl	0x00727261
 3d8:	6e750031 	mrcvs	0, 3, r0, cr5, cr1, {1}
 3dc:	6e676973 			; <UNDEFINED> instruction: 0x6e676973
 3e0:	63206465 			; <UNDEFINED> instruction: 0x63206465
 3e4:	00726168 	rsbseq	r6, r2, r8, ror #2
 3e8:	616e7964 	cmnvs	lr, r4, ror #18
 3ec:	5f63696d 	svcpl	0x0063696d
 3f0:	5f727261 	svcpl	0x00727261
 3f4:	6e5f0033 	mrcvs	0, 2, r0, cr15, cr3, {1}
 3f8:	5f007765 	svcpl	0x00007765
 3fc:	72655f68 	rsbvc	r5, r5, #104, 30	; 0x1a0
 400:	006f6e72 	rsbeq	r6, pc, r2, ror lr	; <UNPREDICTABLE>
 404:	726f6873 	rsbvc	r6, pc, #7536640	; 0x730000
 408:	6e692074 	mcrvs	0, 3, r2, cr9, cr4, {3}
 40c:	5f5f0074 	svcpl	0x005f0074
 410:	795f6d74 	ldmdbvc	pc, {r2, r4, r5, r6, r8, sl, fp, sp, lr}^	; <UNPREDICTABLE>
 414:	00796164 	rsbseq	r6, r9, r4, ror #2
 418:	62735f5f 	rsbsvs	r5, r3, #380	; 0x17c
 41c:	5f006675 	svcpl	0x00006675
 420:	73626f69 	cmnvc	r2, #420	; 0x1a4
 424:	465f5f00 	ldrbmi	r5, [pc], -r0, lsl #30
 428:	00454c49 	subeq	r4, r5, r9, asr #24
 42c:	73626d5f 	cmnvc	r2, #6080	; 0x17c0
 430:	65746174 	ldrbvs	r6, [r4, #-372]!	; 0xfffffe8c
 434:	5f00745f 	svcpl	0x0000745f
 438:	4946735f 	stmdbmi	r6, {r0, r1, r2, r3, r4, r6, r8, r9, ip, sp, lr}^
 43c:	5f00454c 	svcpl	0x0000454c
 440:	7473626d 	ldrbtvc	r6, [r3], #-621	; 0xfffffd93
 444:	00657461 	rsbeq	r7, r5, r1, ror #8
 448:	6e61725f 	mcrvs	2, 3, r7, cr1, cr15, {2}
 44c:	656e5f64 	strbvs	r5, [lr, #-3940]!	; 0xfffff09c
 450:	5f007478 	svcpl	0x00007478
 454:	656c626d 	strbvs	r6, [ip, #-621]!	; 0xfffffd93
 458:	74735f6e 	ldrbtvc	r5, [r3], #-3950	; 0xfffff092
 45c:	00657461 	rsbeq	r7, r5, r1, ror #8
 460:	636e695f 	cmnvs	lr, #1556480	; 0x17c000
 464:	6e695f00 	cdpvs	15, 6, cr5, cr9, cr0, {0}
 468:	6c5f0064 	mrrcvs	0, 6, r0, pc, cr4	; <UNPREDICTABLE>
 46c:	6c61636f 	stclvs	3, cr6, [r1], #-444	; 0xfffffe44
 470:	5f5f0065 	svcpl	0x005f0065
 474:	61656c63 	cmnvs	r5, r3, ror #24
 478:	0070756e 	rsbseq	r7, r0, lr, ror #10
 47c:	736e755f 	cmnvc	lr, #398458880	; 0x17c00000
 480:	69636570 	stmdbvs	r3!, {r4, r5, r6, r8, sl, sp, lr}^
 484:	64656966 	strbtvs	r6, [r5], #-2406	; 0xfffff69a
 488:	636f6c5f 	cmnvs	pc, #24320	; 0x5f00
 48c:	5f656c61 	svcpl	0x00656c61
 490:	6f666e69 	svcvs	0x00666e69
 494:	616d5f00 	cmnvs	sp, r0, lsl #30
 498:	73647778 	cmnvc	r4, #120, 14	; 0x1e00000
 49c:	65725f00 	ldrbvs	r5, [r2, #-3840]!	; 0xfffff100
 4a0:	00746e65 	rsbseq	r6, r4, r5, ror #28
 4a4:	6565735f 	strbvs	r7, [r5, #-863]!	; 0xfffffca1
 4a8:	5f5f0064 	svcpl	0x005f0064
 4ac:	6e756f63 	cdpvs	15, 7, cr6, cr5, cr3, {3}
 4b0:	5f5f0074 	svcpl	0x005f0074
 4b4:	6b636f6c 	blvs	18dc26c <scb_cpacr+0x18dc26c>
 4b8:	765f5f00 	ldrbvc	r5, [pc], -r0, lsl #30
 4bc:	65756c61 	ldrbvs	r6, [r5, #-3169]!	; 0xfffff39f
 4c0:	65735f00 	ldrbvs	r5, [r3, #-3840]!	; 0xfffff100
 4c4:	5f006b65 	svcpl	0x00006b65
 4c8:	75706d69 	ldrbvc	r6, [r0, #-3433]!	; 0xfffff297
 4cc:	705f6572 	subsvc	r6, pc, r2, ror r5	; <UNPREDICTABLE>
 4d0:	5f007274 	svcpl	0x00007274
 4d4:	736f7066 	cmnvc	pc, #102	; 0x66
 4d8:	5f00745f 	svcpl	0x0000745f
 4dc:	6e727265 	cdpvs	2, 7, cr7, cr2, cr5, {3}
 4e0:	6863006f 	stmdavs	r3!, {r0, r1, r2, r3, r5, r6}^
 4e4:	5f007261 	svcpl	0x00007261
 4e8:	736b6c62 	cmnvc	fp, #25088	; 0x6200
 4ec:	00657a69 	rsbeq	r7, r5, r9, ror #20
 4f0:	6d745f5f 	ldclvs	15, cr5, [r4, #-380]!	; 0xfffffe84
 4f4:	6e696d5f 	mcrvs	13, 3, r6, cr9, cr15, {2}
 4f8:	755f5f00 	ldrbvc	r5, [pc, #-3840]	; fffff600 <scb_cpacr+0xfffff600>
 4fc:	31746e69 	cmncc	r4, r9, ror #28
 500:	00745f36 	rsbseq	r5, r4, r6, lsr pc
 504:	746e6975 	strbtvc	r6, [lr], #-2421	; 0xfffff68b
 508:	00745f38 	rsbseq	r5, r4, r8, lsr pc
 50c:	6c756d5f 	ldclvs	13, cr6, [r5], #-380	; 0xfffffe84
 510:	6e5f0074 	mrcvs	0, 2, r0, cr15, cr4, {3}
 514:	00747865 	rsbseq	r7, r4, r5, ror #16
 518:	7274735f 	rsbsvc	r7, r4, #2080374785	; 0x7c000001
 51c:	5f6b6f74 	svcpl	0x006b6f74
 520:	7473616c 	ldrbtvc	r6, [r3], #-364	; 0xfffffe94
 524:	6e665f00 	cdpvs	15, 6, cr5, cr6, cr0, {0}
 528:	65707974 	ldrbvs	r7, [r0, #-2420]!	; 0xfffff68c
 52c:	74730073 	ldrbtvc	r0, [r3], #-115	; 0xffffff8d
 530:	63697461 	cmnvs	r9, #1627389952	; 0x61000000
 534:	7272615f 	rsbsvc	r6, r2, #-1073741801	; 0xc0000017
 538:	7300315f 	movwvc	r3, #351	; 0x15f
 53c:	69746174 	ldmdbvs	r4!, {r2, r4, r5, r6, r8, sp, lr}^
 540:	72615f63 	rsbvc	r5, r1, #396	; 0x18c
 544:	00325f72 	eorseq	r5, r2, r2, ror pc
 548:	74617473 	strbtvc	r7, [r1], #-1139	; 0xfffffb8d
 54c:	615f6369 	cmpvs	pc, r9, ror #6
 550:	335f7272 	cmpcc	pc, #536870919	; 0x20000007
 554:	64615f00 	strbtvs	r5, [r1], #-3840	; 0xfffff100
 558:	5f5f0064 	svcpl	0x005f0064
 55c:	6e6f4c55 	mcrvs	12, 3, r4, cr15, cr5, {2}
 560:	675f0067 	ldrbvs	r0, [pc, -r7, rrx]
 564:	61647465 	cmnvs	r4, r5, ror #8
 568:	655f6574 	ldrbvs	r6, [pc, #-1396]	; fffffffc <scb_cpacr+0xfffffffc>
 56c:	5f007272 	svcpl	0x00007272
 570:	626f6c67 	rsbvs	r6, pc, #26368	; 0x6700
 574:	695f6c61 	ldmdbvs	pc, {r0, r5, r6, sl, fp, sp, lr}^	; <UNPREDICTABLE>
 578:	7275706d 	rsbsvc	r7, r5, #109	; 0x6d
 57c:	74705f65 	ldrbtvc	r5, [r0], #-3941	; 0xfffff09b
 580:	69750072 	ldmdbvs	r5!, {r1, r4, r5, r6}^
 584:	3233746e 	eorscc	r7, r3, #1845493760	; 0x6e000000
 588:	5f00745f 	svcpl	0x0000745f
 58c:	73756e75 	cmnvc	r5, #1872	; 0x750
 590:	725f6465 	subsvc	r6, pc, #1694498816	; 0x65000000
 594:	00646e61 	rsbeq	r6, r4, r1, ror #28
 598:	7364775f 	cmnvc	r4, #24903680	; 0x17c0000
 59c:	745f5f00 	ldrbvc	r5, [pc], #-3840	; 5a4 <.debug_str+0x5a4>
 5a0:	64775f6d 	ldrbtvs	r5, [r7], #-3949	; 0xfffff093
 5a4:	5f007961 	svcpl	0x00007961
 5a8:	65756c67 	ldrbvs	r6, [r5, #-3175]!	; 0xfffff399
 5ac:	6d6e5f00 	stclvs	15, cr5, [lr, #-0]
 5b0:	6f6c6c61 	svcvs	0x006c6c61
 5b4:	6c5f0063 	mrrcvs	0, 6, r0, pc, cr3	; <UNPREDICTABLE>
 5b8:	5f613436 	svcpl	0x00613436
 5bc:	00667562 	rsbeq	r7, r6, r2, ror #10
 5c0:	6769735f 			; <UNDEFINED> instruction: 0x6769735f
 5c4:	6e75665f 	mrcvs	6, 3, r6, cr5, cr15, {2}
 5c8:	6e5f0063 	cdpvs	0, 5, cr0, cr15, cr3, {3}
 5cc:	00667562 	rsbeq	r7, r6, r2, ror #10
 5d0:	756e755f 	strbvc	r7, [lr, #-1375]!	; 0xfffffaa1
 5d4:	00646573 	rsbeq	r6, r4, r3, ror r5
 5d8:	6d745f5f 	ldclvs	15, cr5, [r4, #-380]!	; 0xfffffe84
 5dc:	6473695f 	ldrbtvs	r6, [r3], #-2399	; 0xfffff6a1
 5e0:	5f007473 	svcpl	0x00007473
 5e4:	61636f6c 	cmnvs	r3, ip, ror #30
 5e8:	6d69746c 	cfstrdvs	mvd7, [r9, #-432]!	; 0xfffffe50
 5ec:	75625f65 	strbvc	r5, [r2, #-3941]!	; 0xfffff09b
 5f0:	635f0066 	cmpvs	pc, #102	; 0x66
 5f4:	65736f6c 	ldrbvs	r6, [r3, #-3948]!	; 0xfffff094
 5f8:	34725f00 	ldrbtcc	r5, [r2], #-3840	; 0xfffff100
 5fc:	6d5f0038 	ldclvs	0, cr0, [pc, #-224]	; 524 <.debug_str+0x524>
 600:	776f7462 	strbvc	r7, [pc, -r2, ror #8]!
 604:	74735f63 	ldrbtvc	r5, [r3], #-3939	; 0xfffff09d
 608:	00657461 	rsbeq	r7, r5, r1, ror #8
 60c:	7335705f 	teqvc	r5, #95	; 0x5f
 610:	69616d00 	stmdbvs	r1!, {r8, sl, fp, sp, lr}^
 614:	5f5f006e 	svcpl	0x005f006e
 618:	6d5f6d74 	ldclvs	13, cr6, [pc, #-464]	; 450 <.debug_str+0x450>
 61c:	00796164 	rsbseq	r6, r9, r4, ror #2

Disassembly of section .comment:

00000000 <.comment>:
   0:	43434700 	movtmi	r4, #14080	; 0x3700
unsigned long start_of_heap_get(void){
   4:	4728203a 			; <UNDEFINED> instruction: 0x4728203a
	return (unsigned long)&_sheap;
   8:	5420554e 	strtpl	r5, [r0], #-1358	; 0xfffffab2
}
   c:	736c6f6f 	cmnvc	ip, #444	; 0x1bc
  10:	726f6620 	rsbvc	r6, pc, #32, 12	; 0x2000000
  14:	6d724120 	ldfvse	f4, [r2, #-128]!	; 0xffffff80
  18:	626d4520 	rsbvs	r4, sp, #32, 10	; 0x8000000
  1c:	65646465 	strbvs	r6, [r4, #-1125]!	; 0xfffffb9b
  20:	72502064 	subsvc	r2, r0, #100	; 0x64
  24:	7365636f 	cmnvc	r5, #-1140850687	; 0xbc000001
  28:	73726f73 	cmnvc	r2, #460	; 0x1cc
  2c:	322d3820 	eorcc	r3, sp, #32, 16	; 0x200000
  30:	2d383130 	ldfcss	f3, [r8, #-192]!	; 0xffffff40
  34:	6d2d3471 	cfstrsvs	mvf3, [sp, #-452]!	; 0xfffffe3c
  38:	726f6a61 	rsbvc	r6, pc, #397312	; 0x61000
  3c:	2e382029 	cdpcs	0, 3, cr2, cr8, cr9, {1}
  40:	20312e32 	eorscs	r2, r1, r2, lsr lr
  44:	38313032 	ldmdacc	r1!, {r1, r4, r5, ip, sp}
  48:	33313231 	teqcc	r1, #268435459	; 0x10000003
  4c:	65722820 	ldrbvs	r2, [r2, #-2080]!	; 0xfffff7e0
  50:	7361656c 	cmnvc	r1, #108, 10	; 0x1b000000
  54:	5b202965 	blpl	80a5f0 <scb_cpacr+0x80a5f0>
  58:	2d636367 	stclcs	3, cr6, [r3, #-412]!	; 0xfffffe64
  5c:	72622d38 	rsbvc	r2, r2, #56, 26	; 0xe00
  60:	68636e61 	stmdavs	r3!, {r0, r5, r6, r9, sl, fp, sp, lr}^
  64:	76657220 	strbtvc	r7, [r5], -r0, lsr #4
  68:	6f697369 	svcvs	0x00697369
  6c:	3632206e 	ldrtcc	r2, [r2], -lr, rrx
  70:	34373037 	ldrtcc	r3, [r7], #-55	; 0xffffffc9
  74:	Address 0x0000000000000074 is out of bounds.


Disassembly of section .debug_frame:

00000000 <.debug_frame>:
   0:	0000000c 	andeq	r0, r0, ip
unsigned long start_of_heap_get(void){
   4:	ffffffff 			; <UNDEFINED> instruction: 0xffffffff
	return (unsigned long)&_sheap;
   8:	7c020001 	stcvc	0, cr0, [r2], {1}
}
   c:	000d0c0e 	andeq	r0, sp, lr, lsl #24
  10:	0000001c 	andeq	r0, r0, ip, lsl r0
	...
  1c:	00000014 	andeq	r0, r0, r4, lsl r0
  20:	87040e41 	strhi	r0, [r4, -r1, asr #28]
  24:	070d4101 	streq	r4, [sp, -r1, lsl #2]
  28:	420d0d43 	andmi	r0, sp, #4288	; 0x10c0
  2c:	00000ec7 	andeq	r0, r0, r7, asr #29
  30:	00000020 	andeq	r0, r0, r0, lsr #32
	...
  3c:	00000204 	andeq	r0, r0, r4, lsl #4
  40:	84100e41 	ldrhi	r0, [r0], #-3649	; 0xfffff1bf
  44:	87038504 	strhi	r8, [r3, -r4, lsl #10]
  48:	41018e02 	tstmi	r1, r2, lsl #28
  4c:	0d41580e 	stcleq	8, cr5, [r1, #-56]	; 0xffffffc8
  50:	00000007 	andeq	r0, r0, r7

Disassembly of section .ARM.attributes:

00000000 <.ARM.attributes>:
   0:	00003141 	andeq	r3, r0, r1, asr #2
unsigned long start_of_heap_get(void){
   4:	61656100 	cmnvs	r5, r0, lsl #2
	return (unsigned long)&_sheap;
   8:	01006962 	tsteq	r0, r2, ror #18
}
   c:	00000027 	andeq	r0, r0, r7, lsr #32
  10:	2d453705 	stclcs	7, cr3, [r5, #-20]	; 0xffffffec
  14:	0d06004d 	stceq	0, cr0, [r6, #-308]	; 0xfffffecc
  18:	02094d07 	andeq	r4, r9, #448	; 0x1c0
  1c:	0412080a 	ldreq	r0, [r2], #-2058	; 0xfffff7f6
  20:	01150114 	tsteq	r5, r4, lsl r1
  24:	01180317 	tsteq	r8, r7, lsl r3
  28:	011a0119 	tsteq	sl, r9, lsl r1
  2c:	061e011c 			; <UNDEFINED> instruction: 0x061e011c
  30:	Address 0x0000000000000030 is out of bounds.

