
./debug/main.o:     file format elf32-microblazeel


Disassembly of section .rodata:

00000000 <.rodata>:
   0:	6c6c6548 	necget	r3, rfsl8
   4:	57202c6f 		r25, r0, r5
   8:	646c726f 	bslefi	r3, r12, 9, 47
   c:	00000021 		r0, r0, r0
  10:	0d0a7325 		r8, r10, r14
  14:	
Disassembly of section .text.startup:

00000000 <main>:
 * predefined periods and also displays a 
 * predefined start-up message
 *
 * \return None.
*/
int main(void){   
   0:	3021ffd8 	addik	r1, r1, -40
   4:	f9e10000 	swi	r15, r1, 0
   8:	fa61001c 	swi	r19, r1, 28
   c:	fac10020 	swi	r22, r1, 32
	
   led_init();
  10:	b0000000 	imm	0
  14:	b9f40000 	brlid	r15, 0
  18:	fae10024 	swi	r23, r1, 36
   uart_init();
  1c:	b0000000 	imm	0
  20:	b9f40000 	brlid	r15, 0
  24:	80000000 	or	r0, r0, r0
   
   printf("%s\n\r", CONFIG_PRINT_MESSAGE);
  28:	b0000000 	imm	0
  2c:	30c00000 	addik	r6, r0, 0
  30:	b0000000 	imm	0
  34:	30a00010 	addik	r5, r0, 16

    while(1){
        printf("led: 1\n\r");
  38:	b0000000 	imm	0
  3c:	32e00018 	addik	r23, r0, 24
        led_set();
        usleep(LED_DELAY_US);
  40:	b000001e 	imm	30
  44:	32608480 	addik	r19, r0, -31616
        printf("led: 0\n\r");
  48:	b0000000 	imm	0
  4c:	32c00024 	addik	r22, r0, 36
   printf("%s\n\r", CONFIG_PRINT_MESSAGE);
  50:	b0000000 	imm	0
  54:	b9f40000 	brlid	r15, 0
  58:	80000000 	or	r0, r0, r0
        printf("led: 1\n\r");
  5c:	b0000000 	imm	0
  60:	b9f40000 	brlid	r15, 0
  64:	10b70000 	addk	r5, r23, r0
        led_set();
  68:	b0000000 	imm	0
  6c:	b9f40000 	brlid	r15, 0
  70:	80000000 	or	r0, r0, r0
        usleep(LED_DELAY_US);
  74:	b0000000 	imm	0
  78:	b9f40000 	brlid	r15, 0
  7c:	10b30000 	addk	r5, r19, r0
        printf("led: 0\n\r");
  80:	b0000000 	imm	0
  84:	b9f40000 	brlid	r15, 0
  88:	10b60000 	addk	r5, r22, r0
        led_clear();
  8c:	b0000000 	imm	0
  90:	b9f40000 	brlid	r15, 0
  94:	80000000 	or	r0, r0, r0
        usleep(LED_DELAY_US);
  98:	b0000000 	imm	0
  9c:	b9f40000 	brlid	r15, 0
  a0:	10b30000 	addk	r5, r19, r0
    while(1){
  a4:	b800ffb8 	bri	-72		// 5c

Disassembly of section .debug_frame:

00000000 <.debug_frame>:
   0:	0000000c 		r0, r0, r0
   4:	ffffffff 	sli	r31, r31, -1
   8:	7f010003 		r24, r1, r0
   c:	00010c0f 		r0, r1, r1
  10:	00000020 		r0, r0, r0
	...
  1c:	000000a8 		r0, r0, r0
  20:	00000404 		r0, r0, r0
  24:	04280e00 	neg	r1, r8
  28:	0000000c 		r0, r0, r0
  2c:	0c93288f 		r4, r19, r5
int main(void){   
  30:	04970896 	neg	r4, r23

Disassembly of section .debug_info:

00000000 <.debug_info>:
   0:	0000017a 		r0, r0, r0
   4:	04010005 	neg	r0, r1
   8:	
Disassembly of section .debug_abbrev:

00000000 <.debug_abbrev>:
   0:	0b002401 		r24, r0, r4
   4:	030b3e0b 		r24, r11, r7
   8:	0200000e 		r16, r0, r0
   c:	18020049 		r0, r2, r0
  10:	0000187e 		r0, r0, r3
  14:	3f002e03 	rsubikc	r24, r0, 11779
  18:	3a0e0319 	addikc	r16, r14, 793
  1c:	390b3b0b 	addikc	r8, r11, 15115
  20:	19270621 		r9, r7, r0
  24:	0000193c 		r0, r0, r3
  28:	7d004804 		r8, r0, r9
  2c:	00137f01 		r0, r19, r15
  30:	01480500 		r10, r8, r0
  34:	137f017d 		r27, r31, r0
  38:	00001301 		r0, r0, r2
  3c:	49000506 		r8, r0, r0
   led_init();
  40:	07000013 	neg	r24, r0
  44:	0e250111 		r17, r5, r0
  48:	1f030b13 		r24, r3, r1
   uart_init();
  4c:	17551f1b 		r26, r21, r3
  50:	17100111 		r24, r16, r0
  54:	24080000 	rsubi	r0, r8, 0
   printf("%s\n\r", CONFIG_PRINT_MESSAGE);
  58:	3e0b0b00 	rsubikc	r16, r11, 2816
  5c:	0008030b 		r0, r8, r0
  60:	00260900 	addl	r1, r6, r1
  64:	00001349 		r0, r0, r2
        printf("led: 1\n\r");
  68:	0300160a 		r24, r0, r2
  6c:	3b0b3a0e 	addikc	r24, r11, 14862
        usleep(LED_DELAY_US);
  70:	490b390b 		r8, r11, r7
  74:	0b000013 		r24, r0, r0
        printf("led: 0\n\r");
  78:	0b0b000f 		r24, r11, r0
  7c:	00001349 		r0, r0, r2
   printf("%s\n\r", CONFIG_PRINT_MESSAGE);
  80:	3f012e0c 	rsubikc	r24, r1, 11788
  84:	3a0e0319 	addikc	r16, r14, 793
  88:	390b3b0b 	addikc	r8, r11, 15115
        printf("led: 1\n\r");
  8c:	3c19270b 	rsubikc	r0, r25, 9995
  90:	00130119 		r0, r19, r0
  94:	012e0d00 		r9, r14, r1
        led_set();
  98:	0e03193f 		r16, r3, r3
  9c:	0b3b0b3a 		r25, r27, r1
  a0:	19270b39 		r9, r7, r1
        usleep(LED_DELAY_US);
  a4:	193c1349 		r9, r28, r2
  a8:	00001301 		r0, r0, r2
  ac:	0000180e 		r0, r0, r3
        printf("led: 0\n\r");
  b0:	012e0f00 		r9, r14, r1
  b4:	0e03193f 		r16, r3, r3
  b8:	0b3b0b3a 		r25, r27, r1
        led_clear();
  bc:	19270b39 		r9, r7, r1
  c0:	01111349 		r8, r17, r2
  c4:	18400612 		r2, r0, r0
        usleep(LED_DELAY_US);
  c8:	0000197a 		r0, r0, r3
  cc:	7d014810 		r8, r1, r9
  d0:	00137f01 		r0, r19, r15
	...

Disassembly of section .debug_aranges:

00000000 <.debug_aranges>:
   0:	0000001c 		r0, r0, r0
   4:	00000002 		r0, r0, r0
   8:	00040000 	add	r0, r4, r0
	...
  14:	000000a8 		r0, r0, r0
	...

Disassembly of section .debug_rnglists:

00000000 <.debug_rnglists>:
   0:	00000010 		r0, r0, r0
   4:	00040005 		r0, r4, r0
   8:	
Disassembly of section .debug_line:

00000000 <.debug_line>:
   0:	00000121 		r0, r0, r0
   4:	00040005 		r0, r4, r0
   8:	00000053 		r0, r0, r0
   c:	f6010101 	shi	r16, r1, 257
  10:	01000df2 		r8, r0, r1
  14:	00010101 		r0, r1, r0
  18:	00010000 	add	r0, r1, r0
  1c:	01010100 	addl	r8, r1, r0
  20:	0006051f 		r0, r6, r0
  24:	00510000 	add	r2, r17, r0
  28:	006d0000 	add	r3, r13, r0
  2c:	005d0000 	add	r2, r29, r0
int main(void){   
  30:	
Disassembly of section .debug_str:

00000000 <.debug_str>:
   0:	676e6f6c 	bslefi	r27, r14, 61, 44
   4:	6e6f6c20 	necaget	r19, rfsl0
   8:	6e692067 	cget	r19, rfsl7
   c:	6e750074 	get	r19, rfsl4
  10:	6e676973 	ncaget	r19, rfsl3
  14:	69206465 	addli	r9, 25701
  18:	6d00746e 	tnecget	r8, rfsl14
  1c:	006e6961 		r3, r14, r13
  20:	20554e47 	addi	r2, r21, 20039
  24:	20373143 	addi	r1, r23, 12611
  28:	322e3131 	addik	r17, r14, 12593
  2c:	2d20302e 	rsubic	r9, r0, 12334
  30:	74696c6d 		r3, r9, r13
  34:	2d656c74 	rsubic	r11, r5, 27764
  38:	69646e65 	addlik	r11, 28261
  3c:	2d206e61 	rsubic	r9, r0, 28257
   led_init();
  40:	2d6c786d 	rsubic	r11, r12, 30829
  44:	72726162 		r19, r18, r12
  48:	732d6c65 		r25, r13, r13
   uart_init();
  4c:	74666968 		r3, r6, r13
  50:	786d2d20 		r3, r13, r5
  54:	61702d6c 	muli	r11, r16, 11628
   printf("%s\n\r", CONFIG_PRINT_MESSAGE);
  58:	72657474 		r19, r5, r14
  5c:	6f632d6e 	ecaget	r27, rfsl14
  60:	7261706d 		r19, r1, r14
  64:	6d2d2065 	cget	r9, rfsl5
        printf("led: 1\n\r");
  68:	3d757063 	rsubikc	r11, r21, 28771
  6c:	2e313176 	rsubic	r17, r17, 12662
        usleep(LED_DELAY_US);
  70:	6d2d2030 	cget	r9, rfsl0
  74:	782d6f6e 		r1, r13, r13
        printf("led: 0\n\r");
  78:	6f732d6c 	ecaget	r27, rfsl12
  7c:	6d2d7466 	tnecget	r9, rfsl6
   printf("%s\n\r", CONFIG_PRINT_MESSAGE);
  80:	2d206c75 	rsubic	r9, r0, 27765
  84:	4f2d2067 	eagetd	r25, r4
  88:	656c0073 	bsrli	r11, r12, 51
        printf("led: 1\n\r");
  8c:	6e695f64 	tneaget	r19, rfsl4
  90:	6c007469 	tnecget	r0, rfsl9
  94:	20676e6f 	addi	r3, r7, 28271
        led_set();
  98:	69736e75 	andnli	r11, 28277
  9c:	64656e67 	bslefi	r3, r5, 57, 39
  a0:	746e6920 		r3, r14, r13
        usleep(LED_DELAY_US);
  a4:	6e6f6c00 	necaget	r19, rfsl0
  a8:	6f6c2067 	cget	r27, rfsl7
  ac:	7520676e 		r9, r0, r12
        printf("led: 0\n\r");
  b0:	6769736e 	bslefi	r27, r9, 13, 46
  b4:	2064656e 	addi	r3, r4, 25966
  b8:	00746e69 		r3, r20, r13
        led_clear();
  bc:	69736e75 	andnli	r11, 28277
  c0:	64656e67 	bslefi	r3, r5, 57, 39
  c4:	61686320 	muli	r11, r8, 25376
        usleep(LED_DELAY_US);
  c8:	73750072 		r27, r21, r0
  cc:	7065656c 		r3, r5, r12
  d0:	61686300 	muli	r11, r8, 25344
    while(1){
  d4:	72700072 		r19, r16, r0
  d8:	66746e69 	bslefi	r19, r20, 57, 41
  dc:	6175005f 	muli	r11, r21, 95
  e0:	695f7472 		r10, r31, r14
  e4:	0074696e 		r3, r20, r13
  e8:	676e6f6c 	bslefi	r27, r14, 61, 44
  ec:	746e6920 		r3, r14, r13
  f0:	64656c00 	bslefi	r3, r5, 48, 0
  f4:	656c635f 	bslefi	r11, r12, 13, 31
  f8:	73007261 		r24, r0, r14
  fc:	74726f68 		r3, r18, r13
 100:	736e7520 		r27, r14, r14
 104:	656e6769 	bslefi	r11, r14, 29, 41
 108:	6e692064 	cget	r19, rfsl4
 10c:	69730074 	andnli	r11, 116
 110:	64656e67 	bslefi	r3, r5, 57, 39
 114:	61686320 	muli	r11, r8, 25376
 118:	6f6c0072 	get	r27, rfsl2
 11c:	6420676e 	bslefi	r1, r0, 29, 46
 120:	6c62756f 	tnecget	r3, rfsl15
 124:	4c550065 	eagetd	r2, r0
 128:	00474e4f 		r2, r7, r9
 12c:	726f6873 		r19, r15, r13
 130:	6e692074 	cget	r19, rfsl4
 134:	656c0074 	bsrli	r11, r12, 52
 138:	65735f64 	bsefi	r11, r19, 61, 36
 13c:	Address 0x000000000000013c is out of bounds.


Disassembly of section .debug_line_str:

00000000 <.debug_line_str>:
   0:	6e697270 	tncget	r19, rfsl0
   4:	682f0074 		r1, r15, r0
   8:	2f656d6f 	rsubic	r27, r5, 28015
   c:	676f626c 	bslefi	r27, r15, 9, 44
  10:	6f6e6164 	ncget	r27, rfsl4
  14:	6f772f76 	ecaget	r27, rfsl6
  18:	70736b72 		r3, r19, r13
  1c:	73656361 		r27, r5, r12
  20:	6c69782f 	tncaget	r3, rfsl15
  24:	5f786e69 		r27, r24, r13
  28:	6b726f77 	xorli	r27, 28535
  2c:	63617073 	muli	r27, r1, 28787
int main(void){   
  30:	39312f65 	addikc	r9, r17, 12133
  34:	6c00375f 	tecget	r0, rfsl15
  38:	682e6465 		r1, r14, r12
  3c:	6c697800 	tncaget	r3, rfsl0
   led_init();
  40:	7079745f 		r3, r25, r14
  44:	682e7365 		r1, r14, r14
  48:	69727000 	xorli	r11, 28672
   uart_init();
  4c:	682e746e 		r1, r14, r14
  50:	72617500 		r19, r1, r14
  54:	616d0074 	muli	r11, r13, 116
   printf("%s\n\r", CONFIG_PRINT_MESSAGE);
  58:	632e6e69 	muli	r25, r14, 28265
  5c:	636e6900 	muli	r27, r14, 26880
  60:	6564756c 	bslefi	r11, r4, 21, 44
  64:	656c7300 	bslefi	r11, r12, 12, 0
        printf("led: 1\n\r");
  68:	682e7065 		r1, r14, r14
  6c:	64656c00 	bslefi	r3, r5, 48, 0
        usleep(LED_DELAY_US);
  70:	72617500 		r19, r1, r14
  74:	00682e74 		r3, r8, r5
